  Determining projects to restore...
  All projects are up-to-date for restore.
  RoslynDiff.Core -> /Users/randlee/Documents/github/roslyn-diff-worktrees/feature/sample-data-validation-tests/src/RoslynDiff.Core/bin/Debug/net10.0/RoslynDiff.Core.dll
  RoslynDiff.Output -> /Users/randlee/Documents/github/roslyn-diff-worktrees/feature/sample-data-validation-tests/src/RoslynDiff.Output/bin/Debug/net10.0/RoslynDiff.Output.dll
  RoslynDiff.TestUtilities -> /Users/randlee/Documents/github/roslyn-diff-worktrees/feature/sample-data-validation-tests/tests/RoslynDiff.TestUtilities/bin/Debug/net10.0/RoslynDiff.TestUtilities.dll
  RoslynDiff.Core.Tests -> /Users/randlee/Documents/github/roslyn-diff-worktrees/feature/sample-data-validation-tests/tests/RoslynDiff.Core.Tests/bin/Debug/net10.0/RoslynDiff.Core.Tests.dll
Test run for /Users/randlee/Documents/github/roslyn-diff-worktrees/feature/sample-data-validation-tests/tests/RoslynDiff.Core.Tests/bin/Debug/net10.0/RoslynDiff.Core.Tests.dll (.NETCoreApp,Version=v10.0)
VSTest version 18.0.1 (arm64)

  RoslynDiff.Cli -> /Users/randlee/Documents/github/roslyn-diff-worktrees/feature/sample-data-validation-tests/src/RoslynDiff.Cli/bin/Debug/net10.0/roslyn-diff.dll
  RoslynDiff.Output.Tests -> /Users/randlee/Documents/github/roslyn-diff-worktrees/feature/sample-data-validation-tests/tests/RoslynDiff.Output.Tests/bin/Debug/net10.0/RoslynDiff.Output.Tests.dll
Test run for /Users/randlee/Documents/github/roslyn-diff-worktrees/feature/sample-data-validation-tests/tests/RoslynDiff.Output.Tests/bin/Debug/net10.0/RoslynDiff.Output.Tests.dll (.NETCoreApp,Version=v10.0)
Starting test execution, please wait...
A total of 1 test files matched the specified pattern.
/Users/randlee/Documents/github/roslyn-diff-worktrees/feature/sample-data-validation-tests/tests/RoslynDiff.Core.Tests/bin/Debug/net10.0/RoslynDiff.Core.Tests.dll
VSTest version 18.0.1 (arm64)

Starting test execution, please wait...
A total of 1 test files matched the specified pattern.
/Users/randlee/Documents/github/roslyn-diff-worktrees/feature/sample-data-validation-tests/tests/RoslynDiff.Output.Tests/bin/Debug/net10.0/RoslynDiff.Output.Tests.dll
  RoslynDiff.Cli.Tests -> /Users/randlee/Documents/github/roslyn-diff-worktrees/feature/sample-data-validation-tests/tests/RoslynDiff.Cli.Tests/bin/Debug/net10.0/RoslynDiff.Cli.Tests.dll
  RoslynDiff.Integration.Tests -> /Users/randlee/Documents/github/roslyn-diff-worktrees/feature/sample-data-validation-tests/tests/RoslynDiff.Integration.Tests/bin/Debug/net10.0/RoslynDiff.Integration.Tests.dll
Test run for /Users/randlee/Documents/github/roslyn-diff-worktrees/feature/sample-data-validation-tests/tests/RoslynDiff.Cli.Tests/bin/Debug/net10.0/RoslynDiff.Cli.Tests.dll (.NETCoreApp,Version=v10.0)
Test run for /Users/randlee/Documents/github/roslyn-diff-worktrees/feature/sample-data-validation-tests/tests/RoslynDiff.Integration.Tests/bin/Debug/net10.0/RoslynDiff.Integration.Tests.dll (.NETCoreApp,Version=v10.0)
VSTest version 18.0.1 (arm64)

VSTest version 18.0.1 (arm64)

Starting test execution, please wait...
Starting test execution, please wait...
[xUnit.net 00:00:00.00] xUnit.net VSTest Adapter v3.1.5+1b188a7b0a (64-bit .NET 10.0.0)
A total of 1 test files matched the specified pattern.
/Users/randlee/Documents/github/roslyn-diff-worktrees/feature/sample-data-validation-tests/tests/RoslynDiff.Cli.Tests/bin/Debug/net10.0/RoslynDiff.Cli.Tests.dll
A total of 1 test files matched the specified pattern.
/Users/randlee/Documents/github/roslyn-diff-worktrees/feature/sample-data-validation-tests/tests/RoslynDiff.Integration.Tests/bin/Debug/net10.0/RoslynDiff.Integration.Tests.dll
[xUnit.net 00:00:00.03]   Discovering: RoslynDiff.Core.Tests
[xUnit.net 00:00:00.06]   Discovered:  RoslynDiff.Core.Tests
No test matches the given testcase filter `FullyQualifiedName~LineNumberIntegrityTests` in /Users/randlee/Documents/github/roslyn-diff-worktrees/feature/sample-data-validation-tests/tests/RoslynDiff.Core.Tests/bin/Debug/net10.0/RoslynDiff.Core.Tests.dll
[xUnit.net 00:00:00.00] xUnit.net VSTest Adapter v3.1.5+1b188a7b0a (64-bit .NET 10.0.0)

[xUnit.net 00:00:00.03]   Discovering: RoslynDiff.Output.Tests
[xUnit.net 00:00:00.04]   Discovered:  RoslynDiff.Output.Tests
No test matches the given testcase filter `FullyQualifiedName~LineNumberIntegrityTests` in /Users/randlee/Documents/github/roslyn-diff-worktrees/feature/sample-data-validation-tests/tests/RoslynDiff.Output.Tests/bin/Debug/net10.0/RoslynDiff.Output.Tests.dll

[xUnit.net 00:00:00.00] xUnit.net VSTest Adapter v3.1.5+1b188a7b0a (64-bit .NET 10.0.0)
[xUnit.net 00:00:00.00] xUnit.net VSTest Adapter v3.1.5+1b188a7b0a (64-bit .NET 10.0.0)
[xUnit.net 00:00:00.03]   Discovering: RoslynDiff.Cli.Tests
[xUnit.net 00:00:00.03]   Discovering: RoslynDiff.Integration.Tests
[xUnit.net 00:00:00.05]   Discovered:  RoslynDiff.Cli.Tests
No test matches the given testcase filter `FullyQualifiedName~LineNumberIntegrityTests` in /Users/randlee/Documents/github/roslyn-diff-worktrees/feature/sample-data-validation-tests/tests/RoslynDiff.Cli.Tests/bin/Debug/net10.0/RoslynDiff.Cli.Tests.dll
[xUnit.net 00:00:00.05]   Discovered:  RoslynDiff.Integration.Tests
[xUnit.net 00:00:00.06]   Starting:    RoslynDiff.Integration.Tests
     Warning:
     The component "Fluent Assertions" is governed by the rules defined in the Xceed License Agreement and
     the Xceed Fluent Assertions Community License. You may use Fluent Assertions free of charge for
     non-commercial use only. An active subscription is required to use Fluent Assertions for commercial use.
     Please contact Xceed Sales mailto:sales@xceed.com to acquire a subscription at a very low cost.
     A paid commercial license supports the development and continued increasing support of
     Fluent Assertions users under both commercial and community licenses. Help us
     keep Fluent Assertions at the forefront of unit testing.
     For more information, visit https://xceed.com/products/unit-testing/fluent-assertions/

[xUnit.net 00:00:00.28]     RoslynDiff.Integration.Tests.SampleValidation.LineNumberIntegrityTests.LineIntegrity005_RoslynMode_SequentialLineNumbers [FAIL]
[xUnit.net 00:00:00.28]       1 of 1 validations failed:
[xUnit.net 00:00:00.28]       - Line Number Integrity Validation: Error during validation: CLI invocation failed with exit code 255: 
[xUnit.net 00:00:00.28]         System.InvalidOperationException: CLI invocation failed with exit code 255: 
[xUnit.net 00:00:00.28]          at RoslynDiff.TestUtilities.Validators.SampleDataValidator.GenerateOutput(String oldFile, String newFile, String format, SampleDataValidatorOptions options) in /Users/randlee/Documents/github/roslyn-diff-worktrees/feature/sample-data-validation-tests/tests/RoslynDiff.TestUtilities/Validators/SampleDataValidator.cs:line 533
[xUnit.net 00:00:00.28]          at RoslynDiff.TestUtilities.Validators.SampleDataValidator.ValidateLineNumberIntegrity(String oldFile, String newFile, SampleDataValidatorOptions options) in /Users/randlee/Documents/github/roslyn-diff-worktrees/feature/sample-data-validation-tests/tests/RoslynDiff.TestUtilities/Validators/SampleDataValidator.cs:line 79
[xUnit.net 00:00:00.28]       Stack Trace:
[xUnit.net 00:00:00.28]         /Users/randlee/Documents/github/roslyn-diff-worktrees/feature/sample-data-validation-tests/tests/RoslynDiff.Integration.Tests/SampleValidation/SampleValidationTestBase.cs(139,0): at RoslynDiff.Integration.Tests.SampleValidation.SampleValidationTestBase.AssertAllPassed(IEnumerable`1 results)
[xUnit.net 00:00:00.28]         /Users/randlee/Documents/github/roslyn-diff-worktrees/feature/sample-data-validation-tests/tests/RoslynDiff.Integration.Tests/SampleValidation/LineNumberIntegrityTests.cs(140,0): at RoslynDiff.Integration.Tests.SampleValidation.LineNumberIntegrityTests.LineIntegrity005_RoslynMode_SequentialLineNumbers()
[xUnit.net 00:00:00.28]            at System.Reflection.MethodBaseInvoker.InterpretedInvoke_Method(Object obj, IntPtr* args)
[xUnit.net 00:00:00.28]            at System.Reflection.MethodBaseInvoker.InvokeWithNoArgs(Object obj, BindingFlags invokeAttr)
[xUnit.net 00:00:00.34]     RoslynDiff.Integration.Tests.SampleValidation.LineNumberIntegrityTests.LineIntegrity006_LineMode_SequentialLineNumbers [FAIL]
[xUnit.net 00:00:00.34]       1 of 1 validations failed:
[xUnit.net 00:00:00.34]       - Line Number Integrity Validation: Error during validation: CLI invocation failed with exit code 255: 
[xUnit.net 00:00:00.34]         System.InvalidOperationException: CLI invocation failed with exit code 255: 
[xUnit.net 00:00:00.34]          at RoslynDiff.TestUtilities.Validators.SampleDataValidator.GenerateOutput(String oldFile, String newFile, String format, SampleDataValidatorOptions options) in /Users/randlee/Documents/github/roslyn-diff-worktrees/feature/sample-data-validation-tests/tests/RoslynDiff.TestUtilities/Validators/SampleDataValidator.cs:line 533
[xUnit.net 00:00:00.34]          at RoslynDiff.TestUtilities.Validators.SampleDataValidator.ValidateLineNumberIntegrity(String oldFile, String newFile, SampleDataValidatorOptions options) in /Users/randlee/Documents/github/roslyn-diff-worktrees/feature/sample-data-validation-tests/tests/RoslynDiff.TestUtilities/Validators/SampleDataValidator.cs:line 79
[xUnit.net 00:00:00.34]       Stack Trace:
[xUnit.net 00:00:00.34]         /Users/randlee/Documents/github/roslyn-diff-worktrees/feature/sample-data-validation-tests/tests/RoslynDiff.Integration.Tests/SampleValidation/SampleValidationTestBase.cs(139,0): at RoslynDiff.Integration.Tests.SampleValidation.SampleValidationTestBase.AssertAllPassed(IEnumerable`1 results)
[xUnit.net 00:00:00.34]         /Users/randlee/Documents/github/roslyn-diff-worktrees/feature/sample-data-validation-tests/tests/RoslynDiff.Integration.Tests/SampleValidation/LineNumberIntegrityTests.cs(163,0): at RoslynDiff.Integration.Tests.SampleValidation.LineNumberIntegrityTests.LineIntegrity006_LineMode_SequentialLineNumbers()
[xUnit.net 00:00:00.34]            at System.Reflection.MethodBaseInvoker.InterpretedInvoke_Method(Object obj, IntPtr* args)
[xUnit.net 00:00:00.34]            at System.Reflection.MethodBaseInvoker.InvokeWithNoArgs(Object obj, BindingFlags invokeAttr)
[xUnit.net 00:00:00.43]     RoslynDiff.Integration.Tests.SampleValidation.LineNumberIntegrityTests.LineIntegrity004_UserService_IntegrityCheck [FAIL]
[xUnit.net 00:00:00.43]       1 of 1 validations failed:
[xUnit.net 00:00:00.43]       - Line Number Integrity Validation: Error during validation: CLI invocation failed with exit code 255: 
[xUnit.net 00:00:00.43]         System.InvalidOperationException: CLI invocation failed with exit code 255: 
[xUnit.net 00:00:00.43]          at RoslynDiff.TestUtilities.Validators.SampleDataValidator.GenerateOutput(String oldFile, String newFile, String format, SampleDataValidatorOptions options) in /Users/randlee/Documents/github/roslyn-diff-worktrees/feature/sample-data-validation-tests/tests/RoslynDiff.TestUtilities/Validators/SampleDataValidator.cs:line 533
[xUnit.net 00:00:00.43]          at RoslynDiff.TestUtilities.Validators.SampleDataValidator.ValidateLineNumberIntegrity(String oldFile, String newFile, SampleDataValidatorOptions options) in /Users/randlee/Documents/github/roslyn-diff-worktrees/feature/sample-data-validation-tests/tests/RoslynDiff.TestUtilities/Validators/SampleDataValidator.cs:line 79
[xUnit.net 00:00:00.43]       Stack Trace:
[xUnit.net 00:00:00.43]         /Users/randlee/Documents/github/roslyn-diff-worktrees/feature/sample-data-validation-tests/tests/RoslynDiff.Integration.Tests/SampleValidation/SampleValidationTestBase.cs(139,0): at RoslynDiff.Integration.Tests.SampleValidation.SampleValidationTestBase.AssertAllPassed(IEnumerable`1 results)
[xUnit.net 00:00:00.43]         /Users/randlee/Documents/github/roslyn-diff-worktrees/feature/sample-data-validation-tests/tests/RoslynDiff.Integration.Tests/SampleValidation/LineNumberIntegrityTests.cs(116,0): at RoslynDiff.Integration.Tests.SampleValidation.LineNumberIntegrityTests.LineIntegrity004_UserService_IntegrityCheck()
[xUnit.net 00:00:00.43]            at System.Reflection.MethodBaseInvoker.InterpretedInvoke_Method(Object obj, IntPtr* args)
[xUnit.net 00:00:00.43]            at System.Reflection.MethodBaseInvoker.InvokeWithNoArgs(Object obj, BindingFlags invokeAttr)
[xUnit.net 00:00:00.61]     RoslynDiff.Integration.Tests.SampleValidation.LineNumberIntegrityTests.LineIntegrity003_Calculator_IntegrityCheck [FAIL]
[xUnit.net 00:00:00.61]       1 of 1 validations failed:
[xUnit.net 00:00:00.61]       - Line Number Integrity Validation: Error during validation: CLI invocation failed with exit code 255: 
[xUnit.net 00:00:00.61]         System.InvalidOperationException: CLI invocation failed with exit code 255: 
[xUnit.net 00:00:00.61]          at RoslynDiff.TestUtilities.Validators.SampleDataValidator.GenerateOutput(String oldFile, String newFile, String format, SampleDataValidatorOptions options) in /Users/randlee/Documents/github/roslyn-diff-worktrees/feature/sample-data-validation-tests/tests/RoslynDiff.TestUtilities/Validators/SampleDataValidator.cs:line 533
[xUnit.net 00:00:00.61]          at RoslynDiff.TestUtilities.Validators.SampleDataValidator.ValidateLineNumberIntegrity(String oldFile, String newFile, SampleDataValidatorOptions options) in /Users/randlee/Documents/github/roslyn-diff-worktrees/feature/sample-data-validation-tests/tests/RoslynDiff.TestUtilities/Validators/SampleDataValidator.cs:line 79
[xUnit.net 00:00:00.61]       Stack Trace:
[xUnit.net 00:00:00.61]         /Users/randlee/Documents/github/roslyn-diff-worktrees/feature/sample-data-validation-tests/tests/RoslynDiff.Integration.Tests/SampleValidation/SampleValidationTestBase.cs(139,0): at RoslynDiff.Integration.Tests.SampleValidation.SampleValidationTestBase.AssertAllPassed(IEnumerable`1 results)
[xUnit.net 00:00:00.61]         /Users/randlee/Documents/github/roslyn-diff-worktrees/feature/sample-data-validation-tests/tests/RoslynDiff.Integration.Tests/SampleValidation/LineNumberIntegrityTests.cs(92,0): at RoslynDiff.Integration.Tests.SampleValidation.LineNumberIntegrityTests.LineIntegrity003_Calculator_IntegrityCheck()
[xUnit.net 00:00:00.61]            at System.Reflection.MethodBaseInvoker.InterpretedInvoke_Method(Object obj, IntPtr* args)
[xUnit.net 00:00:00.61]            at System.Reflection.MethodBaseInvoker.InvokeWithNoArgs(Object obj, BindingFlags invokeAttr)
[xUnit.net 00:00:00.61]   Finished:    RoslynDiff.Integration.Tests
  Passed RoslynDiff.Integration.Tests.SampleValidation.LineNumberIntegrityTests.LineIntegrity001_AllFormats_NoOverlaps [98 ms]
  Failed RoslynDiff.Integration.Tests.SampleValidation.LineNumberIntegrityTests.LineIntegrity005_RoslynMode_SequentialLineNumbers [86 ms]
  Error Message:
   1 of 1 validations failed:
- Line Number Integrity Validation: Error during validation: CLI invocation failed with exit code 255: 
  System.InvalidOperationException: CLI invocation failed with exit code 255: 
   at RoslynDiff.TestUtilities.Validators.SampleDataValidator.GenerateOutput(String oldFile, String newFile, String format, SampleDataValidatorOptions options) in /Users/randlee/Documents/github/roslyn-diff-worktrees/feature/sample-data-validation-tests/tests/RoslynDiff.TestUtilities/Validators/SampleDataValidator.cs:line 533
   at RoslynDiff.TestUtilities.Validators.SampleDataValidator.ValidateLineNumberIntegrity(String oldFile, String newFile, SampleDataValidatorOptions options) in /Users/randlee/Documents/github/roslyn-diff-worktrees/feature/sample-data-validation-tests/tests/RoslynDiff.TestUtilities/Validators/SampleDataValidator.cs:line 79
  Stack Trace:
     at RoslynDiff.Integration.Tests.SampleValidation.SampleValidationTestBase.AssertAllPassed(IEnumerable`1 results) in /Users/randlee/Documents/github/roslyn-diff-worktrees/feature/sample-data-validation-tests/tests/RoslynDiff.Integration.Tests/SampleValidation/SampleValidationTestBase.cs:line 139
   at RoslynDiff.Integration.Tests.SampleValidation.LineNumberIntegrityTests.LineIntegrity005_RoslynMode_SequentialLineNumbers() in /Users/randlee/Documents/github/roslyn-diff-worktrees/feature/sample-data-validation-tests/tests/RoslynDiff.Integration.Tests/SampleValidation/LineNumberIntegrityTests.cs:line 140
   at System.Reflection.MethodBaseInvoker.InterpretedInvoke_Method(Object obj, IntPtr* args)
   at System.Reflection.MethodBaseInvoker.InvokeWithNoArgs(Object obj, BindingFlags invokeAttr)
  Failed RoslynDiff.Integration.Tests.SampleValidation.LineNumberIntegrityTests.LineIntegrity006_LineMode_SequentialLineNumbers [83 ms]
  Error Message:
   1 of 1 validations failed:
- Line Number Integrity Validation: Error during validation: CLI invocation failed with exit code 255: 
  System.InvalidOperationException: CLI invocation failed with exit code 255: 
   at RoslynDiff.TestUtilities.Validators.SampleDataValidator.GenerateOutput(String oldFile, String newFile, String format, SampleDataValidatorOptions options) in /Users/randlee/Documents/github/roslyn-diff-worktrees/feature/sample-data-validation-tests/tests/RoslynDiff.TestUtilities/Validators/SampleDataValidator.cs:line 533
   at RoslynDiff.TestUtilities.Validators.SampleDataValidator.ValidateLineNumberIntegrity(String oldFile, String newFile, SampleDataValidatorOptions options) in /Users/randlee/Documents/github/roslyn-diff-worktrees/feature/sample-data-validation-tests/tests/RoslynDiff.TestUtilities/Validators/SampleDataValidator.cs:line 79
  Stack Trace:
     at RoslynDiff.Integration.Tests.SampleValidation.SampleValidationTestBase.AssertAllPassed(IEnumerable`1 results) in /Users/randlee/Documents/github/roslyn-diff-worktrees/feature/sample-data-validation-tests/tests/RoslynDiff.Integration.Tests/SampleValidation/SampleValidationTestBase.cs:line 139
   at RoslynDiff.Integration.Tests.SampleValidation.LineNumberIntegrityTests.LineIntegrity006_LineMode_SequentialLineNumbers() in /Users/randlee/Documents/github/roslyn-diff-worktrees/feature/sample-data-validation-tests/tests/RoslynDiff.Integration.Tests/SampleValidation/LineNumberIntegrityTests.cs:line 163
   at System.Reflection.MethodBaseInvoker.InterpretedInvoke_Method(Object obj, IntPtr* args)
   at System.Reflection.MethodBaseInvoker.InvokeWithNoArgs(Object obj, BindingFlags invokeAttr)
  Failed RoslynDiff.Integration.Tests.SampleValidation.LineNumberIntegrityTests.LineIntegrity004_UserService_IntegrityCheck [87 ms]
  Error Message:
   1 of 1 validations failed:
- Line Number Integrity Validation: Error during validation: CLI invocation failed with exit code 255: 
  System.InvalidOperationException: CLI invocation failed with exit code 255: 
   at RoslynDiff.TestUtilities.Validators.SampleDataValidator.GenerateOutput(String oldFile, String newFile, String format, SampleDataValidatorOptions options) in /Users/randlee/Documents/github/roslyn-diff-worktrees/feature/sample-data-validation-tests/tests/RoslynDiff.TestUtilities/Validators/SampleDataValidator.cs:line 533
   at RoslynDiff.TestUtilities.Validators.SampleDataValidator.ValidateLineNumberIntegrity(String oldFile, String newFile, SampleDataValidatorOptions options) in /Users/randlee/Documents/github/roslyn-diff-worktrees/feature/sample-data-validation-tests/tests/RoslynDiff.TestUtilities/Validators/SampleDataValidator.cs:line 79
  Stack Trace:
     at RoslynDiff.Integration.Tests.SampleValidation.SampleValidationTestBase.AssertAllPassed(IEnumerable`1 results) in /Users/randlee/Documents/github/roslyn-diff-worktrees/feature/sample-data-validation-tests/tests/RoslynDiff.Integration.Tests/SampleValidation/SampleValidationTestBase.cs:line 139
   at RoslynDiff.Integration.Tests.SampleValidation.LineNumberIntegrityTests.LineIntegrity004_UserService_IntegrityCheck() in /Users/randlee/Documents/github/roslyn-diff-worktrees/feature/sample-data-validation-tests/tests/RoslynDiff.Integration.Tests/SampleValidation/LineNumberIntegrityTests.cs:line 116
   at System.Reflection.MethodBaseInvoker.InterpretedInvoke_Method(Object obj, IntPtr* args)
   at System.Reflection.MethodBaseInvoker.InvokeWithNoArgs(Object obj, BindingFlags invokeAttr)
  Passed RoslynDiff.Integration.Tests.SampleValidation.LineNumberIntegrityTests.LineIntegrity002_AllFormats_NoDuplicates [87 ms]
  Failed RoslynDiff.Integration.Tests.SampleValidation.LineNumberIntegrityTests.LineIntegrity003_Calculator_IntegrityCheck [88 ms]
  Error Message:
   1 of 1 validations failed:
- Line Number Integrity Validation: Error during validation: CLI invocation failed with exit code 255: 
  System.InvalidOperationException: CLI invocation failed with exit code 255: 
   at RoslynDiff.TestUtilities.Validators.SampleDataValidator.GenerateOutput(String oldFile, String newFile, String format, SampleDataValidatorOptions options) in /Users/randlee/Documents/github/roslyn-diff-worktrees/feature/sample-data-validation-tests/tests/RoslynDiff.TestUtilities/Validators/SampleDataValidator.cs:line 533
   at RoslynDiff.TestUtilities.Validators.SampleDataValidator.ValidateLineNumberIntegrity(String oldFile, String newFile, SampleDataValidatorOptions options) in /Users/randlee/Documents/github/roslyn-diff-worktrees/feature/sample-data-validation-tests/tests/RoslynDiff.TestUtilities/Validators/SampleDataValidator.cs:line 79
  Stack Trace:
     at RoslynDiff.Integration.Tests.SampleValidation.SampleValidationTestBase.AssertAllPassed(IEnumerable`1 results) in /Users/randlee/Documents/github/roslyn-diff-worktrees/feature/sample-data-validation-tests/tests/RoslynDiff.Integration.Tests/SampleValidation/SampleValidationTestBase.cs:line 139
   at RoslynDiff.Integration.Tests.SampleValidation.LineNumberIntegrityTests.LineIntegrity003_Calculator_IntegrityCheck() in /Users/randlee/Documents/github/roslyn-diff-worktrees/feature/sample-data-validation-tests/tests/RoslynDiff.Integration.Tests/SampleValidation/LineNumberIntegrityTests.cs:line 92
   at System.Reflection.MethodBaseInvoker.InterpretedInvoke_Method(Object obj, IntPtr* args)
   at System.Reflection.MethodBaseInvoker.InvokeWithNoArgs(Object obj, BindingFlags invokeAttr)

Test Run Failed.
Total tests: 6
     Passed: 2
     Failed: 4
 Total time: 0.8692 Seconds
