  Determining projects to restore...
  All projects are up-to-date for restore.
  RoslynDiff.Core -> /Users/randlee/Documents/github/roslyn-diff-worktrees/feature/sample-data-validation-tests/src/RoslynDiff.Core/bin/Debug/net10.0/RoslynDiff.Core.dll
  RoslynDiff.Output -> /Users/randlee/Documents/github/roslyn-diff-worktrees/feature/sample-data-validation-tests/src/RoslynDiff.Output/bin/Debug/net10.0/RoslynDiff.Output.dll
  RoslynDiff.TestUtilities -> /Users/randlee/Documents/github/roslyn-diff-worktrees/feature/sample-data-validation-tests/tests/RoslynDiff.TestUtilities/bin/Debug/net10.0/RoslynDiff.TestUtilities.dll
  RoslynDiff.Core.Tests -> /Users/randlee/Documents/github/roslyn-diff-worktrees/feature/sample-data-validation-tests/tests/RoslynDiff.Core.Tests/bin/Debug/net10.0/RoslynDiff.Core.Tests.dll
Test run for /Users/randlee/Documents/github/roslyn-diff-worktrees/feature/sample-data-validation-tests/tests/RoslynDiff.Core.Tests/bin/Debug/net10.0/RoslynDiff.Core.Tests.dll (.NETCoreApp,Version=v10.0)
  RoslynDiff.Cli -> /Users/randlee/Documents/github/roslyn-diff-worktrees/feature/sample-data-validation-tests/src/RoslynDiff.Cli/bin/Debug/net10.0/roslyn-diff.dll
VSTest version 18.0.1 (arm64)

  RoslynDiff.Output.Tests -> /Users/randlee/Documents/github/roslyn-diff-worktrees/feature/sample-data-validation-tests/tests/RoslynDiff.Output.Tests/bin/Debug/net10.0/RoslynDiff.Output.Tests.dll
Test run for /Users/randlee/Documents/github/roslyn-diff-worktrees/feature/sample-data-validation-tests/tests/RoslynDiff.Output.Tests/bin/Debug/net10.0/RoslynDiff.Output.Tests.dll (.NETCoreApp,Version=v10.0)
Starting test execution, please wait...
A total of 1 test files matched the specified pattern.
/Users/randlee/Documents/github/roslyn-diff-worktrees/feature/sample-data-validation-tests/tests/RoslynDiff.Core.Tests/bin/Debug/net10.0/RoslynDiff.Core.Tests.dll
VSTest version 18.0.1 (arm64)

Starting test execution, please wait...
  RoslynDiff.Cli.Tests -> /Users/randlee/Documents/github/roslyn-diff-worktrees/feature/sample-data-validation-tests/tests/RoslynDiff.Cli.Tests/bin/Debug/net10.0/RoslynDiff.Cli.Tests.dll
A total of 1 test files matched the specified pattern.
/Users/randlee/Documents/github/roslyn-diff-worktrees/feature/sample-data-validation-tests/tests/RoslynDiff.Output.Tests/bin/Debug/net10.0/RoslynDiff.Output.Tests.dll
  RoslynDiff.Integration.Tests -> /Users/randlee/Documents/github/roslyn-diff-worktrees/feature/sample-data-validation-tests/tests/RoslynDiff.Integration.Tests/bin/Debug/net10.0/RoslynDiff.Integration.Tests.dll
Test run for /Users/randlee/Documents/github/roslyn-diff-worktrees/feature/sample-data-validation-tests/tests/RoslynDiff.Cli.Tests/bin/Debug/net10.0/RoslynDiff.Cli.Tests.dll (.NETCoreApp,Version=v10.0)
Test run for /Users/randlee/Documents/github/roslyn-diff-worktrees/feature/sample-data-validation-tests/tests/RoslynDiff.Integration.Tests/bin/Debug/net10.0/RoslynDiff.Integration.Tests.dll (.NETCoreApp,Version=v10.0)
VSTest version 18.0.1 (arm64)

VSTest version 18.0.1 (arm64)

Starting test execution, please wait...
Starting test execution, please wait...
A total of 1 test files matched the specified pattern.
/Users/randlee/Documents/github/roslyn-diff-worktrees/feature/sample-data-validation-tests/tests/RoslynDiff.Cli.Tests/bin/Debug/net10.0/RoslynDiff.Cli.Tests.dll
A total of 1 test files matched the specified pattern.
/Users/randlee/Documents/github/roslyn-diff-worktrees/feature/sample-data-validation-tests/tests/RoslynDiff.Integration.Tests/bin/Debug/net10.0/RoslynDiff.Integration.Tests.dll
[xUnit.net 00:00:00.00] xUnit.net VSTest Adapter v3.1.5+1b188a7b0a (64-bit .NET 10.0.0)
[xUnit.net 00:00:00.03]   Discovering: RoslynDiff.Core.Tests
[xUnit.net 00:00:00.06]   Discovered:  RoslynDiff.Core.Tests
No test matches the given testcase filter `Category=SampleValidation` in /Users/randlee/Documents/github/roslyn-diff-worktrees/feature/sample-data-validation-tests/tests/RoslynDiff.Core.Tests/bin/Debug/net10.0/RoslynDiff.Core.Tests.dll
[xUnit.net 00:00:00.00] xUnit.net VSTest Adapter v3.1.5+1b188a7b0a (64-bit .NET 10.0.0)

[xUnit.net 00:00:00.04]   Discovering: RoslynDiff.Output.Tests
[xUnit.net 00:00:00.05]   Discovered:  RoslynDiff.Output.Tests
No test matches the given testcase filter `Category=SampleValidation` in /Users/randlee/Documents/github/roslyn-diff-worktrees/feature/sample-data-validation-tests/tests/RoslynDiff.Output.Tests/bin/Debug/net10.0/RoslynDiff.Output.Tests.dll

[xUnit.net 00:00:00.00] xUnit.net VSTest Adapter v3.1.5+1b188a7b0a (64-bit .NET 10.0.0)
[xUnit.net 00:00:00.00] xUnit.net VSTest Adapter v3.1.5+1b188a7b0a (64-bit .NET 10.0.0)
[xUnit.net 00:00:00.03]   Discovering: RoslynDiff.Cli.Tests
[xUnit.net 00:00:00.04]   Discovering: RoslynDiff.Integration.Tests
[xUnit.net 00:00:00.05]   Discovered:  RoslynDiff.Cli.Tests
No test matches the given testcase filter `Category=SampleValidation` in /Users/randlee/Documents/github/roslyn-diff-worktrees/feature/sample-data-validation-tests/tests/RoslynDiff.Cli.Tests/bin/Debug/net10.0/RoslynDiff.Cli.Tests.dll
[xUnit.net 00:00:00.07]   Discovered:  RoslynDiff.Integration.Tests
[xUnit.net 00:00:00.08]   Starting:    RoslynDiff.Integration.Tests

     Warning:
     The component "Fluent Assertions" is governed by the rules defined in the Xceed License Agreement and
     the Xceed Fluent Assertions Community License. You may use Fluent Assertions free of charge for
     non-commercial use only. An active subscription is required to use Fluent Assertions for commercial use.
     Please contact Xceed Sales mailto:sales@xceed.com to acquire a subscription at a very low cost.
     A paid commercial license supports the development and continued increasing support of
     Fluent Assertions users under both commercial and community licenses. Help us
     keep Fluent Assertions at the forefront of unit testing.
     For more information, visit https://xceed.com/products/unit-testing/fluent-assertions/
[xUnit.net 00:00:00.36]     RoslynDiff.Integration.Tests.SampleValidation.CrossFormatConsistencyTests.Xfmt004_AllFormats_LineMode_Agreement [FAIL]
[xUnit.net 00:00:00.38]       1 of 1 validations failed:
[xUnit.net 00:00:00.38]       - Cross-Format Consistency Validation: Error during validation: CLI invocation failed with exit code 255: 
[xUnit.net 00:00:00.38]         System.InvalidOperationException: CLI invocation failed with exit code 255: 
[xUnit.net 00:00:00.38]          at RoslynDiff.TestUtilities.Validators.SampleDataValidator.GenerateOutput(String oldFile, String newFile, String format, SampleDataValidatorOptions options) in /Users/randlee/Documents/github/roslyn-diff-worktrees/feature/sample-data-validation-tests/tests/RoslynDiff.TestUtilities/Validators/SampleDataValidator.cs:line 533
[xUnit.net 00:00:00.38]          at RoslynDiff.TestUtilities.Validators.SampleDataValidator.ValidateCrossFormatConsistency(String oldFile, String newFile, SampleDataValidatorOptions options) in /Users/randlee/Documents/github/roslyn-diff-worktrees/feature/sample-data-validation-tests/tests/RoslynDiff.TestUtilities/Validators/SampleDataValidator.cs:line 346
[xUnit.net 00:00:00.38]       Stack Trace:
[xUnit.net 00:00:00.38]         /Users/randlee/Documents/github/roslyn-diff-worktrees/feature/sample-data-validation-tests/tests/RoslynDiff.Integration.Tests/SampleValidation/SampleValidationTestBase.cs(139,0): at RoslynDiff.Integration.Tests.SampleValidation.SampleValidationTestBase.AssertAllPassed(IEnumerable`1 results)
[xUnit.net 00:00:00.38]         /Users/randlee/Documents/github/roslyn-diff-worktrees/feature/sample-data-validation-tests/tests/RoslynDiff.Integration.Tests/SampleValidation/CrossFormatConsistencyTests.cs(115,0): at RoslynDiff.Integration.Tests.SampleValidation.CrossFormatConsistencyTests.Xfmt004_AllFormats_LineMode_Agreement()
[xUnit.net 00:00:00.38]            at System.Reflection.MethodBaseInvoker.InterpretedInvoke_Method(Object obj, IntPtr* args)
[xUnit.net 00:00:00.38]            at System.Reflection.MethodBaseInvoker.InvokeWithNoArgs(Object obj, BindingFlags invokeAttr)
[xUnit.net 00:00:00.40]     RoslynDiff.Integration.Tests.SampleValidation.HtmlConsistencyTests.Html001_FlagCombinationConsistency_HtmlToFile [FAIL]
[xUnit.net 00:00:00.40]       1 of 1 validations failed:
[xUnit.net 00:00:00.40]       - HTML Consistency Validation: Error during validation: CLI invocation failed with exit code 255: 
[xUnit.net 00:00:00.40]         System.InvalidOperationException: CLI invocation failed with exit code 255: 
[xUnit.net 00:00:00.40]          at RoslynDiff.TestUtilities.Validators.SampleDataValidator.GenerateOutput(String oldFile, String newFile, String format, SampleDataValidatorOptions options) in /Users/randlee/Documents/github/roslyn-diff-worktrees/feature/sample-data-validation-tests/tests/RoslynDiff.TestUtilities/Validators/SampleDataValidator.cs:line 533
[xUnit.net 00:00:00.40]          at RoslynDiff.TestUtilities.Validators.SampleDataValidator.ValidateHtmlConsistency(String oldFile, String newFile, SampleDataValidatorOptions options) in /Users/randlee/Documents/github/roslyn-diff-worktrees/feature/sample-data-validation-tests/tests/RoslynDiff.TestUtilities/Validators/SampleDataValidator.cs:line 265
[xUnit.net 00:00:00.40]       Stack Trace:
[xUnit.net 00:00:00.40]         /Users/randlee/Documents/github/roslyn-diff-worktrees/feature/sample-data-validation-tests/tests/RoslynDiff.Integration.Tests/SampleValidation/SampleValidationTestBase.cs(139,0): at RoslynDiff.Integration.Tests.SampleValidation.SampleValidationTestBase.AssertAllPassed(IEnumerable`1 results)
[xUnit.net 00:00:00.40]         /Users/randlee/Documents/github/roslyn-diff-worktrees/feature/sample-data-validation-tests/tests/RoslynDiff.Integration.Tests/SampleValidation/HtmlConsistencyTests.cs(34,0): at RoslynDiff.Integration.Tests.SampleValidation.HtmlConsistencyTests.Html001_FlagCombinationConsistency_HtmlToFile()
[xUnit.net 00:00:00.40]            at System.Reflection.MethodBaseInvoker.InterpretedInvoke_Method(Object obj, IntPtr* args)
[xUnit.net 00:00:00.40]            at System.Reflection.MethodBaseInvoker.InvokeWithNoArgs(Object obj, BindingFlags invokeAttr)
  Passed RoslynDiff.Integration.Tests.SampleValidation.SampleCoverageTests.Samp004_SampleCount_MatchesExpected [124 ms]
  Passed RoslynDiff.Integration.Tests.SampleValidation.LineNumberIntegrityTests.LineIntegrity001_AllFormats_NoOverlaps [146 ms]
  Passed RoslynDiff.Integration.Tests.SampleValidation.ExternalToolCompatibilityTests.Ext002_RoslynDiffGit_VsGitDiff [146 ms]
  Failed RoslynDiff.Integration.Tests.SampleValidation.CrossFormatConsistencyTests.Xfmt004_AllFormats_LineMode_Agreement [188 ms]
  Error Message:
   1 of 1 validations failed:
- Cross-Format Consistency Validation: Error during validation: CLI invocation failed with exit code 255: 
  System.InvalidOperationException: CLI invocation failed with exit code 255: 
   at RoslynDiff.TestUtilities.Validators.SampleDataValidator.GenerateOutput(String oldFile, String newFile, String format, SampleDataValidatorOptions options) in /Users/randlee/Documents/github/roslyn-diff-worktrees/feature/sample-data-validation-tests/tests/RoslynDiff.TestUtilities/Validators/SampleDataValidator.cs:line 533
   at RoslynDiff.TestUtilities.Validators.SampleDataValidator.ValidateCrossFormatConsistency(String oldFile, String newFile, SampleDataValidatorOptions options) in /Users/randlee/Documents/github/roslyn-diff-worktrees/feature/sample-data-validation-tests/tests/RoslynDiff.TestUtilities/Validators/SampleDataValidator.cs:line 346
  Stack Trace:
     at RoslynDiff.Integration.Tests.SampleValidation.SampleValidationTestBase.AssertAllPassed(IEnumerable`1 results) in /Users/randlee/Documents/github/roslyn-diff-worktrees/feature/sample-data-validation-tests/tests/RoslynDiff.Integration.Tests/SampleValidation/SampleValidationTestBase.cs:line 139
   at RoslynDiff.Integration.Tests.SampleValidation.CrossFormatConsistencyTests.Xfmt004_AllFormats_LineMode_Agreement() in /Users/randlee/Documents/github/roslyn-diff-worktrees/feature/sample-data-validation-tests/tests/RoslynDiff.Integration.Tests/SampleValidation/CrossFormatConsistencyTests.cs:line 115
   at System.Reflection.MethodBaseInvoker.InterpretedInvoke_Method(Object obj, IntPtr* args)
   at System.Reflection.MethodBaseInvoker.InvokeWithNoArgs(Object obj, BindingFlags invokeAttr)
  Failed RoslynDiff.Integration.Tests.SampleValidation.HtmlConsistencyTests.Html001_FlagCombinationConsistency_HtmlToFile [187 ms]
  Error Message:
   1 of 1 validations failed:
- HTML Consistency Validation: Error during validation: CLI invocation failed with exit code 255: 
  System.InvalidOperationException: CLI invocation failed with exit code 255: 
   at RoslynDiff.TestUtilities.Validators.SampleDataValidator.GenerateOutput(String oldFile, String newFile, String format, SampleDataValidatorOptions options) in /Users/randlee/Documents/github/roslyn-diff-worktrees/feature/sample-data-validation-tests/tests/RoslynDiff.TestUtilities/Validators/SampleDataValidator.cs:line 533
   at RoslynDiff.TestUtilities.Validators.SampleDataValidator.ValidateHtmlConsistency(String oldFile, String newFile, SampleDataValidatorOptions options) in /Users/randlee/Documents/github/roslyn-diff-worktrees/feature/sample-data-validation-tests/tests/RoslynDiff.TestUtilities/Validators/SampleDataValidator.cs:line 265
  Stack Trace:
     at RoslynDiff.Integration.Tests.SampleValidation.SampleValidationTestBase.AssertAllPassed(IEnumerable`1 results) in /Users/randlee/Documents/github/roslyn-diff-worktrees/feature/sample-data-validation-tests/tests/RoslynDiff.Integration.Tests/SampleValidation/SampleValidationTestBase.cs:line 139
   at RoslynDiff.Integration.Tests.SampleValidation.HtmlConsistencyTests.Html001_FlagCombinationConsistency_HtmlToFile() in /Users/randlee/Documents/github/roslyn-diff-worktrees/feature/sample-data-validation-tests/tests/RoslynDiff.Integration.Tests/SampleValidation/HtmlConsistencyTests.cs:line 34
   at System.Reflection.MethodBaseInvoker.InterpretedInvoke_Method(Object obj, IntPtr* args)
   at System.Reflection.MethodBaseInvoker.InvokeWithNoArgs(Object obj, BindingFlags invokeAttr)
[xUnit.net 00:00:00.72]     RoslynDiff.Integration.Tests.SampleValidation.JsonConsistencyTests.Json007_LineMode_Calculator_ValidatesSuccessfully [FAIL]
[xUnit.net 00:00:00.72]       1 of 1 validations failed:
[xUnit.net 00:00:00.72]       - JSON Consistency Validation: Error during validation: CLI invocation failed with exit code 255: 
[xUnit.net 00:00:00.72]         System.InvalidOperationException: CLI invocation failed with exit code 255: 
[xUnit.net 00:00:00.72]          at RoslynDiff.TestUtilities.Validators.SampleDataValidator.GenerateOutput(String oldFile, String newFile, String format, SampleDataValidatorOptions options) in /Users/randlee/Documents/github/roslyn-diff-worktrees/feature/sample-data-validation-tests/tests/RoslynDiff.TestUtilities/Validators/SampleDataValidator.cs:line 533
[xUnit.net 00:00:00.72]          at RoslynDiff.TestUtilities.Validators.SampleDataValidator.ValidateJsonConsistency(String oldFile, String newFile, SampleDataValidatorOptions options) in /Users/randlee/Documents/github/roslyn-diff-worktrees/feature/sample-data-validation-tests/tests/RoslynDiff.TestUtilities/Validators/SampleDataValidator.cs:line 185
[xUnit.net 00:00:00.72]       Stack Trace:
[xUnit.net 00:00:00.72]         /Users/randlee/Documents/github/roslyn-diff-worktrees/feature/sample-data-validation-tests/tests/RoslynDiff.Integration.Tests/SampleValidation/SampleValidationTestBase.cs(139,0): at RoslynDiff.Integration.Tests.SampleValidation.SampleValidationTestBase.AssertAllPassed(IEnumerable`1 results)
[xUnit.net 00:00:00.72]         /Users/randlee/Documents/github/roslyn-diff-worktrees/feature/sample-data-validation-tests/tests/RoslynDiff.Integration.Tests/SampleValidation/JsonConsistencyTests.cs(198,0): at RoslynDiff.Integration.Tests.SampleValidation.JsonConsistencyTests.Json007_LineMode_Calculator_ValidatesSuccessfully()
[xUnit.net 00:00:00.72]            at System.Reflection.MethodBaseInvoker.InterpretedInvoke_Method(Object obj, IntPtr* args)
[xUnit.net 00:00:00.72]            at System.Reflection.MethodBaseInvoker.InvokeWithNoArgs(Object obj, BindingFlags invokeAttr)
[xUnit.net 00:00:00.74]     RoslynDiff.Integration.Tests.SampleValidation.LineNumberIntegrityTests.LineIntegrity005_RoslynMode_SequentialLineNumbers [FAIL]
[xUnit.net 00:00:00.74]       1 of 1 validations failed:
[xUnit.net 00:00:00.74]       - Line Number Integrity Validation: Error during validation: CLI invocation failed with exit code 255: 
[xUnit.net 00:00:00.74]         System.InvalidOperationException: CLI invocation failed with exit code 255: 
[xUnit.net 00:00:00.74]          at RoslynDiff.TestUtilities.Validators.SampleDataValidator.GenerateOutput(String oldFile, String newFile, String format, SampleDataValidatorOptions options) in /Users/randlee/Documents/github/roslyn-diff-worktrees/feature/sample-data-validation-tests/tests/RoslynDiff.TestUtilities/Validators/SampleDataValidator.cs:line 533
[xUnit.net 00:00:00.74]          at RoslynDiff.TestUtilities.Validators.SampleDataValidator.ValidateLineNumberIntegrity(String oldFile, String newFile, SampleDataValidatorOptions options) in /Users/randlee/Documents/github/roslyn-diff-worktrees/feature/sample-data-validation-tests/tests/RoslynDiff.TestUtilities/Validators/SampleDataValidator.cs:line 79
[xUnit.net 00:00:00.74]       Stack Trace:
[xUnit.net 00:00:00.74]         /Users/randlee/Documents/github/roslyn-diff-worktrees/feature/sample-data-validation-tests/tests/RoslynDiff.Integration.Tests/SampleValidation/SampleValidationTestBase.cs(139,0): at RoslynDiff.Integration.Tests.SampleValidation.SampleValidationTestBase.AssertAllPassed(IEnumerable`1 results)
[xUnit.net 00:00:00.74]         /Users/randlee/Documents/github/roslyn-diff-worktrees/feature/sample-data-validation-tests/tests/RoslynDiff.Integration.Tests/SampleValidation/LineNumberIntegrityTests.cs(140,0): at RoslynDiff.Integration.Tests.SampleValidation.LineNumberIntegrityTests.LineIntegrity005_RoslynMode_SequentialLineNumbers()
[xUnit.net 00:00:00.74]            at System.Reflection.MethodBaseInvoker.InterpretedInvoke_Method(Object obj, IntPtr* args)
[xUnit.net 00:00:00.74]            at System.Reflection.MethodBaseInvoker.InvokeWithNoArgs(Object obj, BindingFlags invokeAttr)
[xUnit.net 00:00:00.74]     RoslynDiff.Integration.Tests.SampleValidation.ExternalToolCompatibilityTests.Ext001_RoslynDiffGit_VsStandardDiff [FAIL]
[xUnit.net 00:00:00.74]       1 of 1 validations failed:
[xUnit.net 00:00:00.74]       - Line Number Integrity Validation: Error during validation: CLI invocation failed with exit code 255: 
[xUnit.net 00:00:00.74]         System.InvalidOperationException: CLI invocation failed with exit code 255: 
[xUnit.net 00:00:00.74]          at RoslynDiff.TestUtilities.Validators.SampleDataValidator.GenerateOutput(String oldFile, String newFile, String format, SampleDataValidatorOptions options) in /Users/randlee/Documents/github/roslyn-diff-worktrees/feature/sample-data-validation-tests/tests/RoslynDiff.TestUtilities/Validators/SampleDataValidator.cs:line 533
[xUnit.net 00:00:00.74]          at RoslynDiff.TestUtilities.Validators.SampleDataValidator.ValidateLineNumberIntegrity(String oldFile, String newFile, SampleDataValidatorOptions options) in /Users/randlee/Documents/github/roslyn-diff-worktrees/feature/sample-data-validation-tests/tests/RoslynDiff.TestUtilities/Validators/SampleDataValidator.cs:line 79
[xUnit.net 00:00:00.74]       Stack Trace:
[xUnit.net 00:00:00.74]         /Users/randlee/Documents/github/roslyn-diff-worktrees/feature/sample-data-validation-tests/tests/RoslynDiff.Integration.Tests/SampleValidation/SampleValidationTestBase.cs(139,0): at RoslynDiff.Integration.Tests.SampleValidation.SampleValidationTestBase.AssertAllPassed(IEnumerable`1 results)
[xUnit.net 00:00:00.74]         /Users/randlee/Documents/github/roslyn-diff-worktrees/feature/sample-data-validation-tests/tests/RoslynDiff.Integration.Tests/SampleValidation/ExternalToolCompatibilityTests.cs(96,0): at RoslynDiff.Integration.Tests.SampleValidation.ExternalToolCompatibilityTests.Ext001_RoslynDiffGit_VsStandardDiff()
[xUnit.net 00:00:00.74]            at System.Reflection.MethodBaseInvoker.InterpretedInvoke_Method(Object obj, IntPtr* args)
[xUnit.net 00:00:00.74]            at System.Reflection.MethodBaseInvoker.InvokeWithNoArgs(Object obj, BindingFlags invokeAttr)
[xUnit.net 00:00:00.74]     RoslynDiff.Integration.Tests.SampleValidation.JsonConsistencyTests.Json005_UserService_ValidatesSuccessfully [FAIL]
[xUnit.net 00:00:00.74]       1 of 1 validations failed:
[xUnit.net 00:00:00.74]       - JSON Consistency Validation: Error during validation: CLI invocation failed with exit code 255: 
[xUnit.net 00:00:00.74]         System.InvalidOperationException: CLI invocation failed with exit code 255: 
[xUnit.net 00:00:00.74]          at RoslynDiff.TestUtilities.Validators.SampleDataValidator.GenerateOutput(String oldFile, String newFile, String format, SampleDataValidatorOptions options) in /Users/randlee/Documents/github/roslyn-diff-worktrees/feature/sample-data-validation-tests/tests/RoslynDiff.TestUtilities/Validators/SampleDataValidator.cs:line 533
[xUnit.net 00:00:00.74]          at RoslynDiff.TestUtilities.Validators.SampleDataValidator.ValidateJsonConsistency(String oldFile, String newFile, SampleDataValidatorOptions options) in /Users/randlee/Documents/github/roslyn-diff-worktrees/feature/sample-data-validation-tests/tests/RoslynDiff.TestUtilities/Validators/SampleDataValidator.cs:line 185
[xUnit.net 00:00:00.74]       Stack Trace:
[xUnit.net 00:00:00.74]         /Users/randlee/Documents/github/roslyn-diff-worktrees/feature/sample-data-validation-tests/tests/RoslynDiff.Integration.Tests/SampleValidation/SampleValidationTestBase.cs(139,0): at RoslynDiff.Integration.Tests.SampleValidation.SampleValidationTestBase.AssertAllPassed(IEnumerable`1 results)
[xUnit.net 00:00:00.74]         /Users/randlee/Documents/github/roslyn-diff-worktrees/feature/sample-data-validation-tests/tests/RoslynDiff.Integration.Tests/SampleValidation/JsonConsistencyTests.cs(135,0): at RoslynDiff.Integration.Tests.SampleValidation.JsonConsistencyTests.Json005_UserService_ValidatesSuccessfully()
[xUnit.net 00:00:00.74]            at System.Reflection.MethodBaseInvoker.InterpretedInvoke_Method(Object obj, IntPtr* args)
[xUnit.net 00:00:00.74]            at System.Reflection.MethodBaseInvoker.InvokeWithNoArgs(Object obj, BindingFlags invokeAttr)
  Failed RoslynDiff.Integration.Tests.SampleValidation.JsonConsistencyTests.Json007_LineMode_Calculator_ValidatesSuccessfully [267 ms]
  Error Message:
   1 of 1 validations failed:
- JSON Consistency Validation: Error during validation: CLI invocation failed with exit code 255: 
  System.InvalidOperationException: CLI invocation failed with exit code 255: 
   at RoslynDiff.TestUtilities.Validators.SampleDataValidator.GenerateOutput(String oldFile, String newFile, String format, SampleDataValidatorOptions options) in /Users/randlee/Documents/github/roslyn-diff-worktrees/feature/sample-data-validation-tests/tests/RoslynDiff.TestUtilities/Validators/SampleDataValidator.cs:line 533
   at RoslynDiff.TestUtilities.Validators.SampleDataValidator.ValidateJsonConsistency(String oldFile, String newFile, SampleDataValidatorOptions options) in /Users/randlee/Documents/github/roslyn-diff-worktrees/feature/sample-data-validation-tests/tests/RoslynDiff.TestUtilities/Validators/SampleDataValidator.cs:line 185
  Stack Trace:
     at RoslynDiff.Integration.Tests.SampleValidation.SampleValidationTestBase.AssertAllPassed(IEnumerable`1 results) in /Users/randlee/Documents/github/roslyn-diff-worktrees/feature/sample-data-validation-tests/tests/RoslynDiff.Integration.Tests/SampleValidation/SampleValidationTestBase.cs:line 139
   at RoslynDiff.Integration.Tests.SampleValidation.JsonConsistencyTests.Json007_LineMode_Calculator_ValidatesSuccessfully() in /Users/randlee/Documents/github/roslyn-diff-worktrees/feature/sample-data-validation-tests/tests/RoslynDiff.Integration.Tests/SampleValidation/JsonConsistencyTests.cs:line 198
   at System.Reflection.MethodBaseInvoker.InterpretedInvoke_Method(Object obj, IntPtr* args)
   at System.Reflection.MethodBaseInvoker.InvokeWithNoArgs(Object obj, BindingFlags invokeAttr)
  Failed RoslynDiff.Integration.Tests.SampleValidation.LineNumberIntegrityTests.LineIntegrity005_RoslynMode_SequentialLineNumbers [141 ms]
  Error Message:
   1 of 1 validations failed:
- Line Number Integrity Validation: Error during validation: CLI invocation failed with exit code 255: 
  System.InvalidOperationException: CLI invocation failed with exit code 255: 
   at RoslynDiff.TestUtilities.Validators.SampleDataValidator.GenerateOutput(String oldFile, String newFile, String format, SampleDataValidatorOptions options) in /Users/randlee/Documents/github/roslyn-diff-worktrees/feature/sample-data-validation-tests/tests/RoslynDiff.TestUtilities/Validators/SampleDataValidator.cs:line 533
   at RoslynDiff.TestUtilities.Validators.SampleDataValidator.ValidateLineNumberIntegrity(String oldFile, String newFile, SampleDataValidatorOptions options) in /Users/randlee/Documents/github/roslyn-diff-worktrees/feature/sample-data-validation-tests/tests/RoslynDiff.TestUtilities/Validators/SampleDataValidator.cs:line 79
  Stack Trace:
     at RoslynDiff.Integration.Tests.SampleValidation.SampleValidationTestBase.AssertAllPassed(IEnumerable`1 results) in /Users/randlee/Documents/github/roslyn-diff-worktrees/feature/sample-data-validation-tests/tests/RoslynDiff.Integration.Tests/SampleValidation/SampleValidationTestBase.cs:line 139
   at RoslynDiff.Integration.Tests.SampleValidation.LineNumberIntegrityTests.LineIntegrity005_RoslynMode_SequentialLineNumbers() in /Users/randlee/Documents/github/roslyn-diff-worktrees/feature/sample-data-validation-tests/tests/RoslynDiff.Integration.Tests/SampleValidation/LineNumberIntegrityTests.cs:line 140
   at System.Reflection.MethodBaseInvoker.InterpretedInvoke_Method(Object obj, IntPtr* args)
   at System.Reflection.MethodBaseInvoker.InvokeWithNoArgs(Object obj, BindingFlags invokeAttr)
  Passed RoslynDiff.Integration.Tests.SampleValidation.CrossFormatConsistencyTests.Xfmt001_JsonVsHtml_LineNumbersMatch [141 ms]
  Failed RoslynDiff.Integration.Tests.SampleValidation.ExternalToolCompatibilityTests.Ext001_RoslynDiffGit_VsStandardDiff [204 ms]
  Error Message:
   1 of 1 validations failed:
- Line Number Integrity Validation: Error during validation: CLI invocation failed with exit code 255: 
  System.InvalidOperationException: CLI invocation failed with exit code 255: 
   at RoslynDiff.TestUtilities.Validators.SampleDataValidator.GenerateOutput(String oldFile, String newFile, String format, SampleDataValidatorOptions options) in /Users/randlee/Documents/github/roslyn-diff-worktrees/feature/sample-data-validation-tests/tests/RoslynDiff.TestUtilities/Validators/SampleDataValidator.cs:line 533
   at RoslynDiff.TestUtilities.Validators.SampleDataValidator.ValidateLineNumberIntegrity(String oldFile, String newFile, SampleDataValidatorOptions options) in /Users/randlee/Documents/github/roslyn-diff-worktrees/feature/sample-data-validation-tests/tests/RoslynDiff.TestUtilities/Validators/SampleDataValidator.cs:line 79
  Stack Trace:
     at RoslynDiff.Integration.Tests.SampleValidation.SampleValidationTestBase.AssertAllPassed(IEnumerable`1 results) in /Users/randlee/Documents/github/roslyn-diff-worktrees/feature/sample-data-validation-tests/tests/RoslynDiff.Integration.Tests/SampleValidation/SampleValidationTestBase.cs:line 139
   at RoslynDiff.Integration.Tests.SampleValidation.ExternalToolCompatibilityTests.Ext001_RoslynDiffGit_VsStandardDiff() in /Users/randlee/Documents/github/roslyn-diff-worktrees/feature/sample-data-validation-tests/tests/RoslynDiff.Integration.Tests/SampleValidation/ExternalToolCompatibilityTests.cs:line 96
   at System.Reflection.MethodBaseInvoker.InterpretedInvoke_Method(Object obj, IntPtr* args)
   at System.Reflection.MethodBaseInvoker.InvokeWithNoArgs(Object obj, BindingFlags invokeAttr)
  Failed RoslynDiff.Integration.Tests.SampleValidation.JsonConsistencyTests.Json005_UserService_ValidatesSuccessfully [126 ms]
  Error Message:
   1 of 1 validations failed:
- JSON Consistency Validation: Error during validation: CLI invocation failed with exit code 255: 
  System.InvalidOperationException: CLI invocation failed with exit code 255: 
   at RoslynDiff.TestUtilities.Validators.SampleDataValidator.GenerateOutput(String oldFile, String newFile, String format, SampleDataValidatorOptions options) in /Users/randlee/Documents/github/roslyn-diff-worktrees/feature/sample-data-validation-tests/tests/RoslynDiff.TestUtilities/Validators/SampleDataValidator.cs:line 533
   at RoslynDiff.TestUtilities.Validators.SampleDataValidator.ValidateJsonConsistency(String oldFile, String newFile, SampleDataValidatorOptions options) in /Users/randlee/Documents/github/roslyn-diff-worktrees/feature/sample-data-validation-tests/tests/RoslynDiff.TestUtilities/Validators/SampleDataValidator.cs:line 185
  Stack Trace:
     at RoslynDiff.Integration.Tests.SampleValidation.SampleValidationTestBase.AssertAllPassed(IEnumerable`1 results) in /Users/randlee/Documents/github/roslyn-diff-worktrees/feature/sample-data-validation-tests/tests/RoslynDiff.Integration.Tests/SampleValidation/SampleValidationTestBase.cs:line 139
   at RoslynDiff.Integration.Tests.SampleValidation.JsonConsistencyTests.Json005_UserService_ValidatesSuccessfully() in /Users/randlee/Documents/github/roslyn-diff-worktrees/feature/sample-data-validation-tests/tests/RoslynDiff.Integration.Tests/SampleValidation/JsonConsistencyTests.cs:line 135
   at System.Reflection.MethodBaseInvoker.InterpretedInvoke_Method(Object obj, IntPtr* args)
   at System.Reflection.MethodBaseInvoker.InvokeWithNoArgs(Object obj, BindingFlags invokeAttr)
[xUnit.net 00:00:00.76]     RoslynDiff.Integration.Tests.SampleValidation.LineNumberIntegrityTests.LineIntegrity006_LineMode_SequentialLineNumbers [FAIL]
[xUnit.net 00:00:00.76]       1 of 1 validations failed:
[xUnit.net 00:00:00.76]       - Line Number Integrity Validation: Error during validation: CLI invocation failed with exit code 255: 
[xUnit.net 00:00:00.76]         System.InvalidOperationException: CLI invocation failed with exit code 255: 
[xUnit.net 00:00:00.76]          at RoslynDiff.TestUtilities.Validators.SampleDataValidator.GenerateOutput(String oldFile, String newFile, String format, SampleDataValidatorOptions options) in /Users/randlee/Documents/github/roslyn-diff-worktrees/feature/sample-data-validation-tests/tests/RoslynDiff.TestUtilities/Validators/SampleDataValidator.cs:line 533
[xUnit.net 00:00:00.76]          at RoslynDiff.TestUtilities.Validators.SampleDataValidator.ValidateLineNumberIntegrity(String oldFile, String newFile, SampleDataValidatorOptions options) in /Users/randlee/Documents/github/roslyn-diff-worktrees/feature/sample-data-validation-tests/tests/RoslynDiff.TestUtilities/Validators/SampleDataValidator.cs:line 79
[xUnit.net 00:00:00.76]       Stack Trace:
[xUnit.net 00:00:00.76]         /Users/randlee/Documents/github/roslyn-diff-worktrees/feature/sample-data-validation-tests/tests/RoslynDiff.Integration.Tests/SampleValidation/SampleValidationTestBase.cs(139,0): at RoslynDiff.Integration.Tests.SampleValidation.SampleValidationTestBase.AssertAllPassed(IEnumerable`1 results)
[xUnit.net 00:00:00.76]         /Users/randlee/Documents/github/roslyn-diff-worktrees/feature/sample-data-validation-tests/tests/RoslynDiff.Integration.Tests/SampleValidation/LineNumberIntegrityTests.cs(163,0): at RoslynDiff.Integration.Tests.SampleValidation.LineNumberIntegrityTests.LineIntegrity006_LineMode_SequentialLineNumbers()
[xUnit.net 00:00:00.76]            at System.Reflection.MethodBaseInvoker.InterpretedInvoke_Method(Object obj, IntPtr* args)
[xUnit.net 00:00:00.76]            at System.Reflection.MethodBaseInvoker.InvokeWithNoArgs(Object obj, BindingFlags invokeAttr)
[xUnit.net 00:00:00.76]     RoslynDiff.Integration.Tests.SampleValidation.HtmlConsistencyTests.Html006_AllSamples_HtmlParseable [FAIL]
[xUnit.net 00:00:00.76]       2 of 2 validations failed:
[xUnit.net 00:00:00.76]       - HTML Consistency Validation: Error during validation: CLI invocation failed with exit code 255: 
[xUnit.net 00:00:00.76]         System.InvalidOperationException: CLI invocation failed with exit code 255: 
[xUnit.net 00:00:00.76]          at RoslynDiff.TestUtilities.Validators.SampleDataValidator.GenerateOutput(String oldFile, String newFile, String format, SampleDataValidatorOptions options) in /Users/randlee/Documents/github/roslyn-diff-worktrees/feature/sample-data-validation-tests/tests/RoslynDiff.TestUtilities/Validators/SampleDataValidator.cs:line 533
[xUnit.net 00:00:00.76]          at RoslynDiff.TestUtilities.Validators.SampleDataValidator.ValidateHtmlConsistency(String oldFile, String newFile, SampleDataValidatorOptions options) in /Users/randlee/Documents/github/roslyn-diff-worktrees/feature/sample-data-validation-tests/tests/RoslynDiff.TestUtilities/Validators/SampleDataValidator.cs:line 265
[xUnit.net 00:00:00.76]       - HTML Consistency Validation: Error during validation: CLI invocation failed with exit code 255: 
[xUnit.net 00:00:00.76]         System.InvalidOperationException: CLI invocation failed with exit code 255: 
[xUnit.net 00:00:00.76]          at RoslynDiff.TestUtilities.Validators.SampleDataValidator.GenerateOutput(String oldFile, String newFile, String format, SampleDataValidatorOptions options) in /Users/randlee/Documents/github/roslyn-diff-worktrees/feature/sample-data-validation-tests/tests/RoslynDiff.TestUtilities/Validators/SampleDataValidator.cs:line 533
[xUnit.net 00:00:00.76]          at RoslynDiff.TestUtilities.Validators.SampleDataValidator.ValidateHtmlConsistency(String oldFile, String newFile, SampleDataValidatorOptions options) in /Users/randlee/Documents/github/roslyn-diff-worktrees/feature/sample-data-validation-tests/tests/RoslynDiff.TestUtilities/Validators/SampleDataValidator.cs:line 265
[xUnit.net 00:00:00.76]       Stack Trace:
[xUnit.net 00:00:00.76]         /Users/randlee/Documents/github/roslyn-diff-worktrees/feature/sample-data-validation-tests/tests/RoslynDiff.Integration.Tests/SampleValidation/SampleValidationTestBase.cs(139,0): at RoslynDiff.Integration.Tests.SampleValidation.SampleValidationTestBase.AssertAllPassed(IEnumerable`1 results)
[xUnit.net 00:00:00.76]         /Users/randlee/Documents/github/roslyn-diff-worktrees/feature/sample-data-validation-tests/tests/RoslynDiff.Integration.Tests/SampleValidation/HtmlConsistencyTests.cs(180,0): at RoslynDiff.Integration.Tests.SampleValidation.HtmlConsistencyTests.Html006_AllSamples_HtmlParseable()
[xUnit.net 00:00:00.76]            at System.Reflection.MethodBaseInvoker.InterpretedInvoke_Method(Object obj, IntPtr* args)
[xUnit.net 00:00:00.76]            at System.Reflection.MethodBaseInvoker.InvokeWithNoArgs(Object obj, BindingFlags invokeAttr)
[xUnit.net 00:00:00.76]     RoslynDiff.Integration.Tests.SampleValidation.CrossFormatConsistencyTests.Xfmt006_UserService_AllFormatsConsistent [FAIL]
[xUnit.net 00:00:00.76]       1 of 1 validations failed:
[xUnit.net 00:00:00.76]       - Cross-Format Consistency Validation: Error during validation: CLI invocation failed with exit code 255: 
[xUnit.net 00:00:00.76]         System.InvalidOperationException: CLI invocation failed with exit code 255: 
[xUnit.net 00:00:00.76]          at RoslynDiff.TestUtilities.Validators.SampleDataValidator.GenerateOutput(String oldFile, String newFile, String format, SampleDataValidatorOptions options) in /Users/randlee/Documents/github/roslyn-diff-worktrees/feature/sample-data-validation-tests/tests/RoslynDiff.TestUtilities/Validators/SampleDataValidator.cs:line 533
[xUnit.net 00:00:00.76]          at RoslynDiff.TestUtilities.Validators.SampleDataValidator.ValidateCrossFormatConsistency(String oldFile, String newFile, SampleDataValidatorOptions options) in /Users/randlee/Documents/github/roslyn-diff-worktrees/feature/sample-data-validation-tests/tests/RoslynDiff.TestUtilities/Validators/SampleDataValidator.cs:line 346
[xUnit.net 00:00:00.76]       Stack Trace:
[xUnit.net 00:00:00.76]         /Users/randlee/Documents/github/roslyn-diff-worktrees/feature/sample-data-validation-tests/tests/RoslynDiff.Integration.Tests/SampleValidation/SampleValidationTestBase.cs(139,0): at RoslynDiff.Integration.Tests.SampleValidation.SampleValidationTestBase.AssertAllPassed(IEnumerable`1 results)
[xUnit.net 00:00:00.76]         /Users/randlee/Documents/github/roslyn-diff-worktrees/feature/sample-data-validation-tests/tests/RoslynDiff.Integration.Tests/SampleValidation/CrossFormatConsistencyTests.cs(162,0): at RoslynDiff.Integration.Tests.SampleValidation.CrossFormatConsistencyTests.Xfmt006_UserService_AllFormatsConsistent()
[xUnit.net 00:00:00.76]            at System.Reflection.MethodBaseInvoker.InterpretedInvoke_Method(Object obj, IntPtr* args)
[xUnit.net 00:00:00.76]            at System.Reflection.MethodBaseInvoker.InvokeWithNoArgs(Object obj, BindingFlags invokeAttr)
[xUnit.net 00:00:00.76]     RoslynDiff.Integration.Tests.SampleValidation.LineNumberIntegrityTests.LineIntegrity004_UserService_IntegrityCheck [FAIL]
[xUnit.net 00:00:00.76]       1 of 1 validations failed:
[xUnit.net 00:00:00.76]       - Line Number Integrity Validation: Error during validation: CLI invocation failed with exit code 255: 
[xUnit.net 00:00:00.76]         System.InvalidOperationException: CLI invocation failed with exit code 255: 
[xUnit.net 00:00:00.76]          at RoslynDiff.TestUtilities.Validators.SampleDataValidator.GenerateOutput(String oldFile, String newFile, String format, SampleDataValidatorOptions options) in /Users/randlee/Documents/github/roslyn-diff-worktrees/feature/sample-data-validation-tests/tests/RoslynDiff.TestUtilities/Validators/SampleDataValidator.cs:line 533
[xUnit.net 00:00:00.76]          at RoslynDiff.TestUtilities.Validators.SampleDataValidator.ValidateLineNumberIntegrity(String oldFile, String newFile, SampleDataValidatorOptions options) in /Users/randlee/Documents/github/roslyn-diff-worktrees/feature/sample-data-validation-tests/tests/RoslynDiff.TestUtilities/Validators/SampleDataValidator.cs:line 79
[xUnit.net 00:00:00.76]       Stack Trace:
[xUnit.net 00:00:00.76]         /Users/randlee/Documents/github/roslyn-diff-worktrees/feature/sample-data-validation-tests/tests/RoslynDiff.Integration.Tests/SampleValidation/SampleValidationTestBase.cs(139,0): at RoslynDiff.Integration.Tests.SampleValidation.SampleValidationTestBase.AssertAllPassed(IEnumerable`1 results)
[xUnit.net 00:00:00.76]         /Users/randlee/Documents/github/roslyn-diff-worktrees/feature/sample-data-validation-tests/tests/RoslynDiff.Integration.Tests/SampleValidation/LineNumberIntegrityTests.cs(116,0): at RoslynDiff.Integration.Tests.SampleValidation.LineNumberIntegrityTests.LineIntegrity004_UserService_IntegrityCheck()
[xUnit.net 00:00:00.76]            at System.Reflection.MethodBaseInvoker.InterpretedInvoke_Method(Object obj, IntPtr* args)
[xUnit.net 00:00:00.76]            at System.Reflection.MethodBaseInvoker.InvokeWithNoArgs(Object obj, BindingFlags invokeAttr)
  Failed RoslynDiff.Integration.Tests.SampleValidation.LineNumberIntegrityTests.LineIntegrity006_LineMode_SequentialLineNumbers [127 ms]
  Error Message:
   1 of 1 validations failed:
- Line Number Integrity Validation: Error during validation: CLI invocation failed with exit code 255: 
  System.InvalidOperationException: CLI invocation failed with exit code 255: 
   at RoslynDiff.TestUtilities.Validators.SampleDataValidator.GenerateOutput(String oldFile, String newFile, String format, SampleDataValidatorOptions options) in /Users/randlee/Documents/github/roslyn-diff-worktrees/feature/sample-data-validation-tests/tests/RoslynDiff.TestUtilities/Validators/SampleDataValidator.cs:line 533
   at RoslynDiff.TestUtilities.Validators.SampleDataValidator.ValidateLineNumberIntegrity(String oldFile, String newFile, SampleDataValidatorOptions options) in /Users/randlee/Documents/github/roslyn-diff-worktrees/feature/sample-data-validation-tests/tests/RoslynDiff.TestUtilities/Validators/SampleDataValidator.cs:line 79
  Stack Trace:
     at RoslynDiff.Integration.Tests.SampleValidation.SampleValidationTestBase.AssertAllPassed(IEnumerable`1 results) in /Users/randlee/Documents/github/roslyn-diff-worktrees/feature/sample-data-validation-tests/tests/RoslynDiff.Integration.Tests/SampleValidation/SampleValidationTestBase.cs:line 139
   at RoslynDiff.Integration.Tests.SampleValidation.LineNumberIntegrityTests.LineIntegrity006_LineMode_SequentialLineNumbers() in /Users/randlee/Documents/github/roslyn-diff-worktrees/feature/sample-data-validation-tests/tests/RoslynDiff.Integration.Tests/SampleValidation/LineNumberIntegrityTests.cs:line 163
   at System.Reflection.MethodBaseInvoker.InterpretedInvoke_Method(Object obj, IntPtr* args)
   at System.Reflection.MethodBaseInvoker.InvokeWithNoArgs(Object obj, BindingFlags invokeAttr)
  Failed RoslynDiff.Integration.Tests.SampleValidation.HtmlConsistencyTests.Html006_AllSamples_HtmlParseable [247 ms]
  Error Message:
   2 of 2 validations failed:
- HTML Consistency Validation: Error during validation: CLI invocation failed with exit code 255: 
  System.InvalidOperationException: CLI invocation failed with exit code 255: 
   at RoslynDiff.TestUtilities.Validators.SampleDataValidator.GenerateOutput(String oldFile, String newFile, String format, SampleDataValidatorOptions options) in /Users/randlee/Documents/github/roslyn-diff-worktrees/feature/sample-data-validation-tests/tests/RoslynDiff.TestUtilities/Validators/SampleDataValidator.cs:line 533
   at RoslynDiff.TestUtilities.Validators.SampleDataValidator.ValidateHtmlConsistency(String oldFile, String newFile, SampleDataValidatorOptions options) in /Users/randlee/Documents/github/roslyn-diff-worktrees/feature/sample-data-validation-tests/tests/RoslynDiff.TestUtilities/Validators/SampleDataValidator.cs:line 265
- HTML Consistency Validation: Error during validation: CLI invocation failed with exit code 255: 
  System.InvalidOperationException: CLI invocation failed with exit code 255: 
   at RoslynDiff.TestUtilities.Validators.SampleDataValidator.GenerateOutput(String oldFile, String newFile, String format, SampleDataValidatorOptions options) in /Users/randlee/Documents/github/roslyn-diff-worktrees/feature/sample-data-validation-tests/tests/RoslynDiff.TestUtilities/Validators/SampleDataValidator.cs:line 533
   at RoslynDiff.TestUtilities.Validators.SampleDataValidator.ValidateHtmlConsistency(String oldFile, String newFile, SampleDataValidatorOptions options) in /Users/randlee/Documents/github/roslyn-diff-worktrees/feature/sample-data-validation-tests/tests/RoslynDiff.TestUtilities/Validators/SampleDataValidator.cs:line 265
  Stack Trace:
     at RoslynDiff.Integration.Tests.SampleValidation.SampleValidationTestBase.AssertAllPassed(IEnumerable`1 results) in /Users/randlee/Documents/github/roslyn-diff-worktrees/feature/sample-data-validation-tests/tests/RoslynDiff.Integration.Tests/SampleValidation/SampleValidationTestBase.cs:line 139
   at RoslynDiff.Integration.Tests.SampleValidation.HtmlConsistencyTests.Html006_AllSamples_HtmlParseable() in /Users/randlee/Documents/github/roslyn-diff-worktrees/feature/sample-data-validation-tests/tests/RoslynDiff.Integration.Tests/SampleValidation/HtmlConsistencyTests.cs:line 180
   at System.Reflection.MethodBaseInvoker.InterpretedInvoke_Method(Object obj, IntPtr* args)
   at System.Reflection.MethodBaseInvoker.InvokeWithNoArgs(Object obj, BindingFlags invokeAttr)
  Failed RoslynDiff.Integration.Tests.SampleValidation.CrossFormatConsistencyTests.Xfmt006_UserService_AllFormatsConsistent [127 ms]
  Error Message:
   1 of 1 validations failed:
- Cross-Format Consistency Validation: Error during validation: CLI invocation failed with exit code 255: 
  System.InvalidOperationException: CLI invocation failed with exit code 255: 
   at RoslynDiff.TestUtilities.Validators.SampleDataValidator.GenerateOutput(String oldFile, String newFile, String format, SampleDataValidatorOptions options) in /Users/randlee/Documents/github/roslyn-diff-worktrees/feature/sample-data-validation-tests/tests/RoslynDiff.TestUtilities/Validators/SampleDataValidator.cs:line 533
   at RoslynDiff.TestUtilities.Validators.SampleDataValidator.ValidateCrossFormatConsistency(String oldFile, String newFile, SampleDataValidatorOptions options) in /Users/randlee/Documents/github/roslyn-diff-worktrees/feature/sample-data-validation-tests/tests/RoslynDiff.TestUtilities/Validators/SampleDataValidator.cs:line 346
  Stack Trace:
     at RoslynDiff.Integration.Tests.SampleValidation.SampleValidationTestBase.AssertAllPassed(IEnumerable`1 results) in /Users/randlee/Documents/github/roslyn-diff-worktrees/feature/sample-data-validation-tests/tests/RoslynDiff.Integration.Tests/SampleValidation/SampleValidationTestBase.cs:line 139
   at RoslynDiff.Integration.Tests.SampleValidation.CrossFormatConsistencyTests.Xfmt006_UserService_AllFormatsConsistent() in /Users/randlee/Documents/github/roslyn-diff-worktrees/feature/sample-data-validation-tests/tests/RoslynDiff.Integration.Tests/SampleValidation/CrossFormatConsistencyTests.cs:line 162
   at System.Reflection.MethodBaseInvoker.InterpretedInvoke_Method(Object obj, IntPtr* args)
   at System.Reflection.MethodBaseInvoker.InvokeWithNoArgs(Object obj, BindingFlags invokeAttr)
  Passed RoslynDiff.Integration.Tests.SampleValidation.JsonConsistencyTests.Json003_LineNumberIntegrity_NoDuplicates [105 ms]
  Failed RoslynDiff.Integration.Tests.SampleValidation.LineNumberIntegrityTests.LineIntegrity004_UserService_IntegrityCheck [107 ms]
  Error Message:
   1 of 1 validations failed:
- Line Number Integrity Validation: Error during validation: CLI invocation failed with exit code 255: 
  System.InvalidOperationException: CLI invocation failed with exit code 255: 
   at RoslynDiff.TestUtilities.Validators.SampleDataValidator.GenerateOutput(String oldFile, String newFile, String format, SampleDataValidatorOptions options) in /Users/randlee/Documents/github/roslyn-diff-worktrees/feature/sample-data-validation-tests/tests/RoslynDiff.TestUtilities/Validators/SampleDataValidator.cs:line 533
   at RoslynDiff.TestUtilities.Validators.SampleDataValidator.ValidateLineNumberIntegrity(String oldFile, String newFile, SampleDataValidatorOptions options) in /Users/randlee/Documents/github/roslyn-diff-worktrees/feature/sample-data-validation-tests/tests/RoslynDiff.TestUtilities/Validators/SampleDataValidator.cs:line 79
  Stack Trace:
     at RoslynDiff.Integration.Tests.SampleValidation.SampleValidationTestBase.AssertAllPassed(IEnumerable`1 results) in /Users/randlee/Documents/github/roslyn-diff-worktrees/feature/sample-data-validation-tests/tests/RoslynDiff.Integration.Tests/SampleValidation/SampleValidationTestBase.cs:line 139
   at RoslynDiff.Integration.Tests.SampleValidation.LineNumberIntegrityTests.LineIntegrity004_UserService_IntegrityCheck() in /Users/randlee/Documents/github/roslyn-diff-worktrees/feature/sample-data-validation-tests/tests/RoslynDiff.Integration.Tests/SampleValidation/LineNumberIntegrityTests.cs:line 116
   at System.Reflection.MethodBaseInvoker.InterpretedInvoke_Method(Object obj, IntPtr* args)
   at System.Reflection.MethodBaseInvoker.InvokeWithNoArgs(Object obj, BindingFlags invokeAttr)
  Passed RoslynDiff.Integration.Tests.SampleValidation.HtmlConsistencyTests.Html003_DataAttributeConsistency_MatchVisualDisplay [109 ms]
[xUnit.net 00:00:00.78]     RoslynDiff.Integration.Tests.SampleValidation.CrossFormatConsistencyTests.Xfmt005_Calculator_AllFormatsConsistent [FAIL]
[xUnit.net 00:00:00.78]       1 of 1 validations failed:
[xUnit.net 00:00:00.78]       - Cross-Format Consistency Validation: Error during validation: CLI invocation failed with exit code 255: 
[xUnit.net 00:00:00.78]         System.InvalidOperationException: CLI invocation failed with exit code 255: 
[xUnit.net 00:00:00.78]          at RoslynDiff.TestUtilities.Validators.SampleDataValidator.GenerateOutput(String oldFile, String newFile, String format, SampleDataValidatorOptions options) in /Users/randlee/Documents/github/roslyn-diff-worktrees/feature/sample-data-validation-tests/tests/RoslynDiff.TestUtilities/Validators/SampleDataValidator.cs:line 533
[xUnit.net 00:00:00.78]          at RoslynDiff.TestUtilities.Validators.SampleDataValidator.ValidateCrossFormatConsistency(String oldFile, String newFile, SampleDataValidatorOptions options) in /Users/randlee/Documents/github/roslyn-diff-worktrees/feature/sample-data-validation-tests/tests/RoslynDiff.TestUtilities/Validators/SampleDataValidator.cs:line 346
[xUnit.net 00:00:00.78]       Stack Trace:
[xUnit.net 00:00:00.78]         /Users/randlee/Documents/github/roslyn-diff-worktrees/feature/sample-data-validation-tests/tests/RoslynDiff.Integration.Tests/SampleValidation/SampleValidationTestBase.cs(139,0): at RoslynDiff.Integration.Tests.SampleValidation.SampleValidationTestBase.AssertAllPassed(IEnumerable`1 results)
[xUnit.net 00:00:00.78]         /Users/randlee/Documents/github/roslyn-diff-worktrees/feature/sample-data-validation-tests/tests/RoslynDiff.Integration.Tests/SampleValidation/CrossFormatConsistencyTests.cs(138,0): at RoslynDiff.Integration.Tests.SampleValidation.CrossFormatConsistencyTests.Xfmt005_Calculator_AllFormatsConsistent()
[xUnit.net 00:00:00.78]            at System.Reflection.MethodBaseInvoker.InterpretedInvoke_Method(Object obj, IntPtr* args)
[xUnit.net 00:00:00.78]            at System.Reflection.MethodBaseInvoker.InvokeWithNoArgs(Object obj, BindingFlags invokeAttr)
[xUnit.net 00:00:00.78]     RoslynDiff.Integration.Tests.SampleValidation.ExternalToolCompatibilityTests.Ext004_UnifiedDiffFormat_ValidatesCorrectly [FAIL]
[xUnit.net 00:00:00.78]       Expected result.Passed to be True because Line Number Integrity Validation should pass. Error during validation: CLI invocation failed with exit code 255:
[xUnit.net 00:00:00.78]       Issues: System.InvalidOperationException: CLI invocation failed with exit code 255:
[xUnit.net 00:00:00.78]          at RoslynDiff.TestUtilities.Validators.SampleDataValidator.GenerateOutput(String oldFile, String newFile, String format, SampleDataValidatorOptions options) in /Users/randlee/Documents/github/roslyn-diff-worktrees/feature/sample-data-validation-tests/tests/RoslynDiff.TestUtilities/Validators/SampleDataValidator.cs:line 533
[xUnit.net 00:00:00.78]          at RoslynDiff.TestUtilities.Validators.SampleDataValidator.ValidateLineNumberIntegrity(String oldFile, String newFile, SampleDataValidatorOptions options) in /Users/randlee/Documents/github/roslyn-diff-worktrees/feature/sample-data-validation-tests/tests/RoslynDiff.TestUtilities/Validators/SampleDataValidator.cs:line 79, but found False.
[xUnit.net 00:00:00.78]       Stack Trace:
[xUnit.net 00:00:00.78]            at FluentAssertions.Execution.LateBoundTestFramework.Throw(String message)
[xUnit.net 00:00:00.78]            at FluentAssertions.Execution.DefaultAssertionStrategy.HandleFailure(String message)
[xUnit.net 00:00:00.78]            at FluentAssertions.Execution.AssertionScope.AddPreFormattedFailure(String formattedFailureMessage)
[xUnit.net 00:00:00.78]            at FluentAssertions.Execution.AssertionChain.FailWith(Func`1 getFailureReason)
[xUnit.net 00:00:00.78]            at FluentAssertions.Execution.AssertionChain.FailWith(Func`1 getFailureReason)
[xUnit.net 00:00:00.78]            at FluentAssertions.Execution.AssertionChain.FailWith(String message, Object[] args)
[xUnit.net 00:00:00.78]            at FluentAssertions.Primitives.BooleanAssertions`1.BeTrue(String because, Object[] becauseArgs)
[xUnit.net 00:00:00.78]         /Users/randlee/Documents/github/roslyn-diff-worktrees/feature/sample-data-validation-tests/tests/RoslynDiff.Integration.Tests/SampleValidation/SampleValidationTestBase.cs(106,0): at RoslynDiff.Integration.Tests.SampleValidation.SampleValidationTestBase.AssertPassed(TestResult result)
[xUnit.net 00:00:00.78]         /Users/randlee/Documents/github/roslyn-diff-worktrees/feature/sample-data-validation-tests/tests/RoslynDiff.Integration.Tests/SampleValidation/ExternalToolCompatibilityTests.cs(189,0): at RoslynDiff.Integration.Tests.SampleValidation.ExternalToolCompatibilityTests.Ext004_UnifiedDiffFormat_ValidatesCorrectly()
[xUnit.net 00:00:00.78]            at System.Reflection.MethodBaseInvoker.InterpretedInvoke_Method(Object obj, IntPtr* args)
[xUnit.net 00:00:00.78]            at System.Reflection.MethodBaseInvoker.InvokeWithNoArgs(Object obj, BindingFlags invokeAttr)
  Passed RoslynDiff.Integration.Tests.SampleValidation.CrossFormatConsistencyTests.Xfmt003_AllFormats_RoslynMode_Agreement [110 ms]
  Passed RoslynDiff.Integration.Tests.SampleValidation.JsonConsistencyTests.Json002_LineNumberIntegrity_NoOverlaps [107 ms]
  Passed RoslynDiff.Integration.Tests.SampleValidation.LineNumberIntegrityTests.LineIntegrity002_AllFormats_NoDuplicates [104 ms]
  Passed RoslynDiff.Integration.Tests.SampleValidation.HtmlConsistencyTests.Html002_SectionLineNumberIntegrity_NoOverlaps [102 ms]
  Failed RoslynDiff.Integration.Tests.SampleValidation.CrossFormatConsistencyTests.Xfmt005_Calculator_AllFormatsConsistent [125 ms]
  Error Message:
   1 of 1 validations failed:
- Cross-Format Consistency Validation: Error during validation: CLI invocation failed with exit code 255: 
  System.InvalidOperationException: CLI invocation failed with exit code 255: 
   at RoslynDiff.TestUtilities.Validators.SampleDataValidator.GenerateOutput(String oldFile, String newFile, String format, SampleDataValidatorOptions options) in /Users/randlee/Documents/github/roslyn-diff-worktrees/feature/sample-data-validation-tests/tests/RoslynDiff.TestUtilities/Validators/SampleDataValidator.cs:line 533
   at RoslynDiff.TestUtilities.Validators.SampleDataValidator.ValidateCrossFormatConsistency(String oldFile, String newFile, SampleDataValidatorOptions options) in /Users/randlee/Documents/github/roslyn-diff-worktrees/feature/sample-data-validation-tests/tests/RoslynDiff.TestUtilities/Validators/SampleDataValidator.cs:line 346
  Stack Trace:
     at RoslynDiff.Integration.Tests.SampleValidation.SampleValidationTestBase.AssertAllPassed(IEnumerable`1 results) in /Users/randlee/Documents/github/roslyn-diff-worktrees/feature/sample-data-validation-tests/tests/RoslynDiff.Integration.Tests/SampleValidation/SampleValidationTestBase.cs:line 139
   at RoslynDiff.Integration.Tests.SampleValidation.CrossFormatConsistencyTests.Xfmt005_Calculator_AllFormatsConsistent() in /Users/randlee/Documents/github/roslyn-diff-worktrees/feature/sample-data-validation-tests/tests/RoslynDiff.Integration.Tests/SampleValidation/CrossFormatConsistencyTests.cs:line 138
   at System.Reflection.MethodBaseInvoker.InterpretedInvoke_Method(Object obj, IntPtr* args)
   at System.Reflection.MethodBaseInvoker.InvokeWithNoArgs(Object obj, BindingFlags invokeAttr)
  Failed RoslynDiff.Integration.Tests.SampleValidation.ExternalToolCompatibilityTests.Ext004_UnifiedDiffFormat_ValidatesCorrectly [342 ms]
  Error Message:
   Expected result.Passed to be True because Line Number Integrity Validation should pass. Error during validation: CLI invocation failed with exit code 255:
Issues: System.InvalidOperationException: CLI invocation failed with exit code 255:
   at RoslynDiff.TestUtilities.Validators.SampleDataValidator.GenerateOutput(String oldFile, String newFile, String format, SampleDataValidatorOptions options) in /Users/randlee/Documents/github/roslyn-diff-worktrees/feature/sample-data-validation-tests/tests/RoslynDiff.TestUtilities/Validators/SampleDataValidator.cs:line 533
   at RoslynDiff.TestUtilities.Validators.SampleDataValidator.ValidateLineNumberIntegrity(String oldFile, String newFile, SampleDataValidatorOptions options) in /Users/randlee/Documents/github/roslyn-diff-worktrees/feature/sample-data-validation-tests/tests/RoslynDiff.TestUtilities/Validators/SampleDataValidator.cs:line 79, but found False.
  Stack Trace:
     at FluentAssertions.Execution.LateBoundTestFramework.Throw(String message)
   at FluentAssertions.Execution.DefaultAssertionStrategy.HandleFailure(String message)
   at FluentAssertions.Execution.AssertionScope.AddPreFormattedFailure(String formattedFailureMessage)
   at FluentAssertions.Execution.AssertionChain.FailWith(Func`1 getFailureReason)
   at FluentAssertions.Execution.AssertionChain.FailWith(Func`1 getFailureReason)
   at FluentAssertions.Execution.AssertionChain.FailWith(String message, Object[] args)
   at FluentAssertions.Primitives.BooleanAssertions`1.BeTrue(String because, Object[] becauseArgs)
   at RoslynDiff.Integration.Tests.SampleValidation.SampleValidationTestBase.AssertPassed(TestResult result) in /Users/randlee/Documents/github/roslyn-diff-worktrees/feature/sample-data-validation-tests/tests/RoslynDiff.Integration.Tests/SampleValidation/SampleValidationTestBase.cs:line 106
   at RoslynDiff.Integration.Tests.SampleValidation.ExternalToolCompatibilityTests.Ext004_UnifiedDiffFormat_ValidatesCorrectly() in /Users/randlee/Documents/github/roslyn-diff-worktrees/feature/sample-data-validation-tests/tests/RoslynDiff.Integration.Tests/SampleValidation/ExternalToolCompatibilityTests.cs:line 189
   at System.Reflection.MethodBaseInvoker.InterpretedInvoke_Method(Object obj, IntPtr* args)
   at System.Reflection.MethodBaseInvoker.InvokeWithNoArgs(Object obj, BindingFlags invokeAttr)
[xUnit.net 00:00:00.84]     RoslynDiff.Integration.Tests.SampleValidation.LineNumberIntegrityTests.LineIntegrity003_Calculator_IntegrityCheck [FAIL]
[xUnit.net 00:00:00.84]       1 of 1 validations failed:
[xUnit.net 00:00:00.84]       - Line Number Integrity Validation: Error during validation: CLI invocation failed with exit code 255: 
[xUnit.net 00:00:00.84]         System.InvalidOperationException: CLI invocation failed with exit code 255: 
[xUnit.net 00:00:00.84]          at RoslynDiff.TestUtilities.Validators.SampleDataValidator.GenerateOutput(String oldFile, String newFile, String format, SampleDataValidatorOptions options) in /Users/randlee/Documents/github/roslyn-diff-worktrees/feature/sample-data-validation-tests/tests/RoslynDiff.TestUtilities/Validators/SampleDataValidator.cs:line 533
[xUnit.net 00:00:00.84]          at RoslynDiff.TestUtilities.Validators.SampleDataValidator.ValidateLineNumberIntegrity(String oldFile, String newFile, SampleDataValidatorOptions options) in /Users/randlee/Documents/github/roslyn-diff-worktrees/feature/sample-data-validation-tests/tests/RoslynDiff.TestUtilities/Validators/SampleDataValidator.cs:line 79
[xUnit.net 00:00:00.84]       Stack Trace:
[xUnit.net 00:00:00.84]         /Users/randlee/Documents/github/roslyn-diff-worktrees/feature/sample-data-validation-tests/tests/RoslynDiff.Integration.Tests/SampleValidation/SampleValidationTestBase.cs(139,0): at RoslynDiff.Integration.Tests.SampleValidation.SampleValidationTestBase.AssertAllPassed(IEnumerable`1 results)
[xUnit.net 00:00:00.84]         /Users/randlee/Documents/github/roslyn-diff-worktrees/feature/sample-data-validation-tests/tests/RoslynDiff.Integration.Tests/SampleValidation/LineNumberIntegrityTests.cs(92,0): at RoslynDiff.Integration.Tests.SampleValidation.LineNumberIntegrityTests.LineIntegrity003_Calculator_IntegrityCheck()
[xUnit.net 00:00:00.84]            at System.Reflection.MethodBaseInvoker.InterpretedInvoke_Method(Object obj, IntPtr* args)
[xUnit.net 00:00:00.84]            at System.Reflection.MethodBaseInvoker.InvokeWithNoArgs(Object obj, BindingFlags invokeAttr)
[xUnit.net 00:00:00.84]     RoslynDiff.Integration.Tests.SampleValidation.HtmlConsistencyTests.Html005_UserService_ValidatesSuccessfully [FAIL]
[xUnit.net 00:00:00.84]       1 of 1 validations failed:
[xUnit.net 00:00:00.84]       - HTML Consistency Validation: Error during validation: CLI invocation failed with exit code 255: 
[xUnit.net 00:00:00.84]         System.InvalidOperationException: CLI invocation failed with exit code 255: 
[xUnit.net 00:00:00.84]          at RoslynDiff.TestUtilities.Validators.SampleDataValidator.GenerateOutput(String oldFile, String newFile, String format, SampleDataValidatorOptions options) in /Users/randlee/Documents/github/roslyn-diff-worktrees/feature/sample-data-validation-tests/tests/RoslynDiff.TestUtilities/Validators/SampleDataValidator.cs:line 533
[xUnit.net 00:00:00.84]          at RoslynDiff.TestUtilities.Validators.SampleDataValidator.ValidateHtmlConsistency(String oldFile, String newFile, SampleDataValidatorOptions options) in /Users/randlee/Documents/github/roslyn-diff-worktrees/feature/sample-data-validation-tests/tests/RoslynDiff.TestUtilities/Validators/SampleDataValidator.cs:line 265
[xUnit.net 00:00:00.84]       Stack Trace:
[xUnit.net 00:00:00.84]         /Users/randlee/Documents/github/roslyn-diff-worktrees/feature/sample-data-validation-tests/tests/RoslynDiff.Integration.Tests/SampleValidation/SampleValidationTestBase.cs(139,0): at RoslynDiff.Integration.Tests.SampleValidation.SampleValidationTestBase.AssertAllPassed(IEnumerable`1 results)
[xUnit.net 00:00:00.84]         /Users/randlee/Documents/github/roslyn-diff-worktrees/feature/sample-data-validation-tests/tests/RoslynDiff.Integration.Tests/SampleValidation/HtmlConsistencyTests.cs(140,0): at RoslynDiff.Integration.Tests.SampleValidation.HtmlConsistencyTests.Html005_UserService_ValidatesSuccessfully()
[xUnit.net 00:00:00.84]            at System.Reflection.MethodBaseInvoker.InterpretedInvoke_Method(Object obj, IntPtr* args)
[xUnit.net 00:00:00.84]            at System.Reflection.MethodBaseInvoker.InvokeWithNoArgs(Object obj, BindingFlags invokeAttr)
[xUnit.net 00:00:00.89]     RoslynDiff.Integration.Tests.SampleValidation.CrossFormatConsistencyTests.Xfmt002_JsonVsText_LineNumbersMatch [FAIL]
[xUnit.net 00:00:00.89]       1 of 1 validations failed:
[xUnit.net 00:00:00.89]       - Cross-Format Consistency Validation: Error during validation: CLI invocation failed with exit code 255: 
[xUnit.net 00:00:00.89]         System.InvalidOperationException: CLI invocation failed with exit code 255: 
[xUnit.net 00:00:00.89]          at RoslynDiff.TestUtilities.Validators.SampleDataValidator.GenerateOutput(String oldFile, String newFile, String format, SampleDataValidatorOptions options) in /Users/randlee/Documents/github/roslyn-diff-worktrees/feature/sample-data-validation-tests/tests/RoslynDiff.TestUtilities/Validators/SampleDataValidator.cs:line 533
[xUnit.net 00:00:00.89]          at RoslynDiff.TestUtilities.Validators.SampleDataValidator.ValidateCrossFormatConsistency(String oldFile, String newFile, SampleDataValidatorOptions options) in /Users/randlee/Documents/github/roslyn-diff-worktrees/feature/sample-data-validation-tests/tests/RoslynDiff.TestUtilities/Validators/SampleDataValidator.cs:line 346
[xUnit.net 00:00:00.89]       Stack Trace:
[xUnit.net 00:00:00.89]         /Users/randlee/Documents/github/roslyn-diff-worktrees/feature/sample-data-validation-tests/tests/RoslynDiff.Integration.Tests/SampleValidation/SampleValidationTestBase.cs(139,0): at RoslynDiff.Integration.Tests.SampleValidation.SampleValidationTestBase.AssertAllPassed(IEnumerable`1 results)
[xUnit.net 00:00:00.89]         /Users/randlee/Documents/github/roslyn-diff-worktrees/feature/sample-data-validation-tests/tests/RoslynDiff.Integration.Tests/SampleValidation/CrossFormatConsistencyTests.cs(63,0): at RoslynDiff.Integration.Tests.SampleValidation.CrossFormatConsistencyTests.Xfmt002_JsonVsText_LineNumbersMatch()
[xUnit.net 00:00:00.89]            at System.Reflection.MethodBaseInvoker.InterpretedInvoke_Method(Object obj, IntPtr* args)
[xUnit.net 00:00:00.89]            at System.Reflection.MethodBaseInvoker.InvokeWithNoArgs(Object obj, BindingFlags invokeAttr)
[xUnit.net 00:00:00.91]     RoslynDiff.Integration.Tests.SampleValidation.JsonConsistencyTests.Json006_AllSamples_JsonParseable [FAIL]
[xUnit.net 00:00:00.91]       2 of 2 validations failed:
[xUnit.net 00:00:00.91]       - JSON Consistency Validation: Error during validation: CLI invocation failed with exit code 255: 
[xUnit.net 00:00:00.91]         System.InvalidOperationException: CLI invocation failed with exit code 255: 
[xUnit.net 00:00:00.91]          at RoslynDiff.TestUtilities.Validators.SampleDataValidator.GenerateOutput(String oldFile, String newFile, String format, SampleDataValidatorOptions options) in /Users/randlee/Documents/github/roslyn-diff-worktrees/feature/sample-data-validation-tests/tests/RoslynDiff.TestUtilities/Validators/SampleDataValidator.cs:line 533
[xUnit.net 00:00:00.91]          at RoslynDiff.TestUtilities.Validators.SampleDataValidator.ValidateJsonConsistency(String oldFile, String newFile, SampleDataValidatorOptions options) in /Users/randlee/Documents/github/roslyn-diff-worktrees/feature/sample-data-validation-tests/tests/RoslynDiff.TestUtilities/Validators/SampleDataValidator.cs:line 185
[xUnit.net 00:00:00.91]       - JSON Consistency Validation: Error during validation: CLI invocation failed with exit code 255: 
[xUnit.net 00:00:00.91]         System.InvalidOperationException: CLI invocation failed with exit code 255: 
[xUnit.net 00:00:00.91]          at RoslynDiff.TestUtilities.Validators.SampleDataValidator.GenerateOutput(String oldFile, String newFile, String format, SampleDataValidatorOptions options) in /Users/randlee/Documents/github/roslyn-diff-worktrees/feature/sample-data-validation-tests/tests/RoslynDiff.TestUtilities/Validators/SampleDataValidator.cs:line 533
[xUnit.net 00:00:00.91]          at RoslynDiff.TestUtilities.Validators.SampleDataValidator.ValidateJsonConsistency(String oldFile, String newFile, SampleDataValidatorOptions options) in /Users/randlee/Documents/github/roslyn-diff-worktrees/feature/sample-data-validation-tests/tests/RoslynDiff.TestUtilities/Validators/SampleDataValidator.cs:line 185
[xUnit.net 00:00:00.91]       Stack Trace:
[xUnit.net 00:00:00.91]         /Users/randlee/Documents/github/roslyn-diff-worktrees/feature/sample-data-validation-tests/tests/RoslynDiff.Integration.Tests/SampleValidation/SampleValidationTestBase.cs(139,0): at RoslynDiff.Integration.Tests.SampleValidation.SampleValidationTestBase.AssertAllPassed(IEnumerable`1 results)
[xUnit.net 00:00:00.91]         /Users/randlee/Documents/github/roslyn-diff-worktrees/feature/sample-data-validation-tests/tests/RoslynDiff.Integration.Tests/SampleValidation/JsonConsistencyTests.cs(175,0): at RoslynDiff.Integration.Tests.SampleValidation.JsonConsistencyTests.Json006_AllSamples_JsonParseable()
[xUnit.net 00:00:00.91]            at System.Reflection.MethodBaseInvoker.InterpretedInvoke_Method(Object obj, IntPtr* args)
[xUnit.net 00:00:00.91]            at System.Reflection.MethodBaseInvoker.InvokeWithNoArgs(Object obj, BindingFlags invokeAttr)
[xUnit.net 00:00:00.93]     RoslynDiff.Integration.Tests.SampleValidation.HtmlConsistencyTests.Html004_Calculator_ValidatesSuccessfully [FAIL]
[xUnit.net 00:00:00.93]       1 of 1 validations failed:
[xUnit.net 00:00:00.93]       - HTML Consistency Validation: Error during validation: CLI invocation failed with exit code 255: 
[xUnit.net 00:00:00.93]         System.InvalidOperationException: CLI invocation failed with exit code 255: 
[xUnit.net 00:00:00.93]          at RoslynDiff.TestUtilities.Validators.SampleDataValidator.GenerateOutput(String oldFile, String newFile, String format, SampleDataValidatorOptions options) in /Users/randlee/Documents/github/roslyn-diff-worktrees/feature/sample-data-validation-tests/tests/RoslynDiff.TestUtilities/Validators/SampleDataValidator.cs:line 533
[xUnit.net 00:00:00.93]          at RoslynDiff.TestUtilities.Validators.SampleDataValidator.ValidateHtmlConsistency(String oldFile, String newFile, SampleDataValidatorOptions options) in /Users/randlee/Documents/github/roslyn-diff-worktrees/feature/sample-data-validation-tests/tests/RoslynDiff.TestUtilities/Validators/SampleDataValidator.cs:line 265
[xUnit.net 00:00:00.93]       Stack Trace:
[xUnit.net 00:00:00.93]         /Users/randlee/Documents/github/roslyn-diff-worktrees/feature/sample-data-validation-tests/tests/RoslynDiff.Integration.Tests/SampleValidation/SampleValidationTestBase.cs(139,0): at RoslynDiff.Integration.Tests.SampleValidation.SampleValidationTestBase.AssertAllPassed(IEnumerable`1 results)
[xUnit.net 00:00:00.93]         /Users/randlee/Documents/github/roslyn-diff-worktrees/feature/sample-data-validation-tests/tests/RoslynDiff.Integration.Tests/SampleValidation/HtmlConsistencyTests.cs(116,0): at RoslynDiff.Integration.Tests.SampleValidation.HtmlConsistencyTests.Html004_Calculator_ValidatesSuccessfully()
[xUnit.net 00:00:00.93]            at System.Reflection.MethodBaseInvoker.InterpretedInvoke_Method(Object obj, IntPtr* args)
[xUnit.net 00:00:00.93]            at System.Reflection.MethodBaseInvoker.InvokeWithNoArgs(Object obj, BindingFlags invokeAttr)
[xUnit.net 00:00:01.00]     RoslynDiff.Integration.Tests.SampleValidation.JsonConsistencyTests.Json004_Calculator_ValidatesSuccessfully [FAIL]
[xUnit.net 00:00:01.00]       1 of 1 validations failed:
[xUnit.net 00:00:01.00]       - JSON Consistency Validation: Error during validation: CLI invocation failed with exit code 255: 
[xUnit.net 00:00:01.00]         System.InvalidOperationException: CLI invocation failed with exit code 255: 
[xUnit.net 00:00:01.00]          at RoslynDiff.TestUtilities.Validators.SampleDataValidator.GenerateOutput(String oldFile, String newFile, String format, SampleDataValidatorOptions options) in /Users/randlee/Documents/github/roslyn-diff-worktrees/feature/sample-data-validation-tests/tests/RoslynDiff.TestUtilities/Validators/SampleDataValidator.cs:line 533
[xUnit.net 00:00:01.00]          at RoslynDiff.TestUtilities.Validators.SampleDataValidator.ValidateJsonConsistency(String oldFile, String newFile, SampleDataValidatorOptions options) in /Users/randlee/Documents/github/roslyn-diff-worktrees/feature/sample-data-validation-tests/tests/RoslynDiff.TestUtilities/Validators/SampleDataValidator.cs:line 185
[xUnit.net 00:00:01.00]       Stack Trace:
[xUnit.net 00:00:01.00]         /Users/randlee/Documents/github/roslyn-diff-worktrees/feature/sample-data-validation-tests/tests/RoslynDiff.Integration.Tests/SampleValidation/SampleValidationTestBase.cs(139,0): at RoslynDiff.Integration.Tests.SampleValidation.SampleValidationTestBase.AssertAllPassed(IEnumerable`1 results)
[xUnit.net 00:00:01.00]         /Users/randlee/Documents/github/roslyn-diff-worktrees/feature/sample-data-validation-tests/tests/RoslynDiff.Integration.Tests/SampleValidation/JsonConsistencyTests.cs(111,0): at RoslynDiff.Integration.Tests.SampleValidation.JsonConsistencyTests.Json004_Calculator_ValidatesSuccessfully()
[xUnit.net 00:00:01.00]            at System.Reflection.MethodBaseInvoker.InterpretedInvoke_Method(Object obj, IntPtr* args)
[xUnit.net 00:00:01.00]            at System.Reflection.MethodBaseInvoker.InvokeWithNoArgs(Object obj, BindingFlags invokeAttr)
[xUnit.net 00:00:01.04]     RoslynDiff.Integration.Tests.SampleValidation.SampleCoverageTests.Samp001_AllSamplesDirectory_ValidateAll [FAIL]
[xUnit.net 00:00:01.04]       8 of 8 validations failed:
[xUnit.net 00:00:01.04]       - Line Number Integrity Validation: Error during validation: CLI invocation failed with exit code 255: 
[xUnit.net 00:00:01.04]         System.InvalidOperationException: CLI invocation failed with exit code 255: 
[xUnit.net 00:00:01.04]          at RoslynDiff.TestUtilities.Validators.SampleDataValidator.GenerateOutput(String oldFile, String newFile, String format, SampleDataValidatorOptions options) in /Users/randlee/Documents/github/roslyn-diff-worktrees/feature/sample-data-validation-tests/tests/RoslynDiff.TestUtilities/Validators/SampleDataValidator.cs:line 533
[xUnit.net 00:00:01.04]          at RoslynDiff.TestUtilities.Validators.SampleDataValidator.ValidateLineNumberIntegrity(String oldFile, String newFile, SampleDataValidatorOptions options) in /Users/randlee/Documents/github/roslyn-diff-worktrees/feature/sample-data-validation-tests/tests/RoslynDiff.TestUtilities/Validators/SampleDataValidator.cs:line 79
[xUnit.net 00:00:01.04]       - JSON Consistency Validation: Error during validation: CLI invocation failed with exit code 255: 
[xUnit.net 00:00:01.04]         System.InvalidOperationException: CLI invocation failed with exit code 255: 
[xUnit.net 00:00:01.04]          at RoslynDiff.TestUtilities.Validators.SampleDataValidator.GenerateOutput(String oldFile, String newFile, String format, SampleDataValidatorOptions options) in /Users/randlee/Documents/github/roslyn-diff-worktrees/feature/sample-data-validation-tests/tests/RoslynDiff.TestUtilities/Validators/SampleDataValidator.cs:line 533
[xUnit.net 00:00:01.04]          at RoslynDiff.TestUtilities.Validators.SampleDataValidator.ValidateJsonConsistency(String oldFile, String newFile, SampleDataValidatorOptions options) in /Users/randlee/Documents/github/roslyn-diff-worktrees/feature/sample-data-validation-tests/tests/RoslynDiff.TestUtilities/Validators/SampleDataValidator.cs:line 185
[xUnit.net 00:00:01.04]       - HTML Consistency Validation: Error during validation: CLI invocation failed with exit code 255: 
[xUnit.net 00:00:01.04]         System.InvalidOperationException: CLI invocation failed with exit code 255: 
[xUnit.net 00:00:01.04]          at RoslynDiff.TestUtilities.Validators.SampleDataValidator.GenerateOutput(String oldFile, String newFile, String format, SampleDataValidatorOptions options) in /Users/randlee/Documents/github/roslyn-diff-worktrees/feature/sample-data-validation-tests/tests/RoslynDiff.TestUtilities/Validators/SampleDataValidator.cs:line 533
[xUnit.net 00:00:01.04]          at RoslynDiff.TestUtilities.Validators.SampleDataValidator.ValidateHtmlConsistency(String oldFile, String newFile, SampleDataValidatorOptions options) in /Users/randlee/Documents/github/roslyn-diff-worktrees/feature/sample-data-validation-tests/tests/RoslynDiff.TestUtilities/Validators/SampleDataValidator.cs:line 265
[xUnit.net 00:00:01.04]       - Cross-Format Consistency Validation: Error during validation: CLI invocation failed with exit code 255: 
[xUnit.net 00:00:01.04]         System.InvalidOperationException: CLI invocation failed with exit code 255: 
[xUnit.net 00:00:01.04]          at RoslynDiff.TestUtilities.Validators.SampleDataValidator.GenerateOutput(String oldFile, String newFile, String format, SampleDataValidatorOptions options) in /Users/randlee/Documents/github/roslyn-diff-worktrees/feature/sample-data-validation-tests/tests/RoslynDiff.TestUtilities/Validators/SampleDataValidator.cs:line 533
[xUnit.net 00:00:01.04]          at RoslynDiff.TestUtilities.Validators.SampleDataValidator.ValidateCrossFormatConsistency(String oldFile, String newFile, SampleDataValidatorOptions options) in /Users/randlee/Documents/github/roslyn-diff-worktrees/feature/sample-data-validation-tests/tests/RoslynDiff.TestUtilities/Validators/SampleDataValidator.cs:line 346
[xUnit.net 00:00:01.04]       - Line Number Integrity Validation: Error during validation: CLI invocation failed with exit code 255: 
[xUnit.net 00:00:01.04]         System.InvalidOperationException: CLI invocation failed with exit code 255: 
[xUnit.net 00:00:01.04]          at RoslynDiff.TestUtilities.Validators.SampleDataValidator.GenerateOutput(String oldFile, String newFile, String format, SampleDataValidatorOptions options) in /Users/randlee/Documents/github/roslyn-diff-worktrees/feature/sample-data-validation-tests/tests/RoslynDiff.TestUtilities/Validators/SampleDataValidator.cs:line 533
[xUnit.net 00:00:01.04]          at RoslynDiff.TestUtilities.Validators.SampleDataValidator.ValidateLineNumberIntegrity(String oldFile, String newFile, SampleDataValidatorOptions options) in /Users/randlee/Documents/github/roslyn-diff-worktrees/feature/sample-data-validation-tests/tests/RoslynDiff.TestUtilities/Validators/SampleDataValidator.cs:line 79
[xUnit.net 00:00:01.04]       - JSON Consistency Validation: Error during validation: CLI invocation failed with exit code 255: 
[xUnit.net 00:00:01.04]         System.InvalidOperationException: CLI invocation failed with exit code 255: 
[xUnit.net 00:00:01.04]          at RoslynDiff.TestUtilities.Validators.SampleDataValidator.GenerateOutput(String oldFile, String newFile, String format, SampleDataValidatorOptions options) in /Users/randlee/Documents/github/roslyn-diff-worktrees/feature/sample-data-validation-tests/tests/RoslynDiff.TestUtilities/Validators/SampleDataValidator.cs:line 533
[xUnit.net 00:00:01.04]          at RoslynDiff.TestUtilities.Validators.SampleDataValidator.ValidateJsonConsistency(String oldFile, String newFile, SampleDataValidatorOptions options) in /Users/randlee/Documents/github/roslyn-diff-worktrees/feature/sample-data-validation-tests/tests/RoslynDiff.TestUtilities/Validators/SampleDataValidator.cs:line 185
[xUnit.net 00:00:01.04]       - HTML Consistency Validation: Error during validation: CLI invocation failed with exit code 255: 
[xUnit.net 00:00:01.04]         System.InvalidOperationException: CLI invocation failed with exit code 255: 
[xUnit.net 00:00:01.04]          at RoslynDiff.TestUtilities.Validators.SampleDataValidator.GenerateOutput(String oldFile, String newFile, String format, SampleDataValidatorOptions options) in /Users/randlee/Documents/github/roslyn-diff-worktrees/feature/sample-data-validation-tests/tests/RoslynDiff.TestUtilities/Validators/SampleDataValidator.cs:line 533
[xUnit.net 00:00:01.04]          at RoslynDiff.TestUtilities.Validators.SampleDataValidator.ValidateHtmlConsistency(String oldFile, String newFile, SampleDataValidatorOptions options) in /Users/randlee/Documents/github/roslyn-diff-worktrees/feature/sample-data-validation-tests/tests/RoslynDiff.TestUtilities/Validators/SampleDataValidator.cs:line 265
[xUnit.net 00:00:01.04]       - Cross-Format Consistency Validation: Error during validation: CLI invocation failed with exit code 255: 
[xUnit.net 00:00:01.04]         System.InvalidOperationException: CLI invocation failed with exit code 255: 
[xUnit.net 00:00:01.04]          at RoslynDiff.TestUtilities.Validators.SampleDataValidator.GenerateOutput(String oldFile, String newFile, String format, SampleDataValidatorOptions options) in /Users/randlee/Documents/github/roslyn-diff-worktrees/feature/sample-data-validation-tests/tests/RoslynDiff.TestUtilities/Validators/SampleDataValidator.cs:line 533
[xUnit.net 00:00:01.04]          at RoslynDiff.TestUtilities.Validators.SampleDataValidator.ValidateCrossFormatConsistency(String oldFile, String newFile, SampleDataValidatorOptions options) in /Users/randlee/Documents/github/roslyn-diff-worktrees/feature/sample-data-validation-tests/tests/RoslynDiff.TestUtilities/Validators/SampleDataValidator.cs:line 346
[xUnit.net 00:00:01.04]       Stack Trace:
[xUnit.net 00:00:01.04]         /Users/randlee/Documents/github/roslyn-diff-worktrees/feature/sample-data-validation-tests/tests/RoslynDiff.Integration.Tests/SampleValidation/SampleValidationTestBase.cs(139,0): at RoslynDiff.Integration.Tests.SampleValidation.SampleValidationTestBase.AssertAllPassed(IEnumerable`1 results)
[xUnit.net 00:00:01.04]         /Users/randlee/Documents/github/roslyn-diff-worktrees/feature/sample-data-validation-tests/tests/RoslynDiff.Integration.Tests/SampleValidation/SampleCoverageTests.cs(50,0): at RoslynDiff.Integration.Tests.SampleValidation.SampleCoverageTests.Samp001_AllSamplesDirectory_ValidateAll()
[xUnit.net 00:00:01.04]            at System.Reflection.MethodBaseInvoker.InterpretedInvoke_Method(Object obj, IntPtr* args)
[xUnit.net 00:00:01.04]            at System.Reflection.MethodBaseInvoker.InvokeWithNoArgs(Object obj, BindingFlags invokeAttr)
  Failed RoslynDiff.Integration.Tests.SampleValidation.LineNumberIntegrityTests.LineIntegrity003_Calculator_IntegrityCheck [125 ms]
  Error Message:
   1 of 1 validations failed:
- Line Number Integrity Validation: Error during validation: CLI invocation failed with exit code 255: 
  System.InvalidOperationException: CLI invocation failed with exit code 255: 
   at RoslynDiff.TestUtilities.Validators.SampleDataValidator.GenerateOutput(String oldFile, String newFile, String format, SampleDataValidatorOptions options) in /Users/randlee/Documents/github/roslyn-diff-worktrees/feature/sample-data-validation-tests/tests/RoslynDiff.TestUtilities/Validators/SampleDataValidator.cs:line 533
   at RoslynDiff.TestUtilities.Validators.SampleDataValidator.ValidateLineNumberIntegrity(String oldFile, String newFile, SampleDataValidatorOptions options) in /Users/randlee/Documents/github/roslyn-diff-worktrees/feature/sample-data-validation-tests/tests/RoslynDiff.TestUtilities/Validators/SampleDataValidator.cs:line 79
  Stack Trace:
     at RoslynDiff.Integration.Tests.SampleValidation.SampleValidationTestBase.AssertAllPassed(IEnumerable`1 results) in /Users/randlee/Documents/github/roslyn-diff-worktrees/feature/sample-data-validation-tests/tests/RoslynDiff.Integration.Tests/SampleValidation/SampleValidationTestBase.cs:line 139
   at RoslynDiff.Integration.Tests.SampleValidation.LineNumberIntegrityTests.LineIntegrity003_Calculator_IntegrityCheck() in /Users/randlee/Documents/github/roslyn-diff-worktrees/feature/sample-data-validation-tests/tests/RoslynDiff.Integration.Tests/SampleValidation/LineNumberIntegrityTests.cs:line 92
   at System.Reflection.MethodBaseInvoker.InterpretedInvoke_Method(Object obj, IntPtr* args)
   at System.Reflection.MethodBaseInvoker.InvokeWithNoArgs(Object obj, BindingFlags invokeAttr)
  Failed RoslynDiff.Integration.Tests.SampleValidation.HtmlConsistencyTests.Html005_UserService_ValidatesSuccessfully [105 ms]
  Error Message:
   1 of 1 validations failed:
- HTML Consistency Validation: Error during validation: CLI invocation failed with exit code 255: 
  System.InvalidOperationException: CLI invocation failed with exit code 255: 
   at RoslynDiff.TestUtilities.Validators.SampleDataValidator.GenerateOutput(String oldFile, String newFile, String format, SampleDataValidatorOptions options) in /Users/randlee/Documents/github/roslyn-diff-worktrees/feature/sample-data-validation-tests/tests/RoslynDiff.TestUtilities/Validators/SampleDataValidator.cs:line 533
   at RoslynDiff.TestUtilities.Validators.SampleDataValidator.ValidateHtmlConsistency(String oldFile, String newFile, SampleDataValidatorOptions options) in /Users/randlee/Documents/github/roslyn-diff-worktrees/feature/sample-data-validation-tests/tests/RoslynDiff.TestUtilities/Validators/SampleDataValidator.cs:line 265
  Stack Trace:
     at RoslynDiff.Integration.Tests.SampleValidation.SampleValidationTestBase.AssertAllPassed(IEnumerable`1 results) in /Users/randlee/Documents/github/roslyn-diff-worktrees/feature/sample-data-validation-tests/tests/RoslynDiff.Integration.Tests/SampleValidation/SampleValidationTestBase.cs:line 139
   at RoslynDiff.Integration.Tests.SampleValidation.HtmlConsistencyTests.Html005_UserService_ValidatesSuccessfully() in /Users/randlee/Documents/github/roslyn-diff-worktrees/feature/sample-data-validation-tests/tests/RoslynDiff.Integration.Tests/SampleValidation/HtmlConsistencyTests.cs:line 140
   at System.Reflection.MethodBaseInvoker.InterpretedInvoke_Method(Object obj, IntPtr* args)
   at System.Reflection.MethodBaseInvoker.InvokeWithNoArgs(Object obj, BindingFlags invokeAttr)
  Failed RoslynDiff.Integration.Tests.SampleValidation.CrossFormatConsistencyTests.Xfmt002_JsonVsText_LineNumbersMatch [103 ms]
  Error Message:
   1 of 1 validations failed:
- Cross-Format Consistency Validation: Error during validation: CLI invocation failed with exit code 255: 
  System.InvalidOperationException: CLI invocation failed with exit code 255: 
   at RoslynDiff.TestUtilities.Validators.SampleDataValidator.GenerateOutput(String oldFile, String newFile, String format, SampleDataValidatorOptions options) in /Users/randlee/Documents/github/roslyn-diff-worktrees/feature/sample-data-validation-tests/tests/RoslynDiff.TestUtilities/Validators/SampleDataValidator.cs:line 533
   at RoslynDiff.TestUtilities.Validators.SampleDataValidator.ValidateCrossFormatConsistency(String oldFile, String newFile, SampleDataValidatorOptions options) in /Users/randlee/Documents/github/roslyn-diff-worktrees/feature/sample-data-validation-tests/tests/RoslynDiff.TestUtilities/Validators/SampleDataValidator.cs:line 346
  Stack Trace:
     at RoslynDiff.Integration.Tests.SampleValidation.SampleValidationTestBase.AssertAllPassed(IEnumerable`1 results) in /Users/randlee/Documents/github/roslyn-diff-worktrees/feature/sample-data-validation-tests/tests/RoslynDiff.Integration.Tests/SampleValidation/SampleValidationTestBase.cs:line 139
   at RoslynDiff.Integration.Tests.SampleValidation.CrossFormatConsistencyTests.Xfmt002_JsonVsText_LineNumbersMatch() in /Users/randlee/Documents/github/roslyn-diff-worktrees/feature/sample-data-validation-tests/tests/RoslynDiff.Integration.Tests/SampleValidation/CrossFormatConsistencyTests.cs:line 63
   at System.Reflection.MethodBaseInvoker.InterpretedInvoke_Method(Object obj, IntPtr* args)
   at System.Reflection.MethodBaseInvoker.InvokeWithNoArgs(Object obj, BindingFlags invokeAttr)
  Failed RoslynDiff.Integration.Tests.SampleValidation.JsonConsistencyTests.Json006_AllSamples_JsonParseable [215 ms]
  Error Message:
   2 of 2 validations failed:
- JSON Consistency Validation: Error during validation: CLI invocation failed with exit code 255: 
  System.InvalidOperationException: CLI invocation failed with exit code 255: 
   at RoslynDiff.TestUtilities.Validators.SampleDataValidator.GenerateOutput(String oldFile, String newFile, String format, SampleDataValidatorOptions options) in /Users/randlee/Documents/github/roslyn-diff-worktrees/feature/sample-data-validation-tests/tests/RoslynDiff.TestUtilities/Validators/SampleDataValidator.cs:line 533
   at RoslynDiff.TestUtilities.Validators.SampleDataValidator.ValidateJsonConsistency(String oldFile, String newFile, SampleDataValidatorOptions options) in /Users/randlee/Documents/github/roslyn-diff-worktrees/feature/sample-data-validation-tests/tests/RoslynDiff.TestUtilities/Validators/SampleDataValidator.cs:line 185
- JSON Consistency Validation: Error during validation: CLI invocation failed with exit code 255: 
  System.InvalidOperationException: CLI invocation failed with exit code 255: 
   at RoslynDiff.TestUtilities.Validators.SampleDataValidator.GenerateOutput(String oldFile, String newFile, String format, SampleDataValidatorOptions options) in /Users/randlee/Documents/github/roslyn-diff-worktrees/feature/sample-data-validation-tests/tests/RoslynDiff.TestUtilities/Validators/SampleDataValidator.cs:line 533
   at RoslynDiff.TestUtilities.Validators.SampleDataValidator.ValidateJsonConsistency(String oldFile, String newFile, SampleDataValidatorOptions options) in /Users/randlee/Documents/github/roslyn-diff-worktrees/feature/sample-data-validation-tests/tests/RoslynDiff.TestUtilities/Validators/SampleDataValidator.cs:line 185
  Stack Trace:
     at RoslynDiff.Integration.Tests.SampleValidation.SampleValidationTestBase.AssertAllPassed(IEnumerable`1 results) in /Users/randlee/Documents/github/roslyn-diff-worktrees/feature/sample-data-validation-tests/tests/RoslynDiff.Integration.Tests/SampleValidation/SampleValidationTestBase.cs:line 139
   at RoslynDiff.Integration.Tests.SampleValidation.JsonConsistencyTests.Json006_AllSamples_JsonParseable() in /Users/randlee/Documents/github/roslyn-diff-worktrees/feature/sample-data-validation-tests/tests/RoslynDiff.Integration.Tests/SampleValidation/JsonConsistencyTests.cs:line 175
   at System.Reflection.MethodBaseInvoker.InterpretedInvoke_Method(Object obj, IntPtr* args)
   at System.Reflection.MethodBaseInvoker.InvokeWithNoArgs(Object obj, BindingFlags invokeAttr)
  Failed RoslynDiff.Integration.Tests.SampleValidation.HtmlConsistencyTests.Html004_Calculator_ValidatesSuccessfully [91 ms]
  Error Message:
   1 of 1 validations failed:
- HTML Consistency Validation: Error during validation: CLI invocation failed with exit code 255: 
  System.InvalidOperationException: CLI invocation failed with exit code 255: 
   at RoslynDiff.TestUtilities.Validators.SampleDataValidator.GenerateOutput(String oldFile, String newFile, String format, SampleDataValidatorOptions options) in /Users/randlee/Documents/github/roslyn-diff-worktrees/feature/sample-data-validation-tests/tests/RoslynDiff.TestUtilities/Validators/SampleDataValidator.cs:line 533
   at RoslynDiff.TestUtilities.Validators.SampleDataValidator.ValidateHtmlConsistency(String oldFile, String newFile, SampleDataValidatorOptions options) in /Users/randlee/Documents/github/roslyn-diff-worktrees/feature/sample-data-validation-tests/tests/RoslynDiff.TestUtilities/Validators/SampleDataValidator.cs:line 265
  Stack Trace:
     at RoslynDiff.Integration.Tests.SampleValidation.SampleValidationTestBase.AssertAllPassed(IEnumerable`1 results) in /Users/randlee/Documents/github/roslyn-diff-worktrees/feature/sample-data-validation-tests/tests/RoslynDiff.Integration.Tests/SampleValidation/SampleValidationTestBase.cs:line 139
   at RoslynDiff.Integration.Tests.SampleValidation.HtmlConsistencyTests.Html004_Calculator_ValidatesSuccessfully() in /Users/randlee/Documents/github/roslyn-diff-worktrees/feature/sample-data-validation-tests/tests/RoslynDiff.Integration.Tests/SampleValidation/HtmlConsistencyTests.cs:line 116
   at System.Reflection.MethodBaseInvoker.InterpretedInvoke_Method(Object obj, IntPtr* args)
   at System.Reflection.MethodBaseInvoker.InvokeWithNoArgs(Object obj, BindingFlags invokeAttr)
  Failed RoslynDiff.Integration.Tests.SampleValidation.JsonConsistencyTests.Json004_Calculator_ValidatesSuccessfully [87 ms]
  Error Message:
   1 of 1 validations failed:
- JSON Consistency Validation: Error during validation: CLI invocation failed with exit code 255: 
  System.InvalidOperationException: CLI invocation failed with exit code 255: 
   at RoslynDiff.TestUtilities.Validators.SampleDataValidator.GenerateOutput(String oldFile, String newFile, String format, SampleDataValidatorOptions options) in /Users/randlee/Documents/github/roslyn-diff-worktrees/feature/sample-data-validation-tests/tests/RoslynDiff.TestUtilities/Validators/SampleDataValidator.cs:line 533
   at RoslynDiff.TestUtilities.Validators.SampleDataValidator.ValidateJsonConsistency(String oldFile, String newFile, SampleDataValidatorOptions options) in /Users/randlee/Documents/github/roslyn-diff-worktrees/feature/sample-data-validation-tests/tests/RoslynDiff.TestUtilities/Validators/SampleDataValidator.cs:line 185
  Stack Trace:
     at RoslynDiff.Integration.Tests.SampleValidation.SampleValidationTestBase.AssertAllPassed(IEnumerable`1 results) in /Users/randlee/Documents/github/roslyn-diff-worktrees/feature/sample-data-validation-tests/tests/RoslynDiff.Integration.Tests/SampleValidation/SampleValidationTestBase.cs:line 139
   at RoslynDiff.Integration.Tests.SampleValidation.JsonConsistencyTests.Json004_Calculator_ValidatesSuccessfully() in /Users/randlee/Documents/github/roslyn-diff-worktrees/feature/sample-data-validation-tests/tests/RoslynDiff.Integration.Tests/SampleValidation/JsonConsistencyTests.cs:line 111
   at System.Reflection.MethodBaseInvoker.InterpretedInvoke_Method(Object obj, IntPtr* args)
   at System.Reflection.MethodBaseInvoker.InvokeWithNoArgs(Object obj, BindingFlags invokeAttr)
  Failed RoslynDiff.Integration.Tests.SampleValidation.SampleCoverageTests.Samp001_AllSamplesDirectory_ValidateAll [827 ms]
  Error Message:
   8 of 8 validations failed:
- Line Number Integrity Validation: Error during validation: CLI invocation failed with exit code 255: 
  System.InvalidOperationException: CLI invocation failed with exit code 255: 
   at RoslynDiff.TestUtilities.Validators.SampleDataValidator.GenerateOutput(String oldFile, String newFile, String format, SampleDataValidatorOptions options) in /Users/randlee/Documents/github/roslyn-diff-worktrees/feature/sample-data-validation-tests/tests/RoslynDiff.TestUtilities/Validators/SampleDataValidator.cs:line 533
   at RoslynDiff.TestUtilities.Validators.SampleDataValidator.ValidateLineNumberIntegrity(String oldFile, String newFile, SampleDataValidatorOptions options) in /Users/randlee/Documents/github/roslyn-diff-worktrees/feature/sample-data-validation-tests/tests/RoslynDiff.TestUtilities/Validators/SampleDataValidator.cs:line 79
- JSON Consistency Validation: Error during validation: CLI invocation failed with exit code 255: 
  System.InvalidOperationException: CLI invocation failed with exit code 255: 
   at RoslynDiff.TestUtilities.Validators.SampleDataValidator.GenerateOutput(String oldFile, String newFile, String format, SampleDataValidatorOptions options) in /Users/randlee/Documents/github/roslyn-diff-worktrees/feature/sample-data-validation-tests/tests/RoslynDiff.TestUtilities/Validators/SampleDataValidator.cs:line 533
   at RoslynDiff.TestUtilities.Validators.SampleDataValidator.ValidateJsonConsistency(String oldFile, String newFile, SampleDataValidatorOptions options) in /Users/randlee/Documents/github/roslyn-diff-worktrees/feature/sample-data-validation-tests/tests/RoslynDiff.TestUtilities/Validators/SampleDataValidator.cs:line 185
- HTML Consistency Validation: Error during validation: CLI invocation failed with exit code 255: 
  System.InvalidOperationException: CLI invocation failed with exit code 255: 
   at RoslynDiff.TestUtilities.Validators.SampleDataValidator.GenerateOutput(String oldFile, String newFile, String format, SampleDataValidatorOptions options) in /Users/randlee/Documents/github/roslyn-diff-worktrees/feature/sample-data-validation-tests/tests/RoslynDiff.TestUtilities/Validators/SampleDataValidator.cs:line 533
   at RoslynDiff.TestUtilities.Validators.SampleDataValidator.ValidateHtmlConsistency(String oldFile, String newFile, SampleDataValidatorOptions options) in /Users/randlee/Documents/github/roslyn-diff-worktrees/feature/sample-data-validation-tests/tests/RoslynDiff.TestUtilities/Validators/SampleDataValidator.cs:line 265
- Cross-Format Consistency Validation: Error during validation: CLI invocation failed with exit code 255: 
  System.InvalidOperationException: CLI invocation failed with exit code 255: 
   at RoslynDiff.TestUtilities.Validators.SampleDataValidator.GenerateOutput(String oldFile, String newFile, String format, SampleDataValidatorOptions options) in /Users/randlee/Documents/github/roslyn-diff-worktrees/feature/sample-data-validation-tests/tests/RoslynDiff.TestUtilities/Validators/SampleDataValidator.cs:line 533
   at RoslynDiff.TestUtilities.Validators.SampleDataValidator.ValidateCrossFormatConsistency(String oldFile, String newFile, SampleDataValidatorOptions options) in /Users/randlee/Documents/github/roslyn-diff-worktrees/feature/sample-data-validation-tests/tests/RoslynDiff.TestUtilities/Validators/SampleDataValidator.cs:line 346
- Line Number Integrity Validation: Error during validation: CLI invocation failed with exit code 255: 
  System.InvalidOperationException: CLI invocation failed with exit code 255: 
   at RoslynDiff.TestUtilities.Validators.SampleDataValidator.GenerateOutput(String oldFile, String newFile, String format, SampleDataValidatorOptions options) in /Users/randlee/Documents/github/roslyn-diff-worktrees/feature/sample-data-validation-tests/tests/RoslynDiff.TestUtilities/Validators/SampleDataValidator.cs:line 533
   at RoslynDiff.TestUtilities.Validators.SampleDataValidator.ValidateLineNumberIntegrity(String oldFile, String newFile, SampleDataValidatorOptions options) in /Users/randlee/Documents/github/roslyn-diff-worktrees/feature/sample-data-validation-tests/tests/RoslynDiff.TestUtilities/Validators/SampleDataValidator.cs:line 79
- JSON Consistency Validation: Error during validation: CLI invocation failed with exit code 255: 
  System.InvalidOperationException: CLI invocation failed with exit code 255: 
   at RoslynDiff.TestUtilities.Validators.SampleDataValidator.GenerateOutput(String oldFile, String newFile, String format, SampleDataValidatorOptions options) in /Users/randlee/Documents/github/roslyn-diff-worktrees/feature/sample-data-validation-tests/tests/RoslynDiff.TestUtilities/Validators/SampleDataValidator.cs:line 533
   at RoslynDiff.TestUtilities.Validators.SampleDataValidator.ValidateJsonConsistency(String oldFile, String newFile, SampleDataValidatorOptions options) in /Users/randlee/Documents/github/roslyn-diff-worktrees/feature/sample-data-validation-tests/tests/RoslynDiff.TestUtilities/Validators/SampleDataValidator.cs:line 185
- HTML Consistency Validation: Error during validation: CLI invocation failed with exit code 255: 
  System.InvalidOperationException: CLI invocation failed with exit code 255: 
   at RoslynDiff.TestUtilities.Validators.SampleDataValidator.GenerateOutput(String oldFile, String newFile, String format, SampleDataValidatorOptions options) in /Users/randlee/Documents/github/roslyn-diff-worktrees/feature/sample-data-validation-tests/tests/RoslynDiff.TestUtilities/Validators/SampleDataValidator.cs:line 533
   at RoslynDiff.TestUtilities.Validators.SampleDataValidator.ValidateHtmlConsistency(String oldFile, String newFile, SampleDataValidatorOptions options) in /Users/randlee/Documents/github/roslyn-diff-worktrees/feature/sample-data-validation-tests/tests/RoslynDiff.TestUtilities/Validators/SampleDataValidator.cs:line 265
- Cross-Format Consistency Validation: Error during validation: CLI invocation failed with exit code 255: 
  System.InvalidOperationException: CLI invocation failed with exit code 255: 
   at RoslynDiff.TestUtilities.Validators.SampleDataValidator.GenerateOutput(String oldFile, String newFile, String format, SampleDataValidatorOptions options) in /Users/randlee/Documents/github/roslyn-diff-worktrees/feature/sample-data-validation-tests/tests/RoslynDiff.TestUtilities/Validators/SampleDataValidator.cs:line 533
   at RoslynDiff.TestUtilities.Validators.SampleDataValidator.ValidateCrossFormatConsistency(String oldFile, String newFile, SampleDataValidatorOptions options) in /Users/randlee/Documents/github/roslyn-diff-worktrees/feature/sample-data-validation-tests/tests/RoslynDiff.TestUtilities/Validators/SampleDataValidator.cs:line 346
  Stack Trace:
     at RoslynDiff.Integration.Tests.SampleValidation.SampleValidationTestBase.AssertAllPassed(IEnumerable`1 results) in /Users/randlee/Documents/github/roslyn-diff-worktrees/feature/sample-data-validation-tests/tests/RoslynDiff.Integration.Tests/SampleValidation/SampleValidationTestBase.cs:line 139
   at RoslynDiff.Integration.Tests.SampleValidation.SampleCoverageTests.Samp001_AllSamplesDirectory_ValidateAll() in /Users/randlee/Documents/github/roslyn-diff-worktrees/feature/sample-data-validation-tests/tests/RoslynDiff.Integration.Tests/SampleValidation/SampleCoverageTests.cs:line 50
   at System.Reflection.MethodBaseInvoker.InterpretedInvoke_Method(Object obj, IntPtr* args)
   at System.Reflection.MethodBaseInvoker.InvokeWithNoArgs(Object obj, BindingFlags invokeAttr)
[xUnit.net 00:00:01.10]     RoslynDiff.Integration.Tests.SampleValidation.JsonConsistencyTests.Json001_FlagCombinationConsistency_JsonVsJsonQuiet [FAIL]
[xUnit.net 00:00:01.10]       1 of 1 validations failed:
[xUnit.net 00:00:01.10]       - JSON Consistency Validation: Error during validation: CLI invocation failed with exit code 255: 
[xUnit.net 00:00:01.10]         System.InvalidOperationException: CLI invocation failed with exit code 255: 
[xUnit.net 00:00:01.10]          at RoslynDiff.TestUtilities.Validators.SampleDataValidator.GenerateOutput(String oldFile, String newFile, String format, SampleDataValidatorOptions options) in /Users/randlee/Documents/github/roslyn-diff-worktrees/feature/sample-data-validation-tests/tests/RoslynDiff.TestUtilities/Validators/SampleDataValidator.cs:line 533
[xUnit.net 00:00:01.10]          at RoslynDiff.TestUtilities.Validators.SampleDataValidator.ValidateJsonConsistency(String oldFile, String newFile, SampleDataValidatorOptions options) in /Users/randlee/Documents/github/roslyn-diff-worktrees/feature/sample-data-validation-tests/tests/RoslynDiff.TestUtilities/Validators/SampleDataValidator.cs:line 185
[xUnit.net 00:00:01.10]       Stack Trace:
[xUnit.net 00:00:01.10]         /Users/randlee/Documents/github/roslyn-diff-worktrees/feature/sample-data-validation-tests/tests/RoslynDiff.Integration.Tests/SampleValidation/SampleValidationTestBase.cs(139,0): at RoslynDiff.Integration.Tests.SampleValidation.SampleValidationTestBase.AssertAllPassed(IEnumerable`1 results)
[xUnit.net 00:00:01.10]         /Users/randlee/Documents/github/roslyn-diff-worktrees/feature/sample-data-validation-tests/tests/RoslynDiff.Integration.Tests/SampleValidation/JsonConsistencyTests.cs(34,0): at RoslynDiff.Integration.Tests.SampleValidation.JsonConsistencyTests.Json001_FlagCombinationConsistency_JsonVsJsonQuiet()
[xUnit.net 00:00:01.10]            at System.Reflection.MethodBaseInvoker.InterpretedInvoke_Method(Object obj, IntPtr* args)
[xUnit.net 00:00:01.10]            at System.Reflection.MethodBaseInvoker.InvokeWithNoArgs(Object obj, BindingFlags invokeAttr)
[xUnit.net 00:00:01.16]     RoslynDiff.Integration.Tests.SampleValidation.ExternalToolCompatibilityTests.Ext003_Calculator_ExternalToolCompatibility [FAIL]
[xUnit.net 00:00:01.16]       4 of 4 validations failed:
[xUnit.net 00:00:01.16]       - Line Number Integrity Validation: Error during validation: CLI invocation failed with exit code 255: 
[xUnit.net 00:00:01.16]         System.InvalidOperationException: CLI invocation failed with exit code 255: 
[xUnit.net 00:00:01.16]          at RoslynDiff.TestUtilities.Validators.SampleDataValidator.GenerateOutput(String oldFile, String newFile, String format, SampleDataValidatorOptions options) in /Users/randlee/Documents/github/roslyn-diff-worktrees/feature/sample-data-validation-tests/tests/RoslynDiff.TestUtilities/Validators/SampleDataValidator.cs:line 533
[xUnit.net 00:00:01.16]          at RoslynDiff.TestUtilities.Validators.SampleDataValidator.ValidateLineNumberIntegrity(String oldFile, String newFile, SampleDataValidatorOptions options) in /Users/randlee/Documents/github/roslyn-diff-worktrees/feature/sample-data-validation-tests/tests/RoslynDiff.TestUtilities/Validators/SampleDataValidator.cs:line 79
[xUnit.net 00:00:01.16]       - JSON Consistency Validation: Error during validation: CLI invocation failed with exit code 255: 
[xUnit.net 00:00:01.16]         System.InvalidOperationException: CLI invocation failed with exit code 255: 
[xUnit.net 00:00:01.16]          at RoslynDiff.TestUtilities.Validators.SampleDataValidator.GenerateOutput(String oldFile, String newFile, String format, SampleDataValidatorOptions options) in /Users/randlee/Documents/github/roslyn-diff-worktrees/feature/sample-data-validation-tests/tests/RoslynDiff.TestUtilities/Validators/SampleDataValidator.cs:line 533
[xUnit.net 00:00:01.16]          at RoslynDiff.TestUtilities.Validators.SampleDataValidator.ValidateJsonConsistency(String oldFile, String newFile, SampleDataValidatorOptions options) in /Users/randlee/Documents/github/roslyn-diff-worktrees/feature/sample-data-validation-tests/tests/RoslynDiff.TestUtilities/Validators/SampleDataValidator.cs:line 185
[xUnit.net 00:00:01.16]       - HTML Consistency Validation: Error during validation: CLI invocation failed with exit code 255: 
[xUnit.net 00:00:01.16]         System.InvalidOperationException: CLI invocation failed with exit code 255: 
[xUnit.net 00:00:01.16]          at RoslynDiff.TestUtilities.Validators.SampleDataValidator.GenerateOutput(String oldFile, String newFile, String format, SampleDataValidatorOptions options) in /Users/randlee/Documents/github/roslyn-diff-worktrees/feature/sample-data-validation-tests/tests/RoslynDiff.TestUtilities/Validators/SampleDataValidator.cs:line 533
[xUnit.net 00:00:01.16]          at RoslynDiff.TestUtilities.Validators.SampleDataValidator.ValidateHtmlConsistency(String oldFile, String newFile, SampleDataValidatorOptions options) in /Users/randlee/Documents/github/roslyn-diff-worktrees/feature/sample-data-validation-tests/tests/RoslynDiff.TestUtilities/Validators/SampleDataValidator.cs:line 265
[xUnit.net 00:00:01.16]       - Cross-Format Consistency Validation: Error during validation: CLI invocation failed with exit code 255: 
[xUnit.net 00:00:01.16]         System.InvalidOperationException: CLI invocation failed with exit code 255: 
[xUnit.net 00:00:01.16]          at RoslynDiff.TestUtilities.Validators.SampleDataValidator.GenerateOutput(String oldFile, String newFile, String format, SampleDataValidatorOptions options) in /Users/randlee/Documents/github/roslyn-diff-worktrees/feature/sample-data-validation-tests/tests/RoslynDiff.TestUtilities/Validators/SampleDataValidator.cs:line 533
[xUnit.net 00:00:01.16]          at RoslynDiff.TestUtilities.Validators.SampleDataValidator.ValidateCrossFormatConsistency(String oldFile, String newFile, SampleDataValidatorOptions options) in /Users/randlee/Documents/github/roslyn-diff-worktrees/feature/sample-data-validation-tests/tests/RoslynDiff.TestUtilities/Validators/SampleDataValidator.cs:line 346
[xUnit.net 00:00:01.16]       Stack Trace:
[xUnit.net 00:00:01.16]         /Users/randlee/Documents/github/roslyn-diff-worktrees/feature/sample-data-validation-tests/tests/RoslynDiff.Integration.Tests/SampleValidation/SampleValidationTestBase.cs(139,0): at RoslynDiff.Integration.Tests.SampleValidation.SampleValidationTestBase.AssertAllPassed(IEnumerable`1 results)
[xUnit.net 00:00:01.16]         /Users/randlee/Documents/github/roslyn-diff-worktrees/feature/sample-data-validation-tests/tests/RoslynDiff.Integration.Tests/SampleValidation/ExternalToolCompatibilityTests.cs(159,0): at RoslynDiff.Integration.Tests.SampleValidation.ExternalToolCompatibilityTests.Ext003_Calculator_ExternalToolCompatibility()
[xUnit.net 00:00:01.16]            at System.Reflection.MethodBaseInvoker.InterpretedInvoke_Method(Object obj, IntPtr* args)
[xUnit.net 00:00:01.16]            at System.Reflection.MethodBaseInvoker.InvokeWithNoArgs(Object obj, BindingFlags invokeAttr)
[xUnit.net 00:00:01.37]     RoslynDiff.Integration.Tests.SampleValidation.SampleCoverageTests.Samp002_Calculator_CompleteValidation [FAIL]
[xUnit.net 00:00:01.37]       4 of 4 validations failed:
[xUnit.net 00:00:01.37]       - Line Number Integrity Validation: Error during validation: CLI invocation failed with exit code 255: 
[xUnit.net 00:00:01.37]         System.InvalidOperationException: CLI invocation failed with exit code 255: 
[xUnit.net 00:00:01.37]          at RoslynDiff.TestUtilities.Validators.SampleDataValidator.GenerateOutput(String oldFile, String newFile, String format, SampleDataValidatorOptions options) in /Users/randlee/Documents/github/roslyn-diff-worktrees/feature/sample-data-validation-tests/tests/RoslynDiff.TestUtilities/Validators/SampleDataValidator.cs:line 533
[xUnit.net 00:00:01.37]          at RoslynDiff.TestUtilities.Validators.SampleDataValidator.ValidateLineNumberIntegrity(String oldFile, String newFile, SampleDataValidatorOptions options) in /Users/randlee/Documents/github/roslyn-diff-worktrees/feature/sample-data-validation-tests/tests/RoslynDiff.TestUtilities/Validators/SampleDataValidator.cs:line 79
[xUnit.net 00:00:01.37]       - JSON Consistency Validation: Error during validation: CLI invocation failed with exit code 255: 
[xUnit.net 00:00:01.37]         System.InvalidOperationException: CLI invocation failed with exit code 255: 
[xUnit.net 00:00:01.37]          at RoslynDiff.TestUtilities.Validators.SampleDataValidator.GenerateOutput(String oldFile, String newFile, String format, SampleDataValidatorOptions options) in /Users/randlee/Documents/github/roslyn-diff-worktrees/feature/sample-data-validation-tests/tests/RoslynDiff.TestUtilities/Validators/SampleDataValidator.cs:line 533
[xUnit.net 00:00:01.37]          at RoslynDiff.TestUtilities.Validators.SampleDataValidator.ValidateJsonConsistency(String oldFile, String newFile, SampleDataValidatorOptions options) in /Users/randlee/Documents/github/roslyn-diff-worktrees/feature/sample-data-validation-tests/tests/RoslynDiff.TestUtilities/Validators/SampleDataValidator.cs:line 185
[xUnit.net 00:00:01.37]       - HTML Consistency Validation: Error during validation: CLI invocation failed with exit code 255: 
[xUnit.net 00:00:01.37]         System.InvalidOperationException: CLI invocation failed with exit code 255: 
[xUnit.net 00:00:01.37]          at RoslynDiff.TestUtilities.Validators.SampleDataValidator.GenerateOutput(String oldFile, String newFile, String format, SampleDataValidatorOptions options) in /Users/randlee/Documents/github/roslyn-diff-worktrees/feature/sample-data-validation-tests/tests/RoslynDiff.TestUtilities/Validators/SampleDataValidator.cs:line 533
[xUnit.net 00:00:01.37]          at RoslynDiff.TestUtilities.Validators.SampleDataValidator.ValidateHtmlConsistency(String oldFile, String newFile, SampleDataValidatorOptions options) in /Users/randlee/Documents/github/roslyn-diff-worktrees/feature/sample-data-validation-tests/tests/RoslynDiff.TestUtilities/Validators/SampleDataValidator.cs:line 265
[xUnit.net 00:00:01.37]       - Cross-Format Consistency Validation: Error during validation: CLI invocation failed with exit code 255: 
[xUnit.net 00:00:01.37]         System.InvalidOperationException: CLI invocation failed with exit code 255: 
[xUnit.net 00:00:01.37]          at RoslynDiff.TestUtilities.Validators.SampleDataValidator.GenerateOutput(String oldFile, String newFile, String format, SampleDataValidatorOptions options) in /Users/randlee/Documents/github/roslyn-diff-worktrees/feature/sample-data-validation-tests/tests/RoslynDiff.TestUtilities/Validators/SampleDataValidator.cs:line 533
[xUnit.net 00:00:01.37]          at RoslynDiff.TestUtilities.Validators.SampleDataValidator.ValidateCrossFormatConsistency(String oldFile, String newFile, SampleDataValidatorOptions options) in /Users/randlee/Documents/github/roslyn-diff-worktrees/feature/sample-data-validation-tests/tests/RoslynDiff.TestUtilities/Validators/SampleDataValidator.cs:line 346
[xUnit.net 00:00:01.37]       Stack Trace:
[xUnit.net 00:00:01.37]         /Users/randlee/Documents/github/roslyn-diff-worktrees/feature/sample-data-validation-tests/tests/RoslynDiff.Integration.Tests/SampleValidation/SampleValidationTestBase.cs(139,0): at RoslynDiff.Integration.Tests.SampleValidation.SampleValidationTestBase.AssertAllPassed(IEnumerable`1 results)
[xUnit.net 00:00:01.37]         /Users/randlee/Documents/github/roslyn-diff-worktrees/feature/sample-data-validation-tests/tests/RoslynDiff.Integration.Tests/SampleValidation/SampleCoverageTests.cs(73,0): at RoslynDiff.Integration.Tests.SampleValidation.SampleCoverageTests.Samp002_Calculator_CompleteValidation()
[xUnit.net 00:00:01.37]            at System.Reflection.MethodBaseInvoker.InterpretedInvoke_Method(Object obj, IntPtr* args)
[xUnit.net 00:00:01.37]            at System.Reflection.MethodBaseInvoker.InvokeWithNoArgs(Object obj, BindingFlags invokeAttr)
[xUnit.net 00:00:02.02]     RoslynDiff.Integration.Tests.SampleValidation.SampleCoverageTests.Samp005_AllSamples_LineMode_ValidateAll [FAIL]
[xUnit.net 00:00:02.02]       8 of 8 validations failed:
[xUnit.net 00:00:02.02]       - Line Number Integrity Validation: Error during validation: CLI invocation failed with exit code 255: 
[xUnit.net 00:00:02.02]         System.InvalidOperationException: CLI invocation failed with exit code 255: 
[xUnit.net 00:00:02.02]          at RoslynDiff.TestUtilities.Validators.SampleDataValidator.GenerateOutput(String oldFile, String newFile, String format, SampleDataValidatorOptions options) in /Users/randlee/Documents/github/roslyn-diff-worktrees/feature/sample-data-validation-tests/tests/RoslynDiff.TestUtilities/Validators/SampleDataValidator.cs:line 533
[xUnit.net 00:00:02.02]          at RoslynDiff.TestUtilities.Validators.SampleDataValidator.ValidateLineNumberIntegrity(String oldFile, String newFile, SampleDataValidatorOptions options) in /Users/randlee/Documents/github/roslyn-diff-worktrees/feature/sample-data-validation-tests/tests/RoslynDiff.TestUtilities/Validators/SampleDataValidator.cs:line 79
[xUnit.net 00:00:02.02]       - JSON Consistency Validation: Error during validation: CLI invocation failed with exit code 255: 
[xUnit.net 00:00:02.02]         System.InvalidOperationException: CLI invocation failed with exit code 255: 
[xUnit.net 00:00:02.02]          at RoslynDiff.TestUtilities.Validators.SampleDataValidator.GenerateOutput(String oldFile, String newFile, String format, SampleDataValidatorOptions options) in /Users/randlee/Documents/github/roslyn-diff-worktrees/feature/sample-data-validation-tests/tests/RoslynDiff.TestUtilities/Validators/SampleDataValidator.cs:line 533
[xUnit.net 00:00:02.02]          at RoslynDiff.TestUtilities.Validators.SampleDataValidator.ValidateJsonConsistency(String oldFile, String newFile, SampleDataValidatorOptions options) in /Users/randlee/Documents/github/roslyn-diff-worktrees/feature/sample-data-validation-tests/tests/RoslynDiff.TestUtilities/Validators/SampleDataValidator.cs:line 185
[xUnit.net 00:00:02.02]       - HTML Consistency Validation: Error during validation: CLI invocation failed with exit code 255: 
[xUnit.net 00:00:02.02]         System.InvalidOperationException: CLI invocation failed with exit code 255: 
[xUnit.net 00:00:02.02]          at RoslynDiff.TestUtilities.Validators.SampleDataValidator.GenerateOutput(String oldFile, String newFile, String format, SampleDataValidatorOptions options) in /Users/randlee/Documents/github/roslyn-diff-worktrees/feature/sample-data-validation-tests/tests/RoslynDiff.TestUtilities/Validators/SampleDataValidator.cs:line 533
[xUnit.net 00:00:02.02]          at RoslynDiff.TestUtilities.Validators.SampleDataValidator.ValidateHtmlConsistency(String oldFile, String newFile, SampleDataValidatorOptions options) in /Users/randlee/Documents/github/roslyn-diff-worktrees/feature/sample-data-validation-tests/tests/RoslynDiff.TestUtilities/Validators/SampleDataValidator.cs:line 265
[xUnit.net 00:00:02.02]       - Cross-Format Consistency Validation: Error during validation: CLI invocation failed with exit code 255: 
[xUnit.net 00:00:02.02]         System.InvalidOperationException: CLI invocation failed with exit code 255: 
[xUnit.net 00:00:02.02]          at RoslynDiff.TestUtilities.Validators.SampleDataValidator.GenerateOutput(String oldFile, String newFile, String format, SampleDataValidatorOptions options) in /Users/randlee/Documents/github/roslyn-diff-worktrees/feature/sample-data-validation-tests/tests/RoslynDiff.TestUtilities/Validators/SampleDataValidator.cs:line 533
[xUnit.net 00:00:02.02]          at RoslynDiff.TestUtilities.Validators.SampleDataValidator.ValidateCrossFormatConsistency(String oldFile, String newFile, SampleDataValidatorOptions options) in /Users/randlee/Documents/github/roslyn-diff-worktrees/feature/sample-data-validation-tests/tests/RoslynDiff.TestUtilities/Validators/SampleDataValidator.cs:line 346
[xUnit.net 00:00:02.02]       - Line Number Integrity Validation: Error during validation: CLI invocation failed with exit code 255: 
[xUnit.net 00:00:02.02]         System.InvalidOperationException: CLI invocation failed with exit code 255: 
[xUnit.net 00:00:02.02]          at RoslynDiff.TestUtilities.Validators.SampleDataValidator.GenerateOutput(String oldFile, String newFile, String format, SampleDataValidatorOptions options) in /Users/randlee/Documents/github/roslyn-diff-worktrees/feature/sample-data-validation-tests/tests/RoslynDiff.TestUtilities/Validators/SampleDataValidator.cs:line 533
[xUnit.net 00:00:02.02]          at RoslynDiff.TestUtilities.Validators.SampleDataValidator.ValidateLineNumberIntegrity(String oldFile, String newFile, SampleDataValidatorOptions options) in /Users/randlee/Documents/github/roslyn-diff-worktrees/feature/sample-data-validation-tests/tests/RoslynDiff.TestUtilities/Validators/SampleDataValidator.cs:line 79
[xUnit.net 00:00:02.02]       - JSON Consistency Validation: Error during validation: CLI invocation failed with exit code 255: 
[xUnit.net 00:00:02.02]         System.InvalidOperationException: CLI invocation failed with exit code 255: 
[xUnit.net 00:00:02.02]          at RoslynDiff.TestUtilities.Validators.SampleDataValidator.GenerateOutput(String oldFile, String newFile, String format, SampleDataValidatorOptions options) in /Users/randlee/Documents/github/roslyn-diff-worktrees/feature/sample-data-validation-tests/tests/RoslynDiff.TestUtilities/Validators/SampleDataValidator.cs:line 533
[xUnit.net 00:00:02.02]          at RoslynDiff.TestUtilities.Validators.SampleDataValidator.ValidateJsonConsistency(String oldFile, String newFile, SampleDataValidatorOptions options) in /Users/randlee/Documents/github/roslyn-diff-worktrees/feature/sample-data-validation-tests/tests/RoslynDiff.TestUtilities/Validators/SampleDataValidator.cs:line 185
[xUnit.net 00:00:02.02]       - HTML Consistency Validation: Error during validation: CLI invocation failed with exit code 255: 
[xUnit.net 00:00:02.02]         System.InvalidOperationException: CLI invocation failed with exit code 255: 
[xUnit.net 00:00:02.02]          at RoslynDiff.TestUtilities.Validators.SampleDataValidator.GenerateOutput(String oldFile, String newFile, String format, SampleDataValidatorOptions options) in /Users/randlee/Documents/github/roslyn-diff-worktrees/feature/sample-data-validation-tests/tests/RoslynDiff.TestUtilities/Validators/SampleDataValidator.cs:line 533
[xUnit.net 00:00:02.02]          at RoslynDiff.TestUtilities.Validators.SampleDataValidator.ValidateHtmlConsistency(String oldFile, String newFile, SampleDataValidatorOptions options) in /Users/randlee/Documents/github/roslyn-diff-worktrees/feature/sample-data-validation-tests/tests/RoslynDiff.TestUtilities/Validators/SampleDataValidator.cs:line 265
[xUnit.net 00:00:02.02]       - Cross-Format Consistency Validation: Error during validation: CLI invocation failed with exit code 255: 
[xUnit.net 00:00:02.02]         System.InvalidOperationException: CLI invocation failed with exit code 255: 
[xUnit.net 00:00:02.02]          at RoslynDiff.TestUtilities.Validators.SampleDataValidator.GenerateOutput(String oldFile, String newFile, String format, SampleDataValidatorOptions options) in /Users/randlee/Documents/github/roslyn-diff-worktrees/feature/sample-data-validation-tests/tests/RoslynDiff.TestUtilities/Validators/SampleDataValidator.cs:line 533
[xUnit.net 00:00:02.02]          at RoslynDiff.TestUtilities.Validators.SampleDataValidator.ValidateCrossFormatConsistency(String oldFile, String newFile, SampleDataValidatorOptions options) in /Users/randlee/Documents/github/roslyn-diff-worktrees/feature/sample-data-validation-tests/tests/RoslynDiff.TestUtilities/Validators/SampleDataValidator.cs:line 346
[xUnit.net 00:00:02.02]       Stack Trace:
[xUnit.net 00:00:02.02]         /Users/randlee/Documents/github/roslyn-diff-worktrees/feature/sample-data-validation-tests/tests/RoslynDiff.Integration.Tests/SampleValidation/SampleValidationTestBase.cs(139,0): at RoslynDiff.Integration.Tests.SampleValidation.SampleValidationTestBase.AssertAllPassed(IEnumerable`1 results)
[xUnit.net 00:00:02.02]         /Users/randlee/Documents/github/roslyn-diff-worktrees/feature/sample-data-validation-tests/tests/RoslynDiff.Integration.Tests/SampleValidation/SampleCoverageTests.cs(174,0): at RoslynDiff.Integration.Tests.SampleValidation.SampleCoverageTests.Samp005_AllSamples_LineMode_ValidateAll()
[xUnit.net 00:00:02.02]            at System.Reflection.MethodBaseInvoker.InterpretedInvoke_Method(Object obj, IntPtr* args)
[xUnit.net 00:00:02.02]            at System.Reflection.MethodBaseInvoker.InvokeWithNoArgs(Object obj, BindingFlags invokeAttr)
[xUnit.net 00:00:02.34]     RoslynDiff.Integration.Tests.SampleValidation.SampleCoverageTests.Samp003_UserService_CompleteValidation [FAIL]
[xUnit.net 00:00:02.34]       4 of 4 validations failed:
[xUnit.net 00:00:02.34]       - Line Number Integrity Validation: Error during validation: CLI invocation failed with exit code 255: 
[xUnit.net 00:00:02.34]         System.InvalidOperationException: CLI invocation failed with exit code 255: 
[xUnit.net 00:00:02.34]          at RoslynDiff.TestUtilities.Validators.SampleDataValidator.GenerateOutput(String oldFile, String newFile, String format, SampleDataValidatorOptions options) in /Users/randlee/Documents/github/roslyn-diff-worktrees/feature/sample-data-validation-tests/tests/RoslynDiff.TestUtilities/Validators/SampleDataValidator.cs:line 533
[xUnit.net 00:00:02.34]          at RoslynDiff.TestUtilities.Validators.SampleDataValidator.ValidateLineNumberIntegrity(String oldFile, String newFile, SampleDataValidatorOptions options) in /Users/randlee/Documents/github/roslyn-diff-worktrees/feature/sample-data-validation-tests/tests/RoslynDiff.TestUtilities/Validators/SampleDataValidator.cs:line 79
[xUnit.net 00:00:02.34]       - JSON Consistency Validation: Error during validation: CLI invocation failed with exit code 255: 
[xUnit.net 00:00:02.34]         System.InvalidOperationException: CLI invocation failed with exit code 255: 
[xUnit.net 00:00:02.34]          at RoslynDiff.TestUtilities.Validators.SampleDataValidator.GenerateOutput(String oldFile, String newFile, String format, SampleDataValidatorOptions options) in /Users/randlee/Documents/github/roslyn-diff-worktrees/feature/sample-data-validation-tests/tests/RoslynDiff.TestUtilities/Validators/SampleDataValidator.cs:line 533
[xUnit.net 00:00:02.34]          at RoslynDiff.TestUtilities.Validators.SampleDataValidator.ValidateJsonConsistency(String oldFile, String newFile, SampleDataValidatorOptions options) in /Users/randlee/Documents/github/roslyn-diff-worktrees/feature/sample-data-validation-tests/tests/RoslynDiff.TestUtilities/Validators/SampleDataValidator.cs:line 185
[xUnit.net 00:00:02.34]       - HTML Consistency Validation: Error during validation: CLI invocation failed with exit code 255: 
[xUnit.net 00:00:02.34]         System.InvalidOperationException: CLI invocation failed with exit code 255: 
[xUnit.net 00:00:02.34]          at RoslynDiff.TestUtilities.Validators.SampleDataValidator.GenerateOutput(String oldFile, String newFile, String format, SampleDataValidatorOptions options) in /Users/randlee/Documents/github/roslyn-diff-worktrees/feature/sample-data-validation-tests/tests/RoslynDiff.TestUtilities/Validators/SampleDataValidator.cs:line 533
[xUnit.net 00:00:02.34]          at RoslynDiff.TestUtilities.Validators.SampleDataValidator.ValidateHtmlConsistency(String oldFile, String newFile, SampleDataValidatorOptions options) in /Users/randlee/Documents/github/roslyn-diff-worktrees/feature/sample-data-validation-tests/tests/RoslynDiff.TestUtilities/Validators/SampleDataValidator.cs:line 265
[xUnit.net 00:00:02.34]       - Cross-Format Consistency Validation: Error during validation: CLI invocation failed with exit code 255: 
[xUnit.net 00:00:02.34]         System.InvalidOperationException: CLI invocation failed with exit code 255: 
[xUnit.net 00:00:02.34]          at RoslynDiff.TestUtilities.Validators.SampleDataValidator.GenerateOutput(String oldFile, String newFile, String format, SampleDataValidatorOptions options) in /Users/randlee/Documents/github/roslyn-diff-worktrees/feature/sample-data-validation-tests/tests/RoslynDiff.TestUtilities/Validators/SampleDataValidator.cs:line 533
[xUnit.net 00:00:02.34]          at RoslynDiff.TestUtilities.Validators.SampleDataValidator.ValidateCrossFormatConsistency(String oldFile, String newFile, SampleDataValidatorOptions options) in /Users/randlee/Documents/github/roslyn-diff-worktrees/feature/sample-data-validation-tests/tests/RoslynDiff.TestUtilities/Validators/SampleDataValidator.cs:line 346
[xUnit.net 00:00:02.34]       Stack Trace:
[xUnit.net 00:00:02.34]         /Users/randlee/Documents/github/roslyn-diff-worktrees/feature/sample-data-validation-tests/tests/RoslynDiff.Integration.Tests/SampleValidation/SampleValidationTestBase.cs(139,0): at RoslynDiff.Integration.Tests.SampleValidation.SampleValidationTestBase.AssertAllPassed(IEnumerable`1 results)
[xUnit.net 00:00:02.34]         /Users/randlee/Documents/github/roslyn-diff-worktrees/feature/sample-data-validation-tests/tests/RoslynDiff.Integration.Tests/SampleValidation/SampleCoverageTests.cs(101,0): at RoslynDiff.Integration.Tests.SampleValidation.SampleCoverageTests.Samp003_UserService_CompleteValidation()
[xUnit.net 00:00:02.34]            at System.Reflection.MethodBaseInvoker.InterpretedInvoke_Method(Object obj, IntPtr* args)
[xUnit.net 00:00:02.34]            at System.Reflection.RuntimeMethodInfo.Invoke(Object obj, BindingFlags invokeAttr, Binder binder, Object[] parameters, CultureInfo culture)
[xUnit.net 00:00:02.34]   Finished:    RoslynDiff.Integration.Tests
  Failed RoslynDiff.Integration.Tests.SampleValidation.JsonConsistencyTests.Json001_FlagCombinationConsistency_JsonVsJsonQuiet [96 ms]
  Error Message:
   1 of 1 validations failed:
- JSON Consistency Validation: Error during validation: CLI invocation failed with exit code 255: 
  System.InvalidOperationException: CLI invocation failed with exit code 255: 
   at RoslynDiff.TestUtilities.Validators.SampleDataValidator.GenerateOutput(String oldFile, String newFile, String format, SampleDataValidatorOptions options) in /Users/randlee/Documents/github/roslyn-diff-worktrees/feature/sample-data-validation-tests/tests/RoslynDiff.TestUtilities/Validators/SampleDataValidator.cs:line 533
   at RoslynDiff.TestUtilities.Validators.SampleDataValidator.ValidateJsonConsistency(String oldFile, String newFile, SampleDataValidatorOptions options) in /Users/randlee/Documents/github/roslyn-diff-worktrees/feature/sample-data-validation-tests/tests/RoslynDiff.TestUtilities/Validators/SampleDataValidator.cs:line 185
  Stack Trace:
     at RoslynDiff.Integration.Tests.SampleValidation.SampleValidationTestBase.AssertAllPassed(IEnumerable`1 results) in /Users/randlee/Documents/github/roslyn-diff-worktrees/feature/sample-data-validation-tests/tests/RoslynDiff.Integration.Tests/SampleValidation/SampleValidationTestBase.cs:line 139
   at RoslynDiff.Integration.Tests.SampleValidation.JsonConsistencyTests.Json001_FlagCombinationConsistency_JsonVsJsonQuiet() in /Users/randlee/Documents/github/roslyn-diff-worktrees/feature/sample-data-validation-tests/tests/RoslynDiff.Integration.Tests/SampleValidation/JsonConsistencyTests.cs:line 34
   at System.Reflection.MethodBaseInvoker.InterpretedInvoke_Method(Object obj, IntPtr* args)
   at System.Reflection.MethodBaseInvoker.InvokeWithNoArgs(Object obj, BindingFlags invokeAttr)
  Failed RoslynDiff.Integration.Tests.SampleValidation.ExternalToolCompatibilityTests.Ext003_Calculator_ExternalToolCompatibility [377 ms]
  Error Message:
   4 of 4 validations failed:
- Line Number Integrity Validation: Error during validation: CLI invocation failed with exit code 255: 
  System.InvalidOperationException: CLI invocation failed with exit code 255: 
   at RoslynDiff.TestUtilities.Validators.SampleDataValidator.GenerateOutput(String oldFile, String newFile, String format, SampleDataValidatorOptions options) in /Users/randlee/Documents/github/roslyn-diff-worktrees/feature/sample-data-validation-tests/tests/RoslynDiff.TestUtilities/Validators/SampleDataValidator.cs:line 533
   at RoslynDiff.TestUtilities.Validators.SampleDataValidator.ValidateLineNumberIntegrity(String oldFile, String newFile, SampleDataValidatorOptions options) in /Users/randlee/Documents/github/roslyn-diff-worktrees/feature/sample-data-validation-tests/tests/RoslynDiff.TestUtilities/Validators/SampleDataValidator.cs:line 79
- JSON Consistency Validation: Error during validation: CLI invocation failed with exit code 255: 
  System.InvalidOperationException: CLI invocation failed with exit code 255: 
   at RoslynDiff.TestUtilities.Validators.SampleDataValidator.GenerateOutput(String oldFile, String newFile, String format, SampleDataValidatorOptions options) in /Users/randlee/Documents/github/roslyn-diff-worktrees/feature/sample-data-validation-tests/tests/RoslynDiff.TestUtilities/Validators/SampleDataValidator.cs:line 533
   at RoslynDiff.TestUtilities.Validators.SampleDataValidator.ValidateJsonConsistency(String oldFile, String newFile, SampleDataValidatorOptions options) in /Users/randlee/Documents/github/roslyn-diff-worktrees/feature/sample-data-validation-tests/tests/RoslynDiff.TestUtilities/Validators/SampleDataValidator.cs:line 185
- HTML Consistency Validation: Error during validation: CLI invocation failed with exit code 255: 
  System.InvalidOperationException: CLI invocation failed with exit code 255: 
   at RoslynDiff.TestUtilities.Validators.SampleDataValidator.GenerateOutput(String oldFile, String newFile, String format, SampleDataValidatorOptions options) in /Users/randlee/Documents/github/roslyn-diff-worktrees/feature/sample-data-validation-tests/tests/RoslynDiff.TestUtilities/Validators/SampleDataValidator.cs:line 533
   at RoslynDiff.TestUtilities.Validators.SampleDataValidator.ValidateHtmlConsistency(String oldFile, String newFile, SampleDataValidatorOptions options) in /Users/randlee/Documents/github/roslyn-diff-worktrees/feature/sample-data-validation-tests/tests/RoslynDiff.TestUtilities/Validators/SampleDataValidator.cs:line 265
- Cross-Format Consistency Validation: Error during validation: CLI invocation failed with exit code 255: 
  System.InvalidOperationException: CLI invocation failed with exit code 255: 
   at RoslynDiff.TestUtilities.Validators.SampleDataValidator.GenerateOutput(String oldFile, String newFile, String format, SampleDataValidatorOptions options) in /Users/randlee/Documents/github/roslyn-diff-worktrees/feature/sample-data-validation-tests/tests/RoslynDiff.TestUtilities/Validators/SampleDataValidator.cs:line 533
   at RoslynDiff.TestUtilities.Validators.SampleDataValidator.ValidateCrossFormatConsistency(String oldFile, String newFile, SampleDataValidatorOptions options) in /Users/randlee/Documents/github/roslyn-diff-worktrees/feature/sample-data-validation-tests/tests/RoslynDiff.TestUtilities/Validators/SampleDataValidator.cs:line 346
  Stack Trace:
     at RoslynDiff.Integration.Tests.SampleValidation.SampleValidationTestBase.AssertAllPassed(IEnumerable`1 results) in /Users/randlee/Documents/github/roslyn-diff-worktrees/feature/sample-data-validation-tests/tests/RoslynDiff.Integration.Tests/SampleValidation/SampleValidationTestBase.cs:line 139
   at RoslynDiff.Integration.Tests.SampleValidation.ExternalToolCompatibilityTests.Ext003_Calculator_ExternalToolCompatibility() in /Users/randlee/Documents/github/roslyn-diff-worktrees/feature/sample-data-validation-tests/tests/RoslynDiff.Integration.Tests/SampleValidation/ExternalToolCompatibilityTests.cs:line 159
   at System.Reflection.MethodBaseInvoker.InterpretedInvoke_Method(Object obj, IntPtr* args)
   at System.Reflection.MethodBaseInvoker.InvokeWithNoArgs(Object obj, BindingFlags invokeAttr)
  Failed RoslynDiff.Integration.Tests.SampleValidation.SampleCoverageTests.Samp002_Calculator_CompleteValidation [330 ms]
  Error Message:
   4 of 4 validations failed:
- Line Number Integrity Validation: Error during validation: CLI invocation failed with exit code 255: 
  System.InvalidOperationException: CLI invocation failed with exit code 255: 
   at RoslynDiff.TestUtilities.Validators.SampleDataValidator.GenerateOutput(String oldFile, String newFile, String format, SampleDataValidatorOptions options) in /Users/randlee/Documents/github/roslyn-diff-worktrees/feature/sample-data-validation-tests/tests/RoslynDiff.TestUtilities/Validators/SampleDataValidator.cs:line 533
   at RoslynDiff.TestUtilities.Validators.SampleDataValidator.ValidateLineNumberIntegrity(String oldFile, String newFile, SampleDataValidatorOptions options) in /Users/randlee/Documents/github/roslyn-diff-worktrees/feature/sample-data-validation-tests/tests/RoslynDiff.TestUtilities/Validators/SampleDataValidator.cs:line 79
- JSON Consistency Validation: Error during validation: CLI invocation failed with exit code 255: 
  System.InvalidOperationException: CLI invocation failed with exit code 255: 
   at RoslynDiff.TestUtilities.Validators.SampleDataValidator.GenerateOutput(String oldFile, String newFile, String format, SampleDataValidatorOptions options) in /Users/randlee/Documents/github/roslyn-diff-worktrees/feature/sample-data-validation-tests/tests/RoslynDiff.TestUtilities/Validators/SampleDataValidator.cs:line 533
   at RoslynDiff.TestUtilities.Validators.SampleDataValidator.ValidateJsonConsistency(String oldFile, String newFile, SampleDataValidatorOptions options) in /Users/randlee/Documents/github/roslyn-diff-worktrees/feature/sample-data-validation-tests/tests/RoslynDiff.TestUtilities/Validators/SampleDataValidator.cs:line 185
- HTML Consistency Validation: Error during validation: CLI invocation failed with exit code 255: 
  System.InvalidOperationException: CLI invocation failed with exit code 255: 
   at RoslynDiff.TestUtilities.Validators.SampleDataValidator.GenerateOutput(String oldFile, String newFile, String format, SampleDataValidatorOptions options) in /Users/randlee/Documents/github/roslyn-diff-worktrees/feature/sample-data-validation-tests/tests/RoslynDiff.TestUtilities/Validators/SampleDataValidator.cs:line 533
   at RoslynDiff.TestUtilities.Validators.SampleDataValidator.ValidateHtmlConsistency(String oldFile, String newFile, SampleDataValidatorOptions options) in /Users/randlee/Documents/github/roslyn-diff-worktrees/feature/sample-data-validation-tests/tests/RoslynDiff.TestUtilities/Validators/SampleDataValidator.cs:line 265
- Cross-Format Consistency Validation: Error during validation: CLI invocation failed with exit code 255: 
  System.InvalidOperationException: CLI invocation failed with exit code 255: 
   at RoslynDiff.TestUtilities.Validators.SampleDataValidator.GenerateOutput(String oldFile, String newFile, String format, SampleDataValidatorOptions options) in /Users/randlee/Documents/github/roslyn-diff-worktrees/feature/sample-data-validation-tests/tests/RoslynDiff.TestUtilities/Validators/SampleDataValidator.cs:line 533
   at RoslynDiff.TestUtilities.Validators.SampleDataValidator.ValidateCrossFormatConsistency(String oldFile, String newFile, SampleDataValidatorOptions options) in /Users/randlee/Documents/github/roslyn-diff-worktrees/feature/sample-data-validation-tests/tests/RoslynDiff.TestUtilities/Validators/SampleDataValidator.cs:line 346
  Stack Trace:
     at RoslynDiff.Integration.Tests.SampleValidation.SampleValidationTestBase.AssertAllPassed(IEnumerable`1 results) in /Users/randlee/Documents/github/roslyn-diff-worktrees/feature/sample-data-validation-tests/tests/RoslynDiff.Integration.Tests/SampleValidation/SampleValidationTestBase.cs:line 139
   at RoslynDiff.Integration.Tests.SampleValidation.SampleCoverageTests.Samp002_Calculator_CompleteValidation() in /Users/randlee/Documents/github/roslyn-diff-worktrees/feature/sample-data-validation-tests/tests/RoslynDiff.Integration.Tests/SampleValidation/SampleCoverageTests.cs:line 73
   at System.Reflection.MethodBaseInvoker.InterpretedInvoke_Method(Object obj, IntPtr* args)
   at System.Reflection.MethodBaseInvoker.InvokeWithNoArgs(Object obj, BindingFlags invokeAttr)
  Failed RoslynDiff.Integration.Tests.SampleValidation.SampleCoverageTests.Samp005_AllSamples_LineMode_ValidateAll [644 ms]
  Error Message:
   8 of 8 validations failed:
- Line Number Integrity Validation: Error during validation: CLI invocation failed with exit code 255: 
  System.InvalidOperationException: CLI invocation failed with exit code 255: 
   at RoslynDiff.TestUtilities.Validators.SampleDataValidator.GenerateOutput(String oldFile, String newFile, String format, SampleDataValidatorOptions options) in /Users/randlee/Documents/github/roslyn-diff-worktrees/feature/sample-data-validation-tests/tests/RoslynDiff.TestUtilities/Validators/SampleDataValidator.cs:line 533
   at RoslynDiff.TestUtilities.Validators.SampleDataValidator.ValidateLineNumberIntegrity(String oldFile, String newFile, SampleDataValidatorOptions options) in /Users/randlee/Documents/github/roslyn-diff-worktrees/feature/sample-data-validation-tests/tests/RoslynDiff.TestUtilities/Validators/SampleDataValidator.cs:line 79
- JSON Consistency Validation: Error during validation: CLI invocation failed with exit code 255: 
  System.InvalidOperationException: CLI invocation failed with exit code 255: 
   at RoslynDiff.TestUtilities.Validators.SampleDataValidator.GenerateOutput(String oldFile, String newFile, String format, SampleDataValidatorOptions options) in /Users/randlee/Documents/github/roslyn-diff-worktrees/feature/sample-data-validation-tests/tests/RoslynDiff.TestUtilities/Validators/SampleDataValidator.cs:line 533
   at RoslynDiff.TestUtilities.Validators.SampleDataValidator.ValidateJsonConsistency(String oldFile, String newFile, SampleDataValidatorOptions options) in /Users/randlee/Documents/github/roslyn-diff-worktrees/feature/sample-data-validation-tests/tests/RoslynDiff.TestUtilities/Validators/SampleDataValidator.cs:line 185
- HTML Consistency Validation: Error during validation: CLI invocation failed with exit code 255: 
  System.InvalidOperationException: CLI invocation failed with exit code 255: 
   at RoslynDiff.TestUtilities.Validators.SampleDataValidator.GenerateOutput(String oldFile, String newFile, String format, SampleDataValidatorOptions options) in /Users/randlee/Documents/github/roslyn-diff-worktrees/feature/sample-data-validation-tests/tests/RoslynDiff.TestUtilities/Validators/SampleDataValidator.cs:line 533
   at RoslynDiff.TestUtilities.Validators.SampleDataValidator.ValidateHtmlConsistency(String oldFile, String newFile, SampleDataValidatorOptions options) in /Users/randlee/Documents/github/roslyn-diff-worktrees/feature/sample-data-validation-tests/tests/RoslynDiff.TestUtilities/Validators/SampleDataValidator.cs:line 265
- Cross-Format Consistency Validation: Error during validation: CLI invocation failed with exit code 255: 
  System.InvalidOperationException: CLI invocation failed with exit code 255: 
   at RoslynDiff.TestUtilities.Validators.SampleDataValidator.GenerateOutput(String oldFile, String newFile, String format, SampleDataValidatorOptions options) in /Users/randlee/Documents/github/roslyn-diff-worktrees/feature/sample-data-validation-tests/tests/RoslynDiff.TestUtilities/Validators/SampleDataValidator.cs:line 533
   at RoslynDiff.TestUtilities.Validators.SampleDataValidator.ValidateCrossFormatConsistency(String oldFile, String newFile, SampleDataValidatorOptions options) in /Users/randlee/Documents/github/roslyn-diff-worktrees/feature/sample-data-validation-tests/tests/RoslynDiff.TestUtilities/Validators/SampleDataValidator.cs:line 346
- Line Number Integrity Validation: Error during validation: CLI invocation failed with exit code 255: 
  System.InvalidOperationException: CLI invocation failed with exit code 255: 
   at RoslynDiff.TestUtilities.Validators.SampleDataValidator.GenerateOutput(String oldFile, String newFile, String format, SampleDataValidatorOptions options) in /Users/randlee/Documents/github/roslyn-diff-worktrees/feature/sample-data-validation-tests/tests/RoslynDiff.TestUtilities/Validators/SampleDataValidator.cs:line 533
   at RoslynDiff.TestUtilities.Validators.SampleDataValidator.ValidateLineNumberIntegrity(String oldFile, String newFile, SampleDataValidatorOptions options) in /Users/randlee/Documents/github/roslyn-diff-worktrees/feature/sample-data-validation-tests/tests/RoslynDiff.TestUtilities/Validators/SampleDataValidator.cs:line 79
- JSON Consistency Validation: Error during validation: CLI invocation failed with exit code 255: 
  System.InvalidOperationException: CLI invocation failed with exit code 255: 
   at RoslynDiff.TestUtilities.Validators.SampleDataValidator.GenerateOutput(String oldFile, String newFile, String format, SampleDataValidatorOptions options) in /Users/randlee/Documents/github/roslyn-diff-worktrees/feature/sample-data-validation-tests/tests/RoslynDiff.TestUtilities/Validators/SampleDataValidator.cs:line 533
   at RoslynDiff.TestUtilities.Validators.SampleDataValidator.ValidateJsonConsistency(String oldFile, String newFile, SampleDataValidatorOptions options) in /Users/randlee/Documents/github/roslyn-diff-worktrees/feature/sample-data-validation-tests/tests/RoslynDiff.TestUtilities/Validators/SampleDataValidator.cs:line 185
- HTML Consistency Validation: Error during validation: CLI invocation failed with exit code 255: 
  System.InvalidOperationException: CLI invocation failed with exit code 255: 
   at RoslynDiff.TestUtilities.Validators.SampleDataValidator.GenerateOutput(String oldFile, String newFile, String format, SampleDataValidatorOptions options) in /Users/randlee/Documents/github/roslyn-diff-worktrees/feature/sample-data-validation-tests/tests/RoslynDiff.TestUtilities/Validators/SampleDataValidator.cs:line 533
   at RoslynDiff.TestUtilities.Validators.SampleDataValidator.ValidateHtmlConsistency(String oldFile, String newFile, SampleDataValidatorOptions options) in /Users/randlee/Documents/github/roslyn-diff-worktrees/feature/sample-data-validation-tests/tests/RoslynDiff.TestUtilities/Validators/SampleDataValidator.cs:line 265
- Cross-Format Consistency Validation: Error during validation: CLI invocation failed with exit code 255: 
  System.InvalidOperationException: CLI invocation failed with exit code 255: 
   at RoslynDiff.TestUtilities.Validators.SampleDataValidator.GenerateOutput(String oldFile, String newFile, String format, SampleDataValidatorOptions options) in /Users/randlee/Documents/github/roslyn-diff-worktrees/feature/sample-data-validation-tests/tests/RoslynDiff.TestUtilities/Validators/SampleDataValidator.cs:line 533
   at RoslynDiff.TestUtilities.Validators.SampleDataValidator.ValidateCrossFormatConsistency(String oldFile, String newFile, SampleDataValidatorOptions options) in /Users/randlee/Documents/github/roslyn-diff-worktrees/feature/sample-data-validation-tests/tests/RoslynDiff.TestUtilities/Validators/SampleDataValidator.cs:line 346
  Stack Trace:
     at RoslynDiff.Integration.Tests.SampleValidation.SampleValidationTestBase.AssertAllPassed(IEnumerable`1 results) in /Users/randlee/Documents/github/roslyn-diff-worktrees/feature/sample-data-validation-tests/tests/RoslynDiff.Integration.Tests/SampleValidation/SampleValidationTestBase.cs:line 139
   at RoslynDiff.Integration.Tests.SampleValidation.SampleCoverageTests.Samp005_AllSamples_LineMode_ValidateAll() in /Users/randlee/Documents/github/roslyn-diff-worktrees/feature/sample-data-validation-tests/tests/RoslynDiff.Integration.Tests/SampleValidation/SampleCoverageTests.cs:line 174
   at System.Reflection.MethodBaseInvoker.InterpretedInvoke_Method(Object obj, IntPtr* args)
   at System.Reflection.MethodBaseInvoker.InvokeWithNoArgs(Object obj, BindingFlags invokeAttr)
  Failed RoslynDiff.Integration.Tests.SampleValidation.SampleCoverageTests.Samp003_UserService_CompleteValidation [320 ms]
  Error Message:
   4 of 4 validations failed:
- Line Number Integrity Validation: Error during validation: CLI invocation failed with exit code 255: 
  System.InvalidOperationException: CLI invocation failed with exit code 255: 
   at RoslynDiff.TestUtilities.Validators.SampleDataValidator.GenerateOutput(String oldFile, String newFile, String format, SampleDataValidatorOptions options) in /Users/randlee/Documents/github/roslyn-diff-worktrees/feature/sample-data-validation-tests/tests/RoslynDiff.TestUtilities/Validators/SampleDataValidator.cs:line 533
   at RoslynDiff.TestUtilities.Validators.SampleDataValidator.ValidateLineNumberIntegrity(String oldFile, String newFile, SampleDataValidatorOptions options) in /Users/randlee/Documents/github/roslyn-diff-worktrees/feature/sample-data-validation-tests/tests/RoslynDiff.TestUtilities/Validators/SampleDataValidator.cs:line 79
- JSON Consistency Validation: Error during validation: CLI invocation failed with exit code 255: 
  System.InvalidOperationException: CLI invocation failed with exit code 255: 
   at RoslynDiff.TestUtilities.Validators.SampleDataValidator.GenerateOutput(String oldFile, String newFile, String format, SampleDataValidatorOptions options) in /Users/randlee/Documents/github/roslyn-diff-worktrees/feature/sample-data-validation-tests/tests/RoslynDiff.TestUtilities/Validators/SampleDataValidator.cs:line 533
   at RoslynDiff.TestUtilities.Validators.SampleDataValidator.ValidateJsonConsistency(String oldFile, String newFile, SampleDataValidatorOptions options) in /Users/randlee/Documents/github/roslyn-diff-worktrees/feature/sample-data-validation-tests/tests/RoslynDiff.TestUtilities/Validators/SampleDataValidator.cs:line 185
- HTML Consistency Validation: Error during validation: CLI invocation failed with exit code 255: 
  System.InvalidOperationException: CLI invocation failed with exit code 255: 
   at RoslynDiff.TestUtilities.Validators.SampleDataValidator.GenerateOutput(String oldFile, String newFile, String format, SampleDataValidatorOptions options) in /Users/randlee/Documents/github/roslyn-diff-worktrees/feature/sample-data-validation-tests/tests/RoslynDiff.TestUtilities/Validators/SampleDataValidator.cs:line 533
   at RoslynDiff.TestUtilities.Validators.SampleDataValidator.ValidateHtmlConsistency(String oldFile, String newFile, SampleDataValidatorOptions options) in /Users/randlee/Documents/github/roslyn-diff-worktrees/feature/sample-data-validation-tests/tests/RoslynDiff.TestUtilities/Validators/SampleDataValidator.cs:line 265
- Cross-Format Consistency Validation: Error during validation: CLI invocation failed with exit code 255: 
  System.InvalidOperationException: CLI invocation failed with exit code 255: 
   at RoslynDiff.TestUtilities.Validators.SampleDataValidator.GenerateOutput(String oldFile, String newFile, String format, SampleDataValidatorOptions options) in /Users/randlee/Documents/github/roslyn-diff-worktrees/feature/sample-data-validation-tests/tests/RoslynDiff.TestUtilities/Validators/SampleDataValidator.cs:line 533
   at RoslynDiff.TestUtilities.Validators.SampleDataValidator.ValidateCrossFormatConsistency(String oldFile, String newFile, SampleDataValidatorOptions options) in /Users/randlee/Documents/github/roslyn-diff-worktrees/feature/sample-data-validation-tests/tests/RoslynDiff.TestUtilities/Validators/SampleDataValidator.cs:line 346
  Stack Trace:
     at RoslynDiff.Integration.Tests.SampleValidation.SampleValidationTestBase.AssertAllPassed(IEnumerable`1 results) in /Users/randlee/Documents/github/roslyn-diff-worktrees/feature/sample-data-validation-tests/tests/RoslynDiff.Integration.Tests/SampleValidation/SampleValidationTestBase.cs:line 139
   at RoslynDiff.Integration.Tests.SampleValidation.SampleCoverageTests.Samp003_UserService_CompleteValidation() in /Users/randlee/Documents/github/roslyn-diff-worktrees/feature/sample-data-validation-tests/tests/RoslynDiff.Integration.Tests/SampleValidation/SampleCoverageTests.cs:line 101
   at System.Reflection.MethodBaseInvoker.InterpretedInvoke_Method(Object obj, IntPtr* args)
   at System.Reflection.RuntimeMethodInfo.Invoke(Object obj, BindingFlags invokeAttr, Binder binder, Object[] parameters, CultureInfo culture)

Test Run Failed.
Total tests: 34
     Passed: 10
     Failed: 24
 Total time: 2.5835 Seconds
