  Determining projects to restore...
  All projects are up-to-date for restore.
  RoslynDiff.Core -> /Users/randlee/Documents/github/roslyn-diff-worktrees/feature/sample-data-validation-tests/src/RoslynDiff.Core/bin/Debug/net10.0/RoslynDiff.Core.dll
  RoslynDiff.Output -> /Users/randlee/Documents/github/roslyn-diff-worktrees/feature/sample-data-validation-tests/src/RoslynDiff.Output/bin/Debug/net10.0/RoslynDiff.Output.dll
  RoslynDiff.TestUtilities -> /Users/randlee/Documents/github/roslyn-diff-worktrees/feature/sample-data-validation-tests/tests/RoslynDiff.TestUtilities/bin/Debug/net10.0/RoslynDiff.TestUtilities.dll
  RoslynDiff.Core.Tests -> /Users/randlee/Documents/github/roslyn-diff-worktrees/feature/sample-data-validation-tests/tests/RoslynDiff.Core.Tests/bin/Debug/net10.0/RoslynDiff.Core.Tests.dll
Test run for /Users/randlee/Documents/github/roslyn-diff-worktrees/feature/sample-data-validation-tests/tests/RoslynDiff.Core.Tests/bin/Debug/net10.0/RoslynDiff.Core.Tests.dll (.NETCoreApp,Version=v10.0)
VSTest version 18.0.1 (arm64)

  RoslynDiff.Cli -> /Users/randlee/Documents/github/roslyn-diff-worktrees/feature/sample-data-validation-tests/src/RoslynDiff.Cli/bin/Debug/net10.0/roslyn-diff.dll
  RoslynDiff.Output.Tests -> /Users/randlee/Documents/github/roslyn-diff-worktrees/feature/sample-data-validation-tests/tests/RoslynDiff.Output.Tests/bin/Debug/net10.0/RoslynDiff.Output.Tests.dll
Starting test execution, please wait...
Test run for /Users/randlee/Documents/github/roslyn-diff-worktrees/feature/sample-data-validation-tests/tests/RoslynDiff.Output.Tests/bin/Debug/net10.0/RoslynDiff.Output.Tests.dll (.NETCoreApp,Version=v10.0)
A total of 1 test files matched the specified pattern.
/Users/randlee/Documents/github/roslyn-diff-worktrees/feature/sample-data-validation-tests/tests/RoslynDiff.Core.Tests/bin/Debug/net10.0/RoslynDiff.Core.Tests.dll
VSTest version 18.0.1 (arm64)

  RoslynDiff.Cli.Tests -> /Users/randlee/Documents/github/roslyn-diff-worktrees/feature/sample-data-validation-tests/tests/RoslynDiff.Cli.Tests/bin/Debug/net10.0/RoslynDiff.Cli.Tests.dll
  RoslynDiff.Integration.Tests -> /Users/randlee/Documents/github/roslyn-diff-worktrees/feature/sample-data-validation-tests/tests/RoslynDiff.Integration.Tests/bin/Debug/net10.0/RoslynDiff.Integration.Tests.dll
Starting test execution, please wait...
Test run for /Users/randlee/Documents/github/roslyn-diff-worktrees/feature/sample-data-validation-tests/tests/RoslynDiff.Cli.Tests/bin/Debug/net10.0/RoslynDiff.Cli.Tests.dll (.NETCoreApp,Version=v10.0)
A total of 1 test files matched the specified pattern.
/Users/randlee/Documents/github/roslyn-diff-worktrees/feature/sample-data-validation-tests/tests/RoslynDiff.Output.Tests/bin/Debug/net10.0/RoslynDiff.Output.Tests.dll
Test run for /Users/randlee/Documents/github/roslyn-diff-worktrees/feature/sample-data-validation-tests/tests/RoslynDiff.Integration.Tests/bin/Debug/net10.0/RoslynDiff.Integration.Tests.dll (.NETCoreApp,Version=v10.0)
VSTest version 18.0.1 (arm64)

VSTest version 18.0.1 (arm64)

Starting test execution, please wait...
Starting test execution, please wait...
A total of 1 test files matched the specified pattern.
/Users/randlee/Documents/github/roslyn-diff-worktrees/feature/sample-data-validation-tests/tests/RoslynDiff.Cli.Tests/bin/Debug/net10.0/RoslynDiff.Cli.Tests.dll
A total of 1 test files matched the specified pattern.
/Users/randlee/Documents/github/roslyn-diff-worktrees/feature/sample-data-validation-tests/tests/RoslynDiff.Integration.Tests/bin/Debug/net10.0/RoslynDiff.Integration.Tests.dll
[xUnit.net 00:00:00.00] xUnit.net VSTest Adapter v3.1.5+1b188a7b0a (64-bit .NET 10.0.0)
[xUnit.net 00:00:00.03]   Discovering: RoslynDiff.Core.Tests
[xUnit.net 00:00:00.05]   Discovered:  RoslynDiff.Core.Tests
No test matches the given testcase filter `FullyQualifiedName~SampleCoverageTests` in /Users/randlee/Documents/github/roslyn-diff-worktrees/feature/sample-data-validation-tests/tests/RoslynDiff.Core.Tests/bin/Debug/net10.0/RoslynDiff.Core.Tests.dll

[xUnit.net 00:00:00.00] xUnit.net VSTest Adapter v3.1.5+1b188a7b0a (64-bit .NET 10.0.0)
[xUnit.net 00:00:00.03]   Discovering: RoslynDiff.Output.Tests
[xUnit.net 00:00:00.04]   Discovered:  RoslynDiff.Output.Tests
No test matches the given testcase filter `FullyQualifiedName~SampleCoverageTests` in /Users/randlee/Documents/github/roslyn-diff-worktrees/feature/sample-data-validation-tests/tests/RoslynDiff.Output.Tests/bin/Debug/net10.0/RoslynDiff.Output.Tests.dll

[xUnit.net 00:00:00.00] xUnit.net VSTest Adapter v3.1.5+1b188a7b0a (64-bit .NET 10.0.0)
[xUnit.net 00:00:00.00] xUnit.net VSTest Adapter v3.1.5+1b188a7b0a (64-bit .NET 10.0.0)
[xUnit.net 00:00:00.03]   Discovering: RoslynDiff.Cli.Tests
[xUnit.net 00:00:00.03]   Discovering: RoslynDiff.Integration.Tests
[xUnit.net 00:00:00.05]   Discovered:  RoslynDiff.Cli.Tests
No test matches the given testcase filter `FullyQualifiedName~SampleCoverageTests` in /Users/randlee/Documents/github/roslyn-diff-worktrees/feature/sample-data-validation-tests/tests/RoslynDiff.Cli.Tests/bin/Debug/net10.0/RoslynDiff.Cli.Tests.dll
[xUnit.net 00:00:00.05]   Discovered:  RoslynDiff.Integration.Tests
[xUnit.net 00:00:00.06]   Starting:    RoslynDiff.Integration.Tests

     Warning:
     The component "Fluent Assertions" is governed by the rules defined in the Xceed License Agreement and
     the Xceed Fluent Assertions Community License. You may use Fluent Assertions free of charge for
     non-commercial use only. An active subscription is required to use Fluent Assertions for commercial use.
     Please contact Xceed Sales mailto:sales@xceed.com to acquire a subscription at a very low cost.
     A paid commercial license supports the development and continued increasing support of
     Fluent Assertions users under both commercial and community licenses. Help us
     keep Fluent Assertions at the forefront of unit testing.
     For more information, visit https://xceed.com/products/unit-testing/fluent-assertions/
[xUnit.net 00:00:00.81]     RoslynDiff.Integration.Tests.SampleValidation.SampleCoverageTests.Samp001_AllSamplesDirectory_ValidateAll [FAIL]
[xUnit.net 00:00:00.81]       8 of 8 validations failed:
[xUnit.net 00:00:00.81]       - Line Number Integrity Validation: Error during validation: CLI invocation failed with exit code 255: 
[xUnit.net 00:00:00.81]         System.InvalidOperationException: CLI invocation failed with exit code 255: 
[xUnit.net 00:00:00.81]          at RoslynDiff.TestUtilities.Validators.SampleDataValidator.GenerateOutput(String oldFile, String newFile, String format, SampleDataValidatorOptions options) in /Users/randlee/Documents/github/roslyn-diff-worktrees/feature/sample-data-validation-tests/tests/RoslynDiff.TestUtilities/Validators/SampleDataValidator.cs:line 533
[xUnit.net 00:00:00.81]          at RoslynDiff.TestUtilities.Validators.SampleDataValidator.ValidateLineNumberIntegrity(String oldFile, String newFile, SampleDataValidatorOptions options) in /Users/randlee/Documents/github/roslyn-diff-worktrees/feature/sample-data-validation-tests/tests/RoslynDiff.TestUtilities/Validators/SampleDataValidator.cs:line 79
[xUnit.net 00:00:00.81]       - JSON Consistency Validation: Error during validation: CLI invocation failed with exit code 255: 
[xUnit.net 00:00:00.81]         System.InvalidOperationException: CLI invocation failed with exit code 255: 
[xUnit.net 00:00:00.81]          at RoslynDiff.TestUtilities.Validators.SampleDataValidator.GenerateOutput(String oldFile, String newFile, String format, SampleDataValidatorOptions options) in /Users/randlee/Documents/github/roslyn-diff-worktrees/feature/sample-data-validation-tests/tests/RoslynDiff.TestUtilities/Validators/SampleDataValidator.cs:line 533
[xUnit.net 00:00:00.81]          at RoslynDiff.TestUtilities.Validators.SampleDataValidator.ValidateJsonConsistency(String oldFile, String newFile, SampleDataValidatorOptions options) in /Users/randlee/Documents/github/roslyn-diff-worktrees/feature/sample-data-validation-tests/tests/RoslynDiff.TestUtilities/Validators/SampleDataValidator.cs:line 185
[xUnit.net 00:00:00.81]       - HTML Consistency Validation: Error during validation: CLI invocation failed with exit code 255: 
[xUnit.net 00:00:00.81]         System.InvalidOperationException: CLI invocation failed with exit code 255: 
[xUnit.net 00:00:00.81]          at RoslynDiff.TestUtilities.Validators.SampleDataValidator.GenerateOutput(String oldFile, String newFile, String format, SampleDataValidatorOptions options) in /Users/randlee/Documents/github/roslyn-diff-worktrees/feature/sample-data-validation-tests/tests/RoslynDiff.TestUtilities/Validators/SampleDataValidator.cs:line 533
[xUnit.net 00:00:00.81]          at RoslynDiff.TestUtilities.Validators.SampleDataValidator.ValidateHtmlConsistency(String oldFile, String newFile, SampleDataValidatorOptions options) in /Users/randlee/Documents/github/roslyn-diff-worktrees/feature/sample-data-validation-tests/tests/RoslynDiff.TestUtilities/Validators/SampleDataValidator.cs:line 265
[xUnit.net 00:00:00.81]       - Cross-Format Consistency Validation: Error during validation: CLI invocation failed with exit code 255: 
[xUnit.net 00:00:00.81]         System.InvalidOperationException: CLI invocation failed with exit code 255: 
[xUnit.net 00:00:00.81]          at RoslynDiff.TestUtilities.Validators.SampleDataValidator.GenerateOutput(String oldFile, String newFile, String format, SampleDataValidatorOptions options) in /Users/randlee/Documents/github/roslyn-diff-worktrees/feature/sample-data-validation-tests/tests/RoslynDiff.TestUtilities/Validators/SampleDataValidator.cs:line 533
[xUnit.net 00:00:00.81]          at RoslynDiff.TestUtilities.Validators.SampleDataValidator.ValidateCrossFormatConsistency(String oldFile, String newFile, SampleDataValidatorOptions options) in /Users/randlee/Documents/github/roslyn-diff-worktrees/feature/sample-data-validation-tests/tests/RoslynDiff.TestUtilities/Validators/SampleDataValidator.cs:line 346
[xUnit.net 00:00:00.81]       - Line Number Integrity Validation: Error during validation: CLI invocation failed with exit code 255: 
[xUnit.net 00:00:00.81]         System.InvalidOperationException: CLI invocation failed with exit code 255: 
[xUnit.net 00:00:00.81]          at RoslynDiff.TestUtilities.Validators.SampleDataValidator.GenerateOutput(String oldFile, String newFile, String format, SampleDataValidatorOptions options) in /Users/randlee/Documents/github/roslyn-diff-worktrees/feature/sample-data-validation-tests/tests/RoslynDiff.TestUtilities/Validators/SampleDataValidator.cs:line 533
[xUnit.net 00:00:00.81]          at RoslynDiff.TestUtilities.Validators.SampleDataValidator.ValidateLineNumberIntegrity(String oldFile, String newFile, SampleDataValidatorOptions options) in /Users/randlee/Documents/github/roslyn-diff-worktrees/feature/sample-data-validation-tests/tests/RoslynDiff.TestUtilities/Validators/SampleDataValidator.cs:line 79
[xUnit.net 00:00:00.81]       - JSON Consistency Validation: Error during validation: CLI invocation failed with exit code 255: 
[xUnit.net 00:00:00.81]         System.InvalidOperationException: CLI invocation failed with exit code 255: 
[xUnit.net 00:00:00.81]          at RoslynDiff.TestUtilities.Validators.SampleDataValidator.GenerateOutput(String oldFile, String newFile, String format, SampleDataValidatorOptions options) in /Users/randlee/Documents/github/roslyn-diff-worktrees/feature/sample-data-validation-tests/tests/RoslynDiff.TestUtilities/Validators/SampleDataValidator.cs:line 533
[xUnit.net 00:00:00.81]          at RoslynDiff.TestUtilities.Validators.SampleDataValidator.ValidateJsonConsistency(String oldFile, String newFile, SampleDataValidatorOptions options) in /Users/randlee/Documents/github/roslyn-diff-worktrees/feature/sample-data-validation-tests/tests/RoslynDiff.TestUtilities/Validators/SampleDataValidator.cs:line 185
[xUnit.net 00:00:00.81]       - HTML Consistency Validation: Error during validation: CLI invocation failed with exit code 255: 
[xUnit.net 00:00:00.81]         System.InvalidOperationException: CLI invocation failed with exit code 255: 
[xUnit.net 00:00:00.81]          at RoslynDiff.TestUtilities.Validators.SampleDataValidator.GenerateOutput(String oldFile, String newFile, String format, SampleDataValidatorOptions options) in /Users/randlee/Documents/github/roslyn-diff-worktrees/feature/sample-data-validation-tests/tests/RoslynDiff.TestUtilities/Validators/SampleDataValidator.cs:line 533
[xUnit.net 00:00:00.81]          at RoslynDiff.TestUtilities.Validators.SampleDataValidator.ValidateHtmlConsistency(String oldFile, String newFile, SampleDataValidatorOptions options) in /Users/randlee/Documents/github/roslyn-diff-worktrees/feature/sample-data-validation-tests/tests/RoslynDiff.TestUtilities/Validators/SampleDataValidator.cs:line 265
[xUnit.net 00:00:00.81]       - Cross-Format Consistency Validation: Error during validation: CLI invocation failed with exit code 255: 
[xUnit.net 00:00:00.81]         System.InvalidOperationException: CLI invocation failed with exit code 255: 
[xUnit.net 00:00:00.81]          at RoslynDiff.TestUtilities.Validators.SampleDataValidator.GenerateOutput(String oldFile, String newFile, String format, SampleDataValidatorOptions options) in /Users/randlee/Documents/github/roslyn-diff-worktrees/feature/sample-data-validation-tests/tests/RoslynDiff.TestUtilities/Validators/SampleDataValidator.cs:line 533
[xUnit.net 00:00:00.81]          at RoslynDiff.TestUtilities.Validators.SampleDataValidator.ValidateCrossFormatConsistency(String oldFile, String newFile, SampleDataValidatorOptions options) in /Users/randlee/Documents/github/roslyn-diff-worktrees/feature/sample-data-validation-tests/tests/RoslynDiff.TestUtilities/Validators/SampleDataValidator.cs:line 346
[xUnit.net 00:00:00.81]       Stack Trace:
[xUnit.net 00:00:00.81]         /Users/randlee/Documents/github/roslyn-diff-worktrees/feature/sample-data-validation-tests/tests/RoslynDiff.Integration.Tests/SampleValidation/SampleValidationTestBase.cs(139,0): at RoslynDiff.Integration.Tests.SampleValidation.SampleValidationTestBase.AssertAllPassed(IEnumerable`1 results)
[xUnit.net 00:00:00.81]         /Users/randlee/Documents/github/roslyn-diff-worktrees/feature/sample-data-validation-tests/tests/RoslynDiff.Integration.Tests/SampleValidation/SampleCoverageTests.cs(50,0): at RoslynDiff.Integration.Tests.SampleValidation.SampleCoverageTests.Samp001_AllSamplesDirectory_ValidateAll()
[xUnit.net 00:00:00.81]            at System.Reflection.MethodBaseInvoker.InterpretedInvoke_Method(Object obj, IntPtr* args)
[xUnit.net 00:00:00.81]            at System.Reflection.MethodBaseInvoker.InvokeWithNoArgs(Object obj, BindingFlags invokeAttr)
[xUnit.net 00:00:01.13]     RoslynDiff.Integration.Tests.SampleValidation.SampleCoverageTests.Samp002_Calculator_CompleteValidation [FAIL]
[xUnit.net 00:00:01.13]       4 of 4 validations failed:
[xUnit.net 00:00:01.13]       - Line Number Integrity Validation: Error during validation: CLI invocation failed with exit code 255: 
[xUnit.net 00:00:01.13]         System.InvalidOperationException: CLI invocation failed with exit code 255: 
[xUnit.net 00:00:01.13]          at RoslynDiff.TestUtilities.Validators.SampleDataValidator.GenerateOutput(String oldFile, String newFile, String format, SampleDataValidatorOptions options) in /Users/randlee/Documents/github/roslyn-diff-worktrees/feature/sample-data-validation-tests/tests/RoslynDiff.TestUtilities/Validators/SampleDataValidator.cs:line 533
[xUnit.net 00:00:01.13]          at RoslynDiff.TestUtilities.Validators.SampleDataValidator.ValidateLineNumberIntegrity(String oldFile, String newFile, SampleDataValidatorOptions options) in /Users/randlee/Documents/github/roslyn-diff-worktrees/feature/sample-data-validation-tests/tests/RoslynDiff.TestUtilities/Validators/SampleDataValidator.cs:line 79
[xUnit.net 00:00:01.13]       - JSON Consistency Validation: Error during validation: CLI invocation failed with exit code 255: 
[xUnit.net 00:00:01.13]         System.InvalidOperationException: CLI invocation failed with exit code 255: 
[xUnit.net 00:00:01.13]          at RoslynDiff.TestUtilities.Validators.SampleDataValidator.GenerateOutput(String oldFile, String newFile, String format, SampleDataValidatorOptions options) in /Users/randlee/Documents/github/roslyn-diff-worktrees/feature/sample-data-validation-tests/tests/RoslynDiff.TestUtilities/Validators/SampleDataValidator.cs:line 533
[xUnit.net 00:00:01.13]          at RoslynDiff.TestUtilities.Validators.SampleDataValidator.ValidateJsonConsistency(String oldFile, String newFile, SampleDataValidatorOptions options) in /Users/randlee/Documents/github/roslyn-diff-worktrees/feature/sample-data-validation-tests/tests/RoslynDiff.TestUtilities/Validators/SampleDataValidator.cs:line 185
[xUnit.net 00:00:01.13]       - HTML Consistency Validation: Error during validation: CLI invocation failed with exit code 255: 
[xUnit.net 00:00:01.13]         System.InvalidOperationException: CLI invocation failed with exit code 255: 
[xUnit.net 00:00:01.13]          at RoslynDiff.TestUtilities.Validators.SampleDataValidator.GenerateOutput(String oldFile, String newFile, String format, SampleDataValidatorOptions options) in /Users/randlee/Documents/github/roslyn-diff-worktrees/feature/sample-data-validation-tests/tests/RoslynDiff.TestUtilities/Validators/SampleDataValidator.cs:line 533
[xUnit.net 00:00:01.13]          at RoslynDiff.TestUtilities.Validators.SampleDataValidator.ValidateHtmlConsistency(String oldFile, String newFile, SampleDataValidatorOptions options) in /Users/randlee/Documents/github/roslyn-diff-worktrees/feature/sample-data-validation-tests/tests/RoslynDiff.TestUtilities/Validators/SampleDataValidator.cs:line 265
[xUnit.net 00:00:01.13]       - Cross-Format Consistency Validation: Error during validation: CLI invocation failed with exit code 255: 
[xUnit.net 00:00:01.13]         System.InvalidOperationException: CLI invocation failed with exit code 255: 
[xUnit.net 00:00:01.13]          at RoslynDiff.TestUtilities.Validators.SampleDataValidator.GenerateOutput(String oldFile, String newFile, String format, SampleDataValidatorOptions options) in /Users/randlee/Documents/github/roslyn-diff-worktrees/feature/sample-data-validation-tests/tests/RoslynDiff.TestUtilities/Validators/SampleDataValidator.cs:line 533
[xUnit.net 00:00:01.13]          at RoslynDiff.TestUtilities.Validators.SampleDataValidator.ValidateCrossFormatConsistency(String oldFile, String newFile, SampleDataValidatorOptions options) in /Users/randlee/Documents/github/roslyn-diff-worktrees/feature/sample-data-validation-tests/tests/RoslynDiff.TestUtilities/Validators/SampleDataValidator.cs:line 346
[xUnit.net 00:00:01.13]       Stack Trace:
[xUnit.net 00:00:01.13]         /Users/randlee/Documents/github/roslyn-diff-worktrees/feature/sample-data-validation-tests/tests/RoslynDiff.Integration.Tests/SampleValidation/SampleValidationTestBase.cs(139,0): at RoslynDiff.Integration.Tests.SampleValidation.SampleValidationTestBase.AssertAllPassed(IEnumerable`1 results)
[xUnit.net 00:00:01.13]         /Users/randlee/Documents/github/roslyn-diff-worktrees/feature/sample-data-validation-tests/tests/RoslynDiff.Integration.Tests/SampleValidation/SampleCoverageTests.cs(73,0): at RoslynDiff.Integration.Tests.SampleValidation.SampleCoverageTests.Samp002_Calculator_CompleteValidation()
[xUnit.net 00:00:01.13]            at System.Reflection.MethodBaseInvoker.InterpretedInvoke_Method(Object obj, IntPtr* args)
[xUnit.net 00:00:01.13]            at System.Reflection.MethodBaseInvoker.InvokeWithNoArgs(Object obj, BindingFlags invokeAttr)
  Passed RoslynDiff.Integration.Tests.SampleValidation.SampleCoverageTests.Samp004_SampleCount_MatchesExpected [7 ms]
  Failed RoslynDiff.Integration.Tests.SampleValidation.SampleCoverageTests.Samp001_AllSamplesDirectory_ValidateAll [709 ms]
  Error Message:
   8 of 8 validations failed:
- Line Number Integrity Validation: Error during validation: CLI invocation failed with exit code 255: 
  System.InvalidOperationException: CLI invocation failed with exit code 255: 
   at RoslynDiff.TestUtilities.Validators.SampleDataValidator.GenerateOutput(String oldFile, String newFile, String format, SampleDataValidatorOptions options) in /Users/randlee/Documents/github/roslyn-diff-worktrees/feature/sample-data-validation-tests/tests/RoslynDiff.TestUtilities/Validators/SampleDataValidator.cs:line 533
   at RoslynDiff.TestUtilities.Validators.SampleDataValidator.ValidateLineNumberIntegrity(String oldFile, String newFile, SampleDataValidatorOptions options) in /Users/randlee/Documents/github/roslyn-diff-worktrees/feature/sample-data-validation-tests/tests/RoslynDiff.TestUtilities/Validators/SampleDataValidator.cs:line 79
- JSON Consistency Validation: Error during validation: CLI invocation failed with exit code 255: 
  System.InvalidOperationException: CLI invocation failed with exit code 255: 
   at RoslynDiff.TestUtilities.Validators.SampleDataValidator.GenerateOutput(String oldFile, String newFile, String format, SampleDataValidatorOptions options) in /Users/randlee/Documents/github/roslyn-diff-worktrees/feature/sample-data-validation-tests/tests/RoslynDiff.TestUtilities/Validators/SampleDataValidator.cs:line 533
   at RoslynDiff.TestUtilities.Validators.SampleDataValidator.ValidateJsonConsistency(String oldFile, String newFile, SampleDataValidatorOptions options) in /Users/randlee/Documents/github/roslyn-diff-worktrees/feature/sample-data-validation-tests/tests/RoslynDiff.TestUtilities/Validators/SampleDataValidator.cs:line 185
- HTML Consistency Validation: Error during validation: CLI invocation failed with exit code 255: 
  System.InvalidOperationException: CLI invocation failed with exit code 255: 
   at RoslynDiff.TestUtilities.Validators.SampleDataValidator.GenerateOutput(String oldFile, String newFile, String format, SampleDataValidatorOptions options) in /Users/randlee/Documents/github/roslyn-diff-worktrees/feature/sample-data-validation-tests/tests/RoslynDiff.TestUtilities/Validators/SampleDataValidator.cs:line 533
   at RoslynDiff.TestUtilities.Validators.SampleDataValidator.ValidateHtmlConsistency(String oldFile, String newFile, SampleDataValidatorOptions options) in /Users/randlee/Documents/github/roslyn-diff-worktrees/feature/sample-data-validation-tests/tests/RoslynDiff.TestUtilities/Validators/SampleDataValidator.cs:line 265
- Cross-Format Consistency Validation: Error during validation: CLI invocation failed with exit code 255: 
  System.InvalidOperationException: CLI invocation failed with exit code 255: 
   at RoslynDiff.TestUtilities.Validators.SampleDataValidator.GenerateOutput(String oldFile, String newFile, String format, SampleDataValidatorOptions options) in /Users/randlee/Documents/github/roslyn-diff-worktrees/feature/sample-data-validation-tests/tests/RoslynDiff.TestUtilities/Validators/SampleDataValidator.cs:line 533
   at RoslynDiff.TestUtilities.Validators.SampleDataValidator.ValidateCrossFormatConsistency(String oldFile, String newFile, SampleDataValidatorOptions options) in /Users/randlee/Documents/github/roslyn-diff-worktrees/feature/sample-data-validation-tests/tests/RoslynDiff.TestUtilities/Validators/SampleDataValidator.cs:line 346
- Line Number Integrity Validation: Error during validation: CLI invocation failed with exit code 255: 
  System.InvalidOperationException: CLI invocation failed with exit code 255: 
   at RoslynDiff.TestUtilities.Validators.SampleDataValidator.GenerateOutput(String oldFile, String newFile, String format, SampleDataValidatorOptions options) in /Users/randlee/Documents/github/roslyn-diff-worktrees/feature/sample-data-validation-tests/tests/RoslynDiff.TestUtilities/Validators/SampleDataValidator.cs:line 533
   at RoslynDiff.TestUtilities.Validators.SampleDataValidator.ValidateLineNumberIntegrity(String oldFile, String newFile, SampleDataValidatorOptions options) in /Users/randlee/Documents/github/roslyn-diff-worktrees/feature/sample-data-validation-tests/tests/RoslynDiff.TestUtilities/Validators/SampleDataValidator.cs:line 79
- JSON Consistency Validation: Error during validation: CLI invocation failed with exit code 255: 
  System.InvalidOperationException: CLI invocation failed with exit code 255: 
   at RoslynDiff.TestUtilities.Validators.SampleDataValidator.GenerateOutput(String oldFile, String newFile, String format, SampleDataValidatorOptions options) in /Users/randlee/Documents/github/roslyn-diff-worktrees/feature/sample-data-validation-tests/tests/RoslynDiff.TestUtilities/Validators/SampleDataValidator.cs:line 533
   at RoslynDiff.TestUtilities.Validators.SampleDataValidator.ValidateJsonConsistency(String oldFile, String newFile, SampleDataValidatorOptions options) in /Users/randlee/Documents/github/roslyn-diff-worktrees/feature/sample-data-validation-tests/tests/RoslynDiff.TestUtilities/Validators/SampleDataValidator.cs:line 185
- HTML Consistency Validation: Error during validation: CLI invocation failed with exit code 255: 
  System.InvalidOperationException: CLI invocation failed with exit code 255: 
   at RoslynDiff.TestUtilities.Validators.SampleDataValidator.GenerateOutput(String oldFile, String newFile, String format, SampleDataValidatorOptions options) in /Users/randlee/Documents/github/roslyn-diff-worktrees/feature/sample-data-validation-tests/tests/RoslynDiff.TestUtilities/Validators/SampleDataValidator.cs:line 533
   at RoslynDiff.TestUtilities.Validators.SampleDataValidator.ValidateHtmlConsistency(String oldFile, String newFile, SampleDataValidatorOptions options) in /Users/randlee/Documents/github/roslyn-diff-worktrees/feature/sample-data-validation-tests/tests/RoslynDiff.TestUtilities/Validators/SampleDataValidator.cs:line 265
- Cross-Format Consistency Validation: Error during validation: CLI invocation failed with exit code 255: 
  System.InvalidOperationException: CLI invocation failed with exit code 255: 
   at RoslynDiff.TestUtilities.Validators.SampleDataValidator.GenerateOutput(String oldFile, String newFile, String format, SampleDataValidatorOptions options) in /Users/randlee/Documents/github/roslyn-diff-worktrees/feature/sample-data-validation-tests/tests/RoslynDiff.TestUtilities/Validators/SampleDataValidator.cs:line 533
   at RoslynDiff.TestUtilities.Validators.SampleDataValidator.ValidateCrossFormatConsistency(String oldFile, String newFile, SampleDataValidatorOptions options) in /Users/randlee/Documents/github/roslyn-diff-worktrees/feature/sample-data-validation-tests/tests/RoslynDiff.TestUtilities/Validators/SampleDataValidator.cs:line 346
  Stack Trace:
     at RoslynDiff.Integration.Tests.SampleValidation.SampleValidationTestBase.AssertAllPassed(IEnumerable`1 results) in /Users/randlee/Documents/github/roslyn-diff-worktrees/feature/sample-data-validation-tests/tests/RoslynDiff.Integration.Tests/SampleValidation/SampleValidationTestBase.cs:line 139
   at RoslynDiff.Integration.Tests.SampleValidation.SampleCoverageTests.Samp001_AllSamplesDirectory_ValidateAll() in /Users/randlee/Documents/github/roslyn-diff-worktrees/feature/sample-data-validation-tests/tests/RoslynDiff.Integration.Tests/SampleValidation/SampleCoverageTests.cs:line 50
   at System.Reflection.MethodBaseInvoker.InterpretedInvoke_Method(Object obj, IntPtr* args)
   at System.Reflection.MethodBaseInvoker.InvokeWithNoArgs(Object obj, BindingFlags invokeAttr)
  Failed RoslynDiff.Integration.Tests.SampleValidation.SampleCoverageTests.Samp002_Calculator_CompleteValidation [336 ms]
  Error Message:
   4 of 4 validations failed:
- Line Number Integrity Validation: Error during validation: CLI invocation failed with exit code 255: 
  System.InvalidOperationException: CLI invocation failed with exit code 255: 
   at RoslynDiff.TestUtilities.Validators.SampleDataValidator.GenerateOutput(String oldFile, String newFile, String format, SampleDataValidatorOptions options) in /Users/randlee/Documents/github/roslyn-diff-worktrees/feature/sample-data-validation-tests/tests/RoslynDiff.TestUtilities/Validators/SampleDataValidator.cs:line 533
   at RoslynDiff.TestUtilities.Validators.SampleDataValidator.ValidateLineNumberIntegrity(String oldFile, String newFile, SampleDataValidatorOptions options) in /Users/randlee/Documents/github/roslyn-diff-worktrees/feature/sample-data-validation-tests/tests/RoslynDiff.TestUtilities/Validators/SampleDataValidator.cs:line 79
- JSON Consistency Validation: Error during validation: CLI invocation failed with exit code 255: 
  System.InvalidOperationException: CLI invocation failed with exit code 255: 
   at RoslynDiff.TestUtilities.Validators.SampleDataValidator.GenerateOutput(String oldFile, String newFile, String format, SampleDataValidatorOptions options) in /Users/randlee/Documents/github/roslyn-diff-worktrees/feature/sample-data-validation-tests/tests/RoslynDiff.TestUtilities/Validators/SampleDataValidator.cs:line 533
   at RoslynDiff.TestUtilities.Validators.SampleDataValidator.ValidateJsonConsistency(String oldFile, String newFile, SampleDataValidatorOptions options) in /Users/randlee/Documents/github/roslyn-diff-worktrees/feature/sample-data-validation-tests/tests/RoslynDiff.TestUtilities/Validators/SampleDataValidator.cs:line 185
- HTML Consistency Validation: Error during validation: CLI invocation failed with exit code 255: 
  System.InvalidOperationException: CLI invocation failed with exit code 255: 
   at RoslynDiff.TestUtilities.Validators.SampleDataValidator.GenerateOutput(String oldFile, String newFile, String format, SampleDataValidatorOptions options) in /Users/randlee/Documents/github/roslyn-diff-worktrees/feature/sample-data-validation-tests/tests/RoslynDiff.TestUtilities/Validators/SampleDataValidator.cs:line 533
   at RoslynDiff.TestUtilities.Validators.SampleDataValidator.ValidateHtmlConsistency(String oldFile, String newFile, SampleDataValidatorOptions options) in /Users/randlee/Documents/github/roslyn-diff-worktrees/feature/sample-data-validation-tests/tests/RoslynDiff.TestUtilities/Validators/SampleDataValidator.cs:line 265
- Cross-Format Consistency Validation: Error during validation: CLI invocation failed with exit code 255: 
  System.InvalidOperationException: CLI invocation failed with exit code 255: 
   at RoslynDiff.TestUtilities.Validators.SampleDataValidator.GenerateOutput(String oldFile, String newFile, String format, SampleDataValidatorOptions options) in /Users/randlee/Documents/github/roslyn-diff-worktrees/feature/sample-data-validation-tests/tests/RoslynDiff.TestUtilities/Validators/SampleDataValidator.cs:line 533
   at RoslynDiff.TestUtilities.Validators.SampleDataValidator.ValidateCrossFormatConsistency(String oldFile, String newFile, SampleDataValidatorOptions options) in /Users/randlee/Documents/github/roslyn-diff-worktrees/feature/sample-data-validation-tests/tests/RoslynDiff.TestUtilities/Validators/SampleDataValidator.cs:line 346
  Stack Trace:
     at RoslynDiff.Integration.Tests.SampleValidation.SampleValidationTestBase.AssertAllPassed(IEnumerable`1 results) in /Users/randlee/Documents/github/roslyn-diff-worktrees/feature/sample-data-validation-tests/tests/RoslynDiff.Integration.Tests/SampleValidation/SampleValidationTestBase.cs:line 139
   at RoslynDiff.Integration.Tests.SampleValidation.SampleCoverageTests.Samp002_Calculator_CompleteValidation() in /Users/randlee/Documents/github/roslyn-diff-worktrees/feature/sample-data-validation-tests/tests/RoslynDiff.Integration.Tests/SampleValidation/SampleCoverageTests.cs:line 73
   at System.Reflection.MethodBaseInvoker.InterpretedInvoke_Method(Object obj, IntPtr* args)
   at System.Reflection.MethodBaseInvoker.InvokeWithNoArgs(Object obj, BindingFlags invokeAttr)
[xUnit.net 00:00:01.78]     RoslynDiff.Integration.Tests.SampleValidation.SampleCoverageTests.Samp005_AllSamples_LineMode_ValidateAll [FAIL]
[xUnit.net 00:00:01.78]       8 of 8 validations failed:
[xUnit.net 00:00:01.78]       - Line Number Integrity Validation: Error during validation: CLI invocation failed with exit code 255: 
[xUnit.net 00:00:01.78]         System.InvalidOperationException: CLI invocation failed with exit code 255: 
[xUnit.net 00:00:01.78]          at RoslynDiff.TestUtilities.Validators.SampleDataValidator.GenerateOutput(String oldFile, String newFile, String format, SampleDataValidatorOptions options) in /Users/randlee/Documents/github/roslyn-diff-worktrees/feature/sample-data-validation-tests/tests/RoslynDiff.TestUtilities/Validators/SampleDataValidator.cs:line 533
[xUnit.net 00:00:01.78]          at RoslynDiff.TestUtilities.Validators.SampleDataValidator.ValidateLineNumberIntegrity(String oldFile, String newFile, SampleDataValidatorOptions options) in /Users/randlee/Documents/github/roslyn-diff-worktrees/feature/sample-data-validation-tests/tests/RoslynDiff.TestUtilities/Validators/SampleDataValidator.cs:line 79
[xUnit.net 00:00:01.78]       - JSON Consistency Validation: Error during validation: CLI invocation failed with exit code 255: 
[xUnit.net 00:00:01.78]         System.InvalidOperationException: CLI invocation failed with exit code 255: 
[xUnit.net 00:00:01.78]          at RoslynDiff.TestUtilities.Validators.SampleDataValidator.GenerateOutput(String oldFile, String newFile, String format, SampleDataValidatorOptions options) in /Users/randlee/Documents/github/roslyn-diff-worktrees/feature/sample-data-validation-tests/tests/RoslynDiff.TestUtilities/Validators/SampleDataValidator.cs:line 533
[xUnit.net 00:00:01.78]          at RoslynDiff.TestUtilities.Validators.SampleDataValidator.ValidateJsonConsistency(String oldFile, String newFile, SampleDataValidatorOptions options) in /Users/randlee/Documents/github/roslyn-diff-worktrees/feature/sample-data-validation-tests/tests/RoslynDiff.TestUtilities/Validators/SampleDataValidator.cs:line 185
[xUnit.net 00:00:01.78]       - HTML Consistency Validation: Error during validation: CLI invocation failed with exit code 255: 
[xUnit.net 00:00:01.78]         System.InvalidOperationException: CLI invocation failed with exit code 255: 
[xUnit.net 00:00:01.78]          at RoslynDiff.TestUtilities.Validators.SampleDataValidator.GenerateOutput(String oldFile, String newFile, String format, SampleDataValidatorOptions options) in /Users/randlee/Documents/github/roslyn-diff-worktrees/feature/sample-data-validation-tests/tests/RoslynDiff.TestUtilities/Validators/SampleDataValidator.cs:line 533
[xUnit.net 00:00:01.78]          at RoslynDiff.TestUtilities.Validators.SampleDataValidator.ValidateHtmlConsistency(String oldFile, String newFile, SampleDataValidatorOptions options) in /Users/randlee/Documents/github/roslyn-diff-worktrees/feature/sample-data-validation-tests/tests/RoslynDiff.TestUtilities/Validators/SampleDataValidator.cs:line 265
[xUnit.net 00:00:01.78]       - Cross-Format Consistency Validation: Error during validation: CLI invocation failed with exit code 255: 
[xUnit.net 00:00:01.78]         System.InvalidOperationException: CLI invocation failed with exit code 255: 
[xUnit.net 00:00:01.78]          at RoslynDiff.TestUtilities.Validators.SampleDataValidator.GenerateOutput(String oldFile, String newFile, String format, SampleDataValidatorOptions options) in /Users/randlee/Documents/github/roslyn-diff-worktrees/feature/sample-data-validation-tests/tests/RoslynDiff.TestUtilities/Validators/SampleDataValidator.cs:line 533
[xUnit.net 00:00:01.78]          at RoslynDiff.TestUtilities.Validators.SampleDataValidator.ValidateCrossFormatConsistency(String oldFile, String newFile, SampleDataValidatorOptions options) in /Users/randlee/Documents/github/roslyn-diff-worktrees/feature/sample-data-validation-tests/tests/RoslynDiff.TestUtilities/Validators/SampleDataValidator.cs:line 346
[xUnit.net 00:00:01.78]       - Line Number Integrity Validation: Error during validation: CLI invocation failed with exit code 255: 
[xUnit.net 00:00:01.78]         System.InvalidOperationException: CLI invocation failed with exit code 255: 
[xUnit.net 00:00:01.78]          at RoslynDiff.TestUtilities.Validators.SampleDataValidator.GenerateOutput(String oldFile, String newFile, String format, SampleDataValidatorOptions options) in /Users/randlee/Documents/github/roslyn-diff-worktrees/feature/sample-data-validation-tests/tests/RoslynDiff.TestUtilities/Validators/SampleDataValidator.cs:line 533
[xUnit.net 00:00:01.78]          at RoslynDiff.TestUtilities.Validators.SampleDataValidator.ValidateLineNumberIntegrity(String oldFile, String newFile, SampleDataValidatorOptions options) in /Users/randlee/Documents/github/roslyn-diff-worktrees/feature/sample-data-validation-tests/tests/RoslynDiff.TestUtilities/Validators/SampleDataValidator.cs:line 79
[xUnit.net 00:00:01.78]       - JSON Consistency Validation: Error during validation: CLI invocation failed with exit code 255: 
[xUnit.net 00:00:01.78]         System.InvalidOperationException: CLI invocation failed with exit code 255: 
[xUnit.net 00:00:01.78]          at RoslynDiff.TestUtilities.Validators.SampleDataValidator.GenerateOutput(String oldFile, String newFile, String format, SampleDataValidatorOptions options) in /Users/randlee/Documents/github/roslyn-diff-worktrees/feature/sample-data-validation-tests/tests/RoslynDiff.TestUtilities/Validators/SampleDataValidator.cs:line 533
[xUnit.net 00:00:01.78]          at RoslynDiff.TestUtilities.Validators.SampleDataValidator.ValidateJsonConsistency(String oldFile, String newFile, SampleDataValidatorOptions options) in /Users/randlee/Documents/github/roslyn-diff-worktrees/feature/sample-data-validation-tests/tests/RoslynDiff.TestUtilities/Validators/SampleDataValidator.cs:line 185
[xUnit.net 00:00:01.78]       - HTML Consistency Validation: Error during validation: CLI invocation failed with exit code 255: 
[xUnit.net 00:00:01.78]         System.InvalidOperationException: CLI invocation failed with exit code 255: 
[xUnit.net 00:00:01.78]          at RoslynDiff.TestUtilities.Validators.SampleDataValidator.GenerateOutput(String oldFile, String newFile, String format, SampleDataValidatorOptions options) in /Users/randlee/Documents/github/roslyn-diff-worktrees/feature/sample-data-validation-tests/tests/RoslynDiff.TestUtilities/Validators/SampleDataValidator.cs:line 533
[xUnit.net 00:00:01.78]          at RoslynDiff.TestUtilities.Validators.SampleDataValidator.ValidateHtmlConsistency(String oldFile, String newFile, SampleDataValidatorOptions options) in /Users/randlee/Documents/github/roslyn-diff-worktrees/feature/sample-data-validation-tests/tests/RoslynDiff.TestUtilities/Validators/SampleDataValidator.cs:line 265
[xUnit.net 00:00:01.78]       - Cross-Format Consistency Validation: Error during validation: CLI invocation failed with exit code 255: 
[xUnit.net 00:00:01.78]         System.InvalidOperationException: CLI invocation failed with exit code 255: 
[xUnit.net 00:00:01.78]          at RoslynDiff.TestUtilities.Validators.SampleDataValidator.GenerateOutput(String oldFile, String newFile, String format, SampleDataValidatorOptions options) in /Users/randlee/Documents/github/roslyn-diff-worktrees/feature/sample-data-validation-tests/tests/RoslynDiff.TestUtilities/Validators/SampleDataValidator.cs:line 533
[xUnit.net 00:00:01.78]          at RoslynDiff.TestUtilities.Validators.SampleDataValidator.ValidateCrossFormatConsistency(String oldFile, String newFile, SampleDataValidatorOptions options) in /Users/randlee/Documents/github/roslyn-diff-worktrees/feature/sample-data-validation-tests/tests/RoslynDiff.TestUtilities/Validators/SampleDataValidator.cs:line 346
[xUnit.net 00:00:01.78]       Stack Trace:
[xUnit.net 00:00:01.78]         /Users/randlee/Documents/github/roslyn-diff-worktrees/feature/sample-data-validation-tests/tests/RoslynDiff.Integration.Tests/SampleValidation/SampleValidationTestBase.cs(139,0): at RoslynDiff.Integration.Tests.SampleValidation.SampleValidationTestBase.AssertAllPassed(IEnumerable`1 results)
[xUnit.net 00:00:01.78]         /Users/randlee/Documents/github/roslyn-diff-worktrees/feature/sample-data-validation-tests/tests/RoslynDiff.Integration.Tests/SampleValidation/SampleCoverageTests.cs(174,0): at RoslynDiff.Integration.Tests.SampleValidation.SampleCoverageTests.Samp005_AllSamples_LineMode_ValidateAll()
[xUnit.net 00:00:01.78]            at System.Reflection.MethodBaseInvoker.InterpretedInvoke_Method(Object obj, IntPtr* args)
[xUnit.net 00:00:01.78]            at System.Reflection.RuntimeMethodInfo.Invoke(Object obj, BindingFlags invokeAttr, Binder binder, Object[] parameters, CultureInfo culture)
[xUnit.net 00:00:02.11]     RoslynDiff.Integration.Tests.SampleValidation.SampleCoverageTests.Samp003_UserService_CompleteValidation [FAIL]
[xUnit.net 00:00:02.11]       4 of 4 validations failed:
[xUnit.net 00:00:02.11]       - Line Number Integrity Validation: Error during validation: CLI invocation failed with exit code 255: 
[xUnit.net 00:00:02.11]         System.InvalidOperationException: CLI invocation failed with exit code 255: 
[xUnit.net 00:00:02.11]          at RoslynDiff.TestUtilities.Validators.SampleDataValidator.GenerateOutput(String oldFile, String newFile, String format, SampleDataValidatorOptions options) in /Users/randlee/Documents/github/roslyn-diff-worktrees/feature/sample-data-validation-tests/tests/RoslynDiff.TestUtilities/Validators/SampleDataValidator.cs:line 533
[xUnit.net 00:00:02.11]          at RoslynDiff.TestUtilities.Validators.SampleDataValidator.ValidateLineNumberIntegrity(String oldFile, String newFile, SampleDataValidatorOptions options) in /Users/randlee/Documents/github/roslyn-diff-worktrees/feature/sample-data-validation-tests/tests/RoslynDiff.TestUtilities/Validators/SampleDataValidator.cs:line 79
[xUnit.net 00:00:02.11]       - JSON Consistency Validation: Error during validation: CLI invocation failed with exit code 255: 
[xUnit.net 00:00:02.11]         System.InvalidOperationException: CLI invocation failed with exit code 255: 
[xUnit.net 00:00:02.11]          at RoslynDiff.TestUtilities.Validators.SampleDataValidator.GenerateOutput(String oldFile, String newFile, String format, SampleDataValidatorOptions options) in /Users/randlee/Documents/github/roslyn-diff-worktrees/feature/sample-data-validation-tests/tests/RoslynDiff.TestUtilities/Validators/SampleDataValidator.cs:line 533
[xUnit.net 00:00:02.11]          at RoslynDiff.TestUtilities.Validators.SampleDataValidator.ValidateJsonConsistency(String oldFile, String newFile, SampleDataValidatorOptions options) in /Users/randlee/Documents/github/roslyn-diff-worktrees/feature/sample-data-validation-tests/tests/RoslynDiff.TestUtilities/Validators/SampleDataValidator.cs:line 185
[xUnit.net 00:00:02.11]       - HTML Consistency Validation: Error during validation: CLI invocation failed with exit code 255: 
[xUnit.net 00:00:02.11]         System.InvalidOperationException: CLI invocation failed with exit code 255: 
[xUnit.net 00:00:02.11]          at RoslynDiff.TestUtilities.Validators.SampleDataValidator.GenerateOutput(String oldFile, String newFile, String format, SampleDataValidatorOptions options) in /Users/randlee/Documents/github/roslyn-diff-worktrees/feature/sample-data-validation-tests/tests/RoslynDiff.TestUtilities/Validators/SampleDataValidator.cs:line 533
[xUnit.net 00:00:02.11]          at RoslynDiff.TestUtilities.Validators.SampleDataValidator.ValidateHtmlConsistency(String oldFile, String newFile, SampleDataValidatorOptions options) in /Users/randlee/Documents/github/roslyn-diff-worktrees/feature/sample-data-validation-tests/tests/RoslynDiff.TestUtilities/Validators/SampleDataValidator.cs:line 265
[xUnit.net 00:00:02.11]       - Cross-Format Consistency Validation: Error during validation: CLI invocation failed with exit code 255: 
[xUnit.net 00:00:02.11]         System.InvalidOperationException: CLI invocation failed with exit code 255: 
[xUnit.net 00:00:02.11]          at RoslynDiff.TestUtilities.Validators.SampleDataValidator.GenerateOutput(String oldFile, String newFile, String format, SampleDataValidatorOptions options) in /Users/randlee/Documents/github/roslyn-diff-worktrees/feature/sample-data-validation-tests/tests/RoslynDiff.TestUtilities/Validators/SampleDataValidator.cs:line 533
[xUnit.net 00:00:02.11]          at RoslynDiff.TestUtilities.Validators.SampleDataValidator.ValidateCrossFormatConsistency(String oldFile, String newFile, SampleDataValidatorOptions options) in /Users/randlee/Documents/github/roslyn-diff-worktrees/feature/sample-data-validation-tests/tests/RoslynDiff.TestUtilities/Validators/SampleDataValidator.cs:line 346
[xUnit.net 00:00:02.11]       Stack Trace:
[xUnit.net 00:00:02.11]         /Users/randlee/Documents/github/roslyn-diff-worktrees/feature/sample-data-validation-tests/tests/RoslynDiff.Integration.Tests/SampleValidation/SampleValidationTestBase.cs(139,0): at RoslynDiff.Integration.Tests.SampleValidation.SampleValidationTestBase.AssertAllPassed(IEnumerable`1 results)
[xUnit.net 00:00:02.11]         /Users/randlee/Documents/github/roslyn-diff-worktrees/feature/sample-data-validation-tests/tests/RoslynDiff.Integration.Tests/SampleValidation/SampleCoverageTests.cs(101,0): at RoslynDiff.Integration.Tests.SampleValidation.SampleCoverageTests.Samp003_UserService_CompleteValidation()
[xUnit.net 00:00:02.11]            at System.Reflection.MethodBaseInvoker.InterpretedInvoke_Method(Object obj, IntPtr* args)
[xUnit.net 00:00:02.11]            at System.Reflection.RuntimeMethodInfo.Invoke(Object obj, BindingFlags invokeAttr, Binder binder, Object[] parameters, CultureInfo culture)
[xUnit.net 00:00:02.11]   Finished:    RoslynDiff.Integration.Tests
  Failed RoslynDiff.Integration.Tests.SampleValidation.SampleCoverageTests.Samp005_AllSamples_LineMode_ValidateAll [654 ms]
  Error Message:
   8 of 8 validations failed:
- Line Number Integrity Validation: Error during validation: CLI invocation failed with exit code 255: 
  System.InvalidOperationException: CLI invocation failed with exit code 255: 
   at RoslynDiff.TestUtilities.Validators.SampleDataValidator.GenerateOutput(String oldFile, String newFile, String format, SampleDataValidatorOptions options) in /Users/randlee/Documents/github/roslyn-diff-worktrees/feature/sample-data-validation-tests/tests/RoslynDiff.TestUtilities/Validators/SampleDataValidator.cs:line 533
   at RoslynDiff.TestUtilities.Validators.SampleDataValidator.ValidateLineNumberIntegrity(String oldFile, String newFile, SampleDataValidatorOptions options) in /Users/randlee/Documents/github/roslyn-diff-worktrees/feature/sample-data-validation-tests/tests/RoslynDiff.TestUtilities/Validators/SampleDataValidator.cs:line 79
- JSON Consistency Validation: Error during validation: CLI invocation failed with exit code 255: 
  System.InvalidOperationException: CLI invocation failed with exit code 255: 
   at RoslynDiff.TestUtilities.Validators.SampleDataValidator.GenerateOutput(String oldFile, String newFile, String format, SampleDataValidatorOptions options) in /Users/randlee/Documents/github/roslyn-diff-worktrees/feature/sample-data-validation-tests/tests/RoslynDiff.TestUtilities/Validators/SampleDataValidator.cs:line 533
   at RoslynDiff.TestUtilities.Validators.SampleDataValidator.ValidateJsonConsistency(String oldFile, String newFile, SampleDataValidatorOptions options) in /Users/randlee/Documents/github/roslyn-diff-worktrees/feature/sample-data-validation-tests/tests/RoslynDiff.TestUtilities/Validators/SampleDataValidator.cs:line 185
- HTML Consistency Validation: Error during validation: CLI invocation failed with exit code 255: 
  System.InvalidOperationException: CLI invocation failed with exit code 255: 
   at RoslynDiff.TestUtilities.Validators.SampleDataValidator.GenerateOutput(String oldFile, String newFile, String format, SampleDataValidatorOptions options) in /Users/randlee/Documents/github/roslyn-diff-worktrees/feature/sample-data-validation-tests/tests/RoslynDiff.TestUtilities/Validators/SampleDataValidator.cs:line 533
   at RoslynDiff.TestUtilities.Validators.SampleDataValidator.ValidateHtmlConsistency(String oldFile, String newFile, SampleDataValidatorOptions options) in /Users/randlee/Documents/github/roslyn-diff-worktrees/feature/sample-data-validation-tests/tests/RoslynDiff.TestUtilities/Validators/SampleDataValidator.cs:line 265
- Cross-Format Consistency Validation: Error during validation: CLI invocation failed with exit code 255: 
  System.InvalidOperationException: CLI invocation failed with exit code 255: 
   at RoslynDiff.TestUtilities.Validators.SampleDataValidator.GenerateOutput(String oldFile, String newFile, String format, SampleDataValidatorOptions options) in /Users/randlee/Documents/github/roslyn-diff-worktrees/feature/sample-data-validation-tests/tests/RoslynDiff.TestUtilities/Validators/SampleDataValidator.cs:line 533
   at RoslynDiff.TestUtilities.Validators.SampleDataValidator.ValidateCrossFormatConsistency(String oldFile, String newFile, SampleDataValidatorOptions options) in /Users/randlee/Documents/github/roslyn-diff-worktrees/feature/sample-data-validation-tests/tests/RoslynDiff.TestUtilities/Validators/SampleDataValidator.cs:line 346
- Line Number Integrity Validation: Error during validation: CLI invocation failed with exit code 255: 
  System.InvalidOperationException: CLI invocation failed with exit code 255: 
   at RoslynDiff.TestUtilities.Validators.SampleDataValidator.GenerateOutput(String oldFile, String newFile, String format, SampleDataValidatorOptions options) in /Users/randlee/Documents/github/roslyn-diff-worktrees/feature/sample-data-validation-tests/tests/RoslynDiff.TestUtilities/Validators/SampleDataValidator.cs:line 533
   at RoslynDiff.TestUtilities.Validators.SampleDataValidator.ValidateLineNumberIntegrity(String oldFile, String newFile, SampleDataValidatorOptions options) in /Users/randlee/Documents/github/roslyn-diff-worktrees/feature/sample-data-validation-tests/tests/RoslynDiff.TestUtilities/Validators/SampleDataValidator.cs:line 79
- JSON Consistency Validation: Error during validation: CLI invocation failed with exit code 255: 
  System.InvalidOperationException: CLI invocation failed with exit code 255: 
   at RoslynDiff.TestUtilities.Validators.SampleDataValidator.GenerateOutput(String oldFile, String newFile, String format, SampleDataValidatorOptions options) in /Users/randlee/Documents/github/roslyn-diff-worktrees/feature/sample-data-validation-tests/tests/RoslynDiff.TestUtilities/Validators/SampleDataValidator.cs:line 533
   at RoslynDiff.TestUtilities.Validators.SampleDataValidator.ValidateJsonConsistency(String oldFile, String newFile, SampleDataValidatorOptions options) in /Users/randlee/Documents/github/roslyn-diff-worktrees/feature/sample-data-validation-tests/tests/RoslynDiff.TestUtilities/Validators/SampleDataValidator.cs:line 185
- HTML Consistency Validation: Error during validation: CLI invocation failed with exit code 255: 
  System.InvalidOperationException: CLI invocation failed with exit code 255: 
   at RoslynDiff.TestUtilities.Validators.SampleDataValidator.GenerateOutput(String oldFile, String newFile, String format, SampleDataValidatorOptions options) in /Users/randlee/Documents/github/roslyn-diff-worktrees/feature/sample-data-validation-tests/tests/RoslynDiff.TestUtilities/Validators/SampleDataValidator.cs:line 533
   at RoslynDiff.TestUtilities.Validators.SampleDataValidator.ValidateHtmlConsistency(String oldFile, String newFile, SampleDataValidatorOptions options) in /Users/randlee/Documents/github/roslyn-diff-worktrees/feature/sample-data-validation-tests/tests/RoslynDiff.TestUtilities/Validators/SampleDataValidator.cs:line 265
- Cross-Format Consistency Validation: Error during validation: CLI invocation failed with exit code 255: 
  System.InvalidOperationException: CLI invocation failed with exit code 255: 
   at RoslynDiff.TestUtilities.Validators.SampleDataValidator.GenerateOutput(String oldFile, String newFile, String format, SampleDataValidatorOptions options) in /Users/randlee/Documents/github/roslyn-diff-worktrees/feature/sample-data-validation-tests/tests/RoslynDiff.TestUtilities/Validators/SampleDataValidator.cs:line 533
   at RoslynDiff.TestUtilities.Validators.SampleDataValidator.ValidateCrossFormatConsistency(String oldFile, String newFile, SampleDataValidatorOptions options) in /Users/randlee/Documents/github/roslyn-diff-worktrees/feature/sample-data-validation-tests/tests/RoslynDiff.TestUtilities/Validators/SampleDataValidator.cs:line 346
  Stack Trace:
     at RoslynDiff.Integration.Tests.SampleValidation.SampleValidationTestBase.AssertAllPassed(IEnumerable`1 results) in /Users/randlee/Documents/github/roslyn-diff-worktrees/feature/sample-data-validation-tests/tests/RoslynDiff.Integration.Tests/SampleValidation/SampleValidationTestBase.cs:line 139
   at RoslynDiff.Integration.Tests.SampleValidation.SampleCoverageTests.Samp005_AllSamples_LineMode_ValidateAll() in /Users/randlee/Documents/github/roslyn-diff-worktrees/feature/sample-data-validation-tests/tests/RoslynDiff.Integration.Tests/SampleValidation/SampleCoverageTests.cs:line 174
   at System.Reflection.MethodBaseInvoker.InterpretedInvoke_Method(Object obj, IntPtr* args)
   at System.Reflection.RuntimeMethodInfo.Invoke(Object obj, BindingFlags invokeAttr, Binder binder, Object[] parameters, CultureInfo culture)
  Failed RoslynDiff.Integration.Tests.SampleValidation.SampleCoverageTests.Samp003_UserService_CompleteValidation [329 ms]
  Error Message:
   4 of 4 validations failed:
- Line Number Integrity Validation: Error during validation: CLI invocation failed with exit code 255: 
  System.InvalidOperationException: CLI invocation failed with exit code 255: 
   at RoslynDiff.TestUtilities.Validators.SampleDataValidator.GenerateOutput(String oldFile, String newFile, String format, SampleDataValidatorOptions options) in /Users/randlee/Documents/github/roslyn-diff-worktrees/feature/sample-data-validation-tests/tests/RoslynDiff.TestUtilities/Validators/SampleDataValidator.cs:line 533
   at RoslynDiff.TestUtilities.Validators.SampleDataValidator.ValidateLineNumberIntegrity(String oldFile, String newFile, SampleDataValidatorOptions options) in /Users/randlee/Documents/github/roslyn-diff-worktrees/feature/sample-data-validation-tests/tests/RoslynDiff.TestUtilities/Validators/SampleDataValidator.cs:line 79
- JSON Consistency Validation: Error during validation: CLI invocation failed with exit code 255: 
  System.InvalidOperationException: CLI invocation failed with exit code 255: 
   at RoslynDiff.TestUtilities.Validators.SampleDataValidator.GenerateOutput(String oldFile, String newFile, String format, SampleDataValidatorOptions options) in /Users/randlee/Documents/github/roslyn-diff-worktrees/feature/sample-data-validation-tests/tests/RoslynDiff.TestUtilities/Validators/SampleDataValidator.cs:line 533
   at RoslynDiff.TestUtilities.Validators.SampleDataValidator.ValidateJsonConsistency(String oldFile, String newFile, SampleDataValidatorOptions options) in /Users/randlee/Documents/github/roslyn-diff-worktrees/feature/sample-data-validation-tests/tests/RoslynDiff.TestUtilities/Validators/SampleDataValidator.cs:line 185
- HTML Consistency Validation: Error during validation: CLI invocation failed with exit code 255: 
  System.InvalidOperationException: CLI invocation failed with exit code 255: 
   at RoslynDiff.TestUtilities.Validators.SampleDataValidator.GenerateOutput(String oldFile, String newFile, String format, SampleDataValidatorOptions options) in /Users/randlee/Documents/github/roslyn-diff-worktrees/feature/sample-data-validation-tests/tests/RoslynDiff.TestUtilities/Validators/SampleDataValidator.cs:line 533
   at RoslynDiff.TestUtilities.Validators.SampleDataValidator.ValidateHtmlConsistency(String oldFile, String newFile, SampleDataValidatorOptions options) in /Users/randlee/Documents/github/roslyn-diff-worktrees/feature/sample-data-validation-tests/tests/RoslynDiff.TestUtilities/Validators/SampleDataValidator.cs:line 265
- Cross-Format Consistency Validation: Error during validation: CLI invocation failed with exit code 255: 
  System.InvalidOperationException: CLI invocation failed with exit code 255: 
   at RoslynDiff.TestUtilities.Validators.SampleDataValidator.GenerateOutput(String oldFile, String newFile, String format, SampleDataValidatorOptions options) in /Users/randlee/Documents/github/roslyn-diff-worktrees/feature/sample-data-validation-tests/tests/RoslynDiff.TestUtilities/Validators/SampleDataValidator.cs:line 533
   at RoslynDiff.TestUtilities.Validators.SampleDataValidator.ValidateCrossFormatConsistency(String oldFile, String newFile, SampleDataValidatorOptions options) in /Users/randlee/Documents/github/roslyn-diff-worktrees/feature/sample-data-validation-tests/tests/RoslynDiff.TestUtilities/Validators/SampleDataValidator.cs:line 346
  Stack Trace:
     at RoslynDiff.Integration.Tests.SampleValidation.SampleValidationTestBase.AssertAllPassed(IEnumerable`1 results) in /Users/randlee/Documents/github/roslyn-diff-worktrees/feature/sample-data-validation-tests/tests/RoslynDiff.Integration.Tests/SampleValidation/SampleValidationTestBase.cs:line 139
   at RoslynDiff.Integration.Tests.SampleValidation.SampleCoverageTests.Samp003_UserService_CompleteValidation() in /Users/randlee/Documents/github/roslyn-diff-worktrees/feature/sample-data-validation-tests/tests/RoslynDiff.Integration.Tests/SampleValidation/SampleCoverageTests.cs:line 101
   at System.Reflection.MethodBaseInvoker.InterpretedInvoke_Method(Object obj, IntPtr* args)
   at System.Reflection.RuntimeMethodInfo.Invoke(Object obj, BindingFlags invokeAttr, Binder binder, Object[] parameters, CultureInfo culture)

Test Run Failed.
Total tests: 5
     Passed: 1
     Failed: 4
 Total time: 2.3354 Seconds
